[1.509s] Invoking command in '/home/ningbo@netid.washington.edu/ros2_ws/src/examples/rclpy/actions/minimal_action_server': PYTHONPATH=/home/ningbo@netid.washington.edu/ros2_ws/build/examples_rclpy_minimal_action_server/prefix_override:/home/ningbo@netid.washington.edu/ros2_ws/install/examples_rclpy_minimal_action_server/lib/python3.10/site-packages:${PYTHONPATH} /usr/bin/python3 -W ignore:setup.py install is deprecated setup.py egg_info --egg-base ../../../../../build/examples_rclpy_minimal_action_server build --build-base /home/ningbo@netid.washington.edu/ros2_ws/build/examples_rclpy_minimal_action_server/build install --record /home/ningbo@netid.washington.edu/ros2_ws/build/examples_rclpy_minimal_action_server/install.log --single-version-externally-managed install_data
[1.828s] running egg_info
[1.829s] writing ../../../../../build/examples_rclpy_minimal_action_server/examples_rclpy_minimal_action_server.egg-info/PKG-INFO
[1.829s] writing dependency_links to ../../../../../build/examples_rclpy_minimal_action_server/examples_rclpy_minimal_action_server.egg-info/dependency_links.txt
[1.830s] writing entry points to ../../../../../build/examples_rclpy_minimal_action_server/examples_rclpy_minimal_action_server.egg-info/entry_points.txt
[1.830s] writing requirements to ../../../../../build/examples_rclpy_minimal_action_server/examples_rclpy_minimal_action_server.egg-info/requires.txt
[1.830s] writing top-level names to ../../../../../build/examples_rclpy_minimal_action_server/examples_rclpy_minimal_action_server.egg-info/top_level.txt
[1.833s] reading manifest file '../../../../../build/examples_rclpy_minimal_action_server/examples_rclpy_minimal_action_server.egg-info/SOURCES.txt'
[1.836s] writing manifest file '../../../../../build/examples_rclpy_minimal_action_server/examples_rclpy_minimal_action_server.egg-info/SOURCES.txt'
[1.836s] running build
[1.836s] running build_py
[1.837s] running install
[1.837s] running install_lib
[1.839s] running install_data
[1.839s] running install_egg_info
[1.841s] removing '/home/ningbo@netid.washington.edu/ros2_ws/install/examples_rclpy_minimal_action_server/lib/python3.10/site-packages/examples_rclpy_minimal_action_server-0.15.3-py3.10.egg-info' (and everything under it)
[1.842s] Copying ../../../../../build/examples_rclpy_minimal_action_server/examples_rclpy_minimal_action_server.egg-info to /home/ningbo@netid.washington.edu/ros2_ws/install/examples_rclpy_minimal_action_server/lib/python3.10/site-packages/examples_rclpy_minimal_action_server-0.15.3-py3.10.egg-info
[1.843s] running install_scripts
[1.866s] Installing server script to /home/ningbo@netid.washington.edu/ros2_ws/install/examples_rclpy_minimal_action_server/lib/examples_rclpy_minimal_action_server
[1.866s] Installing server_defer script to /home/ningbo@netid.washington.edu/ros2_ws/install/examples_rclpy_minimal_action_server/lib/examples_rclpy_minimal_action_server
[1.866s] Installing server_not_composable script to /home/ningbo@netid.washington.edu/ros2_ws/install/examples_rclpy_minimal_action_server/lib/examples_rclpy_minimal_action_server
[1.866s] Installing server_queue_goals script to /home/ningbo@netid.washington.edu/ros2_ws/install/examples_rclpy_minimal_action_server/lib/examples_rclpy_minimal_action_server
[1.866s] Installing server_single_goal script to /home/ningbo@netid.washington.edu/ros2_ws/install/examples_rclpy_minimal_action_server/lib/examples_rclpy_minimal_action_server
[1.866s] writing list of installed files to '/home/ningbo@netid.washington.edu/ros2_ws/build/examples_rclpy_minimal_action_server/install.log'
[2.718s] Invoked command in '/home/ningbo@netid.washington.edu/ros2_ws/src/examples/rclpy/actions/minimal_action_server' returned '0': PYTHONPATH=/home/ningbo@netid.washington.edu/ros2_ws/build/examples_rclpy_minimal_action_server/prefix_override:/home/ningbo@netid.washington.edu/ros2_ws/install/examples_rclpy_minimal_action_server/lib/python3.10/site-packages:${PYTHONPATH} /usr/bin/python3 -W ignore:setup.py install is deprecated setup.py egg_info --egg-base ../../../../../build/examples_rclpy_minimal_action_server build --build-base /home/ningbo@netid.washington.edu/ros2_ws/build/examples_rclpy_minimal_action_server/build install --record /home/ningbo@netid.washington.edu/ros2_ws/build/examples_rclpy_minimal_action_server/install.log --single-version-externally-managed install_data
