[1.761s] Invoking command in '/home/ningbo@netid.washington.edu/ros2_ws/build/examples_rclpy_guard_conditions': PYTHONPATH=/home/ningbo@netid.washington.edu/ros2_ws/build/examples_rclpy_guard_conditions/prefix_override:/home/ningbo@netid.washington.edu/ros2_ws/install/examples_rclpy_guard_conditions/lib/python3.10/site-packages:${PYTHONPATH} /usr/bin/python3 -W ignore:setup.py install is deprecated setup.py develop --uninstall --editable --build-directory /home/ningbo@netid.washington.edu/ros2_ws/build/examples_rclpy_guard_conditions/build
[2.448s] running develop
[2.448s] /usr/lib/python3/dist-packages/setuptools/command/easy_install.py:158: EasyInstallDeprecationWarning: easy_install command is deprecated. Use build and pip and other standards-based tools.
[2.449s]   warnings.warn(
[2.750s] Removing /home/ningbo@netid.washington.edu/ros2_ws/install/examples_rclpy_guard_conditions/lib/python3.10/site-packages/examples-rclpy-guard-conditions.egg-link (link to .)
[3.130s] Invoked command in '/home/ningbo@netid.washington.edu/ros2_ws/build/examples_rclpy_guard_conditions' returned '0': PYTHONPATH=/home/ningbo@netid.washington.edu/ros2_ws/build/examples_rclpy_guard_conditions/prefix_override:/home/ningbo@netid.washington.edu/ros2_ws/install/examples_rclpy_guard_conditions/lib/python3.10/site-packages:${PYTHONPATH} /usr/bin/python3 -W ignore:setup.py install is deprecated setup.py develop --uninstall --editable --build-directory /home/ningbo@netid.washington.edu/ros2_ws/build/examples_rclpy_guard_conditions/build
[3.131s] Invoking command in '/home/ningbo@netid.washington.edu/ros2_ws/src/examples/rclpy/guard_conditions': PYTHONPATH=/home/ningbo@netid.washington.edu/ros2_ws/build/examples_rclpy_guard_conditions/prefix_override:/home/ningbo@netid.washington.edu/ros2_ws/install/examples_rclpy_guard_conditions/lib/python3.10/site-packages:${PYTHONPATH} /usr/bin/python3 -W ignore:setup.py install is deprecated setup.py egg_info --egg-base ../../../../build/examples_rclpy_guard_conditions build --build-base /home/ningbo@netid.washington.edu/ros2_ws/build/examples_rclpy_guard_conditions/build install --record /home/ningbo@netid.washington.edu/ros2_ws/build/examples_rclpy_guard_conditions/install.log --single-version-externally-managed install_data --force
[3.753s] running egg_info
[3.753s] writing ../../../../build/examples_rclpy_guard_conditions/examples_rclpy_guard_conditions.egg-info/PKG-INFO
[3.753s] writing dependency_links to ../../../../build/examples_rclpy_guard_conditions/examples_rclpy_guard_conditions.egg-info/dependency_links.txt
[3.754s] writing entry points to ../../../../build/examples_rclpy_guard_conditions/examples_rclpy_guard_conditions.egg-info/entry_points.txt
[3.754s] writing requirements to ../../../../build/examples_rclpy_guard_conditions/examples_rclpy_guard_conditions.egg-info/requires.txt
[3.754s] writing top-level names to ../../../../build/examples_rclpy_guard_conditions/examples_rclpy_guard_conditions.egg-info/top_level.txt
[3.757s] reading manifest file '../../../../build/examples_rclpy_guard_conditions/examples_rclpy_guard_conditions.egg-info/SOURCES.txt'
[3.761s] writing manifest file '../../../../build/examples_rclpy_guard_conditions/examples_rclpy_guard_conditions.egg-info/SOURCES.txt'
[3.761s] running build
[3.761s] running build_py
[3.762s] creating /home/ningbo@netid.washington.edu/ros2_ws/build/examples_rclpy_guard_conditions/build
[3.762s] creating /home/ningbo@netid.washington.edu/ros2_ws/build/examples_rclpy_guard_conditions/build/lib
[3.762s] creating /home/ningbo@netid.washington.edu/ros2_ws/build/examples_rclpy_guard_conditions/build/lib/examples_rclpy_guard_conditions
[3.762s] copying examples_rclpy_guard_conditions/trigger_guard_condition.py -> /home/ningbo@netid.washington.edu/ros2_ws/build/examples_rclpy_guard_conditions/build/lib/examples_rclpy_guard_conditions
[3.762s] copying examples_rclpy_guard_conditions/__init__.py -> /home/ningbo@netid.washington.edu/ros2_ws/build/examples_rclpy_guard_conditions/build/lib/examples_rclpy_guard_conditions
[3.762s] running install
[3.762s] running install_lib
[3.765s] creating /home/ningbo@netid.washington.edu/ros2_ws/install/examples_rclpy_guard_conditions/lib/python3.10/site-packages/examples_rclpy_guard_conditions
[3.765s] copying /home/ningbo@netid.washington.edu/ros2_ws/build/examples_rclpy_guard_conditions/build/lib/examples_rclpy_guard_conditions/trigger_guard_condition.py -> /home/ningbo@netid.washington.edu/ros2_ws/install/examples_rclpy_guard_conditions/lib/python3.10/site-packages/examples_rclpy_guard_conditions
[3.765s] copying /home/ningbo@netid.washington.edu/ros2_ws/build/examples_rclpy_guard_conditions/build/lib/examples_rclpy_guard_conditions/__init__.py -> /home/ningbo@netid.washington.edu/ros2_ws/install/examples_rclpy_guard_conditions/lib/python3.10/site-packages/examples_rclpy_guard_conditions
[3.765s] byte-compiling /home/ningbo@netid.washington.edu/ros2_ws/install/examples_rclpy_guard_conditions/lib/python3.10/site-packages/examples_rclpy_guard_conditions/trigger_guard_condition.py to trigger_guard_condition.cpython-310.pyc
[3.766s] byte-compiling /home/ningbo@netid.washington.edu/ros2_ws/install/examples_rclpy_guard_conditions/lib/python3.10/site-packages/examples_rclpy_guard_conditions/__init__.py to __init__.cpython-310.pyc
[3.766s] running install_data
[3.766s] copying resource/examples_rclpy_guard_conditions -> /home/ningbo@netid.washington.edu/ros2_ws/install/examples_rclpy_guard_conditions/share/ament_index/resource_index/packages
[3.766s] copying package.xml -> /home/ningbo@netid.washington.edu/ros2_ws/install/examples_rclpy_guard_conditions/share/examples_rclpy_guard_conditions
[3.766s] running install_egg_info
[3.770s] Copying ../../../../build/examples_rclpy_guard_conditions/examples_rclpy_guard_conditions.egg-info to /home/ningbo@netid.washington.edu/ros2_ws/install/examples_rclpy_guard_conditions/lib/python3.10/site-packages/examples_rclpy_guard_conditions-0.15.3-py3.10.egg-info
[3.771s] running install_scripts
[3.820s] Installing trigger_guard_condition script to /home/ningbo@netid.washington.edu/ros2_ws/install/examples_rclpy_guard_conditions/lib/examples_rclpy_guard_conditions
[3.820s] writing list of installed files to '/home/ningbo@netid.washington.edu/ros2_ws/build/examples_rclpy_guard_conditions/install.log'
[4.045s] Invoked command in '/home/ningbo@netid.washington.edu/ros2_ws/src/examples/rclpy/guard_conditions' returned '0': PYTHONPATH=/home/ningbo@netid.washington.edu/ros2_ws/build/examples_rclpy_guard_conditions/prefix_override:/home/ningbo@netid.washington.edu/ros2_ws/install/examples_rclpy_guard_conditions/lib/python3.10/site-packages:${PYTHONPATH} /usr/bin/python3 -W ignore:setup.py install is deprecated setup.py egg_info --egg-base ../../../../build/examples_rclpy_guard_conditions build --build-base /home/ningbo@netid.washington.edu/ros2_ws/build/examples_rclpy_guard_conditions/build install --record /home/ningbo@netid.washington.edu/ros2_ws/build/examples_rclpy_guard_conditions/install.log --single-version-externally-managed install_data --force
