[2.873s] Invoking command in '/home/ningbo@netid.washington.edu/ros2_ws/build/examples_rclpy_guard_conditions': PYTHONPATH=/home/ningbo@netid.washington.edu/ros2_ws/build/examples_rclpy_guard_conditions/prefix_override:/home/ningbo@netid.washington.edu/ros2_ws/install/examples_rclpy_guard_conditions/lib/python3.10/site-packages:${PYTHONPATH} /usr/bin/python3 -W ignore:setup.py install is deprecated setup.py develop --editable --build-directory /home/ningbo@netid.washington.edu/ros2_ws/build/examples_rclpy_guard_conditions/build --no-deps symlink_data
[3.823s] running develop
[3.824s] /usr/lib/python3/dist-packages/setuptools/command/easy_install.py:158: EasyInstallDeprecationWarning: easy_install command is deprecated. Use build and pip and other standards-based tools.
[3.826s]   warnings.warn(
[4.418s] running egg_info
[4.418s] creating examples_rclpy_guard_conditions.egg-info
[4.419s] writing examples_rclpy_guard_conditions.egg-info/PKG-INFO
[4.419s] writing dependency_links to examples_rclpy_guard_conditions.egg-info/dependency_links.txt
[4.422s] writing entry points to examples_rclpy_guard_conditions.egg-info/entry_points.txt
[4.423s] writing requirements to examples_rclpy_guard_conditions.egg-info/requires.txt
[4.423s] writing top-level names to examples_rclpy_guard_conditions.egg-info/top_level.txt
[4.423s] writing manifest file 'examples_rclpy_guard_conditions.egg-info/SOURCES.txt'
[4.426s] reading manifest file 'examples_rclpy_guard_conditions.egg-info/SOURCES.txt'
[4.428s] writing manifest file 'examples_rclpy_guard_conditions.egg-info/SOURCES.txt'
[4.433s] running build_ext
[4.433s] Creating /home/ningbo@netid.washington.edu/ros2_ws/install/examples_rclpy_guard_conditions/lib/python3.10/site-packages/examples-rclpy-guard-conditions.egg-link (link to .)
[4.440s] Installing trigger_guard_condition script to /home/ningbo@netid.washington.edu/ros2_ws/install/examples_rclpy_guard_conditions/lib/examples_rclpy_guard_conditions
[4.440s] 
[4.440s] Installed /home/ningbo@netid.washington.edu/ros2_ws/build/examples_rclpy_guard_conditions
[4.440s] running symlink_data
[4.440s] creating /home/ningbo@netid.washington.edu/ros2_ws/install/examples_rclpy_guard_conditions/share/ament_index
[4.440s] creating /home/ningbo@netid.washington.edu/ros2_ws/install/examples_rclpy_guard_conditions/share/ament_index/resource_index
[4.441s] creating /home/ningbo@netid.washington.edu/ros2_ws/install/examples_rclpy_guard_conditions/share/ament_index/resource_index/packages
[4.441s] symbolically linking /home/ningbo@netid.washington.edu/ros2_ws/build/examples_rclpy_guard_conditions/resource/examples_rclpy_guard_conditions -> /home/ningbo@netid.washington.edu/ros2_ws/install/examples_rclpy_guard_conditions/share/ament_index/resource_index/packages
[4.441s] symbolically linking /home/ningbo@netid.washington.edu/ros2_ws/build/examples_rclpy_guard_conditions/package.xml -> /home/ningbo@netid.washington.edu/ros2_ws/install/examples_rclpy_guard_conditions/share/examples_rclpy_guard_conditions
[4.503s] Invoked command in '/home/ningbo@netid.washington.edu/ros2_ws/build/examples_rclpy_guard_conditions' returned '0': PYTHONPATH=/home/ningbo@netid.washington.edu/ros2_ws/build/examples_rclpy_guard_conditions/prefix_override:/home/ningbo@netid.washington.edu/ros2_ws/install/examples_rclpy_guard_conditions/lib/python3.10/site-packages:${PYTHONPATH} /usr/bin/python3 -W ignore:setup.py install is deprecated setup.py develop --editable --build-directory /home/ningbo@netid.washington.edu/ros2_ws/build/examples_rclpy_guard_conditions/build --no-deps symlink_data
