running egg_info
creating ../../build/t516_lab1/t516_lab1.egg-info
writing ../../build/t516_lab1/t516_lab1.egg-info/PKG-INFO
writing dependency_links to ../../build/t516_lab1/t516_lab1.egg-info/dependency_links.txt
writing entry points to ../../build/t516_lab1/t516_lab1.egg-info/entry_points.txt
writing requirements to ../../build/t516_lab1/t516_lab1.egg-info/requires.txt
writing top-level names to ../../build/t516_lab1/t516_lab1.egg-info/top_level.txt
writing manifest file '../../build/t516_lab1/t516_lab1.egg-info/SOURCES.txt'
reading manifest file '../../build/t516_lab1/t516_lab1.egg-info/SOURCES.txt'
writing manifest file '../../build/t516_lab1/t516_lab1.egg-info/SOURCES.txt'
running build
running build_py
creating /home/ningbo@netid.washington.edu/robot/my_ros2_ws/build/t516_lab1/build
creating /home/ningbo@netid.washington.edu/robot/my_ros2_ws/build/t516_lab1/build/lib
creating /home/ningbo@netid.washington.edu/robot/my_ros2_ws/build/t516_lab1/build/lib/t516_lab1
copying t516_lab1/__init__.py -> /home/ningbo@netid.washington.edu/robot/my_ros2_ws/build/t516_lab1/build/lib/t516_lab1
running install
running install_lib
creating /home/ningbo@netid.washington.edu/robot/my_ros2_ws/install/t516_lab1/lib/python3.10/site-packages/t516_lab1
copying /home/ningbo@netid.washington.edu/robot/my_ros2_ws/build/t516_lab1/build/lib/t516_lab1/__init__.py -> /home/ningbo@netid.washington.edu/robot/my_ros2_ws/install/t516_lab1/lib/python3.10/site-packages/t516_lab1
byte-compiling /home/ningbo@netid.washington.edu/robot/my_ros2_ws/install/t516_lab1/lib/python3.10/site-packages/t516_lab1/__init__.py to __init__.cpython-310.pyc
running install_data
creating /home/ningbo@netid.washington.edu/robot/my_ros2_ws/install/t516_lab1/share/ament_index
creating /home/ningbo@netid.washington.edu/robot/my_ros2_ws/install/t516_lab1/share/ament_index/resource_index
creating /home/ningbo@netid.washington.edu/robot/my_ros2_ws/install/t516_lab1/share/ament_index/resource_index/packages
copying resource/t516_lab1 -> /home/ningbo@netid.washington.edu/robot/my_ros2_ws/install/t516_lab1/share/ament_index/resource_index/packages
copying package.xml -> /home/ningbo@netid.washington.edu/robot/my_ros2_ws/install/t516_lab1/share/t516_lab1
running install_egg_info
Copying ../../build/t516_lab1/t516_lab1.egg-info to /home/ningbo@netid.washington.edu/robot/my_ros2_ws/install/t516_lab1/lib/python3.10/site-packages/t516_lab1-0.0.0-py3.10.egg-info
running install_scripts
writing list of installed files to '/home/ningbo@netid.washington.edu/robot/my_ros2_ws/build/t516_lab1/install.log'
