[0.812s] Invoking command in '/home/ningbo@netid.washington.edu/robot/my_ros2_ws/src/t516_lab1': PYTHONPATH=/home/ningbo@netid.washington.edu/robot/my_ros2_ws/build/t516_lab1/prefix_override:/home/ningbo@netid.washington.edu/robot/my_ros2_ws/install/t516_lab1/lib/python3.10/site-packages:${PYTHONPATH} /usr/bin/python3 -W ignore:setup.py install is deprecated setup.py egg_info --egg-base ../../build/t516_lab1 build --build-base /home/ningbo@netid.washington.edu/robot/my_ros2_ws/build/t516_lab1/build install --record /home/ningbo@netid.washington.edu/robot/my_ros2_ws/build/t516_lab1/install.log --single-version-externally-managed install_data
[1.154s] running egg_info
[1.154s] creating ../../build/t516_lab1/t516_lab1.egg-info
[1.155s] writing ../../build/t516_lab1/t516_lab1.egg-info/PKG-INFO
[1.155s] writing dependency_links to ../../build/t516_lab1/t516_lab1.egg-info/dependency_links.txt
[1.155s] writing entry points to ../../build/t516_lab1/t516_lab1.egg-info/entry_points.txt
[1.155s] writing requirements to ../../build/t516_lab1/t516_lab1.egg-info/requires.txt
[1.155s] writing top-level names to ../../build/t516_lab1/t516_lab1.egg-info/top_level.txt
[1.155s] writing manifest file '../../build/t516_lab1/t516_lab1.egg-info/SOURCES.txt'
[1.157s] reading manifest file '../../build/t516_lab1/t516_lab1.egg-info/SOURCES.txt'
[1.158s] writing manifest file '../../build/t516_lab1/t516_lab1.egg-info/SOURCES.txt'
[1.158s] running build
[1.158s] running build_py
[1.158s] creating /home/ningbo@netid.washington.edu/robot/my_ros2_ws/build/t516_lab1/build
[1.158s] creating /home/ningbo@netid.washington.edu/robot/my_ros2_ws/build/t516_lab1/build/lib
[1.158s] creating /home/ningbo@netid.washington.edu/robot/my_ros2_ws/build/t516_lab1/build/lib/t516_lab1
[1.159s] copying t516_lab1/__init__.py -> /home/ningbo@netid.washington.edu/robot/my_ros2_ws/build/t516_lab1/build/lib/t516_lab1
[1.159s] running install
[1.160s] running install_lib
[1.160s] creating /home/ningbo@netid.washington.edu/robot/my_ros2_ws/install/t516_lab1/lib/python3.10/site-packages/t516_lab1
[1.161s] copying /home/ningbo@netid.washington.edu/robot/my_ros2_ws/build/t516_lab1/build/lib/t516_lab1/__init__.py -> /home/ningbo@netid.washington.edu/robot/my_ros2_ws/install/t516_lab1/lib/python3.10/site-packages/t516_lab1
[1.161s] byte-compiling /home/ningbo@netid.washington.edu/robot/my_ros2_ws/install/t516_lab1/lib/python3.10/site-packages/t516_lab1/__init__.py to __init__.cpython-310.pyc
[1.161s] running install_data
[1.162s] creating /home/ningbo@netid.washington.edu/robot/my_ros2_ws/install/t516_lab1/share/ament_index
[1.162s] creating /home/ningbo@netid.washington.edu/robot/my_ros2_ws/install/t516_lab1/share/ament_index/resource_index
[1.162s] creating /home/ningbo@netid.washington.edu/robot/my_ros2_ws/install/t516_lab1/share/ament_index/resource_index/packages
[1.162s] copying resource/t516_lab1 -> /home/ningbo@netid.washington.edu/robot/my_ros2_ws/install/t516_lab1/share/ament_index/resource_index/packages
[1.162s] copying package.xml -> /home/ningbo@netid.washington.edu/robot/my_ros2_ws/install/t516_lab1/share/t516_lab1
[1.162s] running install_egg_info
[1.165s] Copying ../../build/t516_lab1/t516_lab1.egg-info to /home/ningbo@netid.washington.edu/robot/my_ros2_ws/install/t516_lab1/lib/python3.10/site-packages/t516_lab1-0.0.0-py3.10.egg-info
[1.166s] running install_scripts
[1.191s] writing list of installed files to '/home/ningbo@netid.washington.edu/robot/my_ros2_ws/build/t516_lab1/install.log'
[1.225s] Invoked command in '/home/ningbo@netid.washington.edu/robot/my_ros2_ws/src/t516_lab1' returned '0': PYTHONPATH=/home/ningbo@netid.washington.edu/robot/my_ros2_ws/build/t516_lab1/prefix_override:/home/ningbo@netid.washington.edu/robot/my_ros2_ws/install/t516_lab1/lib/python3.10/site-packages:${PYTHONPATH} /usr/bin/python3 -W ignore:setup.py install is deprecated setup.py egg_info --egg-base ../../build/t516_lab1 build --build-base /home/ningbo@netid.washington.edu/robot/my_ros2_ws/build/t516_lab1/build install --record /home/ningbo@netid.washington.edu/robot/my_ros2_ws/build/t516_lab1/install.log --single-version-externally-managed install_data
