[0.685s] Invoking command in '/home/ningbo@netid.washington.edu/ros2_ws/build/turtlesim': CMAKE_PREFIX_PATH=${CMAKE_PREFIX_PATH}:/home/ningbo@netid.washington.edu/ros2_ws/install/launch_testing_examples:/home/ningbo@netid.washington.edu/ros2_ws/install/examples_rclpy_pointcloud_publisher:/home/ningbo@netid.washington.edu/ros2_ws/install/examples_rclpy_minimal_subscriber:/home/ningbo@netid.washington.edu/ros2_ws/install/examples_rclpy_minimal_service:/home/ningbo@netid.washington.edu/ros2_ws/install/examples_rclpy_minimal_publisher:/home/ningbo@netid.washington.edu/ros2_ws/install/examples_rclpy_minimal_client:/home/ningbo@netid.washington.edu/ros2_ws/install/examples_rclpy_minimal_action_server:/home/ningbo@netid.washington.edu/ros2_ws/install/examples_rclpy_minimal_action_client:/home/ningbo@netid.washington.edu/ros2_ws/install/examples_rclpy_guard_conditions:/home/ningbo@netid.washington.edu/ros2_ws/install/examples_rclpy_executors:/opt/ros/humble /usr/bin/cmake /home/ningbo@netid.washington.edu/ros2_ws/src/ros_tutorials/turtlesim -DCMAKE_INSTALL_PREFIX=/home/ningbo@netid.washington.edu/ros2_ws/install/turtlesim
[0.780s] -- The C compiler identification is GNU 11.4.0
[0.889s] -- The CXX compiler identification is GNU 11.4.0
[0.903s] -- Detecting C compiler ABI info
[1.029s] -- Detecting C compiler ABI info - done
[1.050s] -- Check for working C compiler: /usr/bin/cc - skipped
[1.051s] -- Detecting C compile features
[1.052s] -- Detecting C compile features - done
[1.058s] -- Detecting CXX compiler ABI info
[1.206s] -- Detecting CXX compiler ABI info - done
[1.228s] -- Check for working CXX compiler: /usr/bin/c++ - skipped
[1.230s] -- Detecting CXX compile features
[1.231s] -- Detecting CXX compile features - done
[1.242s] -- Found ament_cmake: 1.3.9 (/opt/ros/humble/share/ament_cmake/cmake)
[1.581s] -- Found Python3: /usr/bin/python3 (found version "3.10.12") found components: Interpreter 
[1.737s] -- Found ament_index_cpp: 1.4.0 (/opt/ros/humble/share/ament_index_cpp/cmake)
[1.749s] -- Found geometry_msgs: 4.2.4 (/opt/ros/humble/share/geometry_msgs/cmake)
[1.824s] -- Found rosidl_generator_c: 3.1.5 (/opt/ros/humble/share/rosidl_generator_c/cmake)
[1.836s] -- Found rosidl_adapter: 3.1.5 (/opt/ros/humble/share/rosidl_adapter/cmake)
[1.852s] -- Found rosidl_generator_cpp: 3.1.5 (/opt/ros/humble/share/rosidl_generator_cpp/cmake)
[1.875s] -- Using all available rosidl_typesupport_c: rosidl_typesupport_fastrtps_c;rosidl_typesupport_introspection_c
[1.907s] -- Using all available rosidl_typesupport_cpp: rosidl_typesupport_fastrtps_cpp;rosidl_typesupport_introspection_cpp
[2.096s] -- Found rclcpp: 16.0.9 (/opt/ros/humble/share/rclcpp/cmake)
[2.187s] -- Found rmw_implementation_cmake: 6.1.2 (/opt/ros/humble/share/rmw_implementation_cmake/cmake)
[2.193s] -- Found rmw_fastrtps_cpp: 6.2.6 (/opt/ros/humble/share/rmw_fastrtps_cpp/cmake)
[2.315s] -- Found OpenSSL: /usr/lib/x86_64-linux-gnu/libcrypto.so (found version "3.0.2")  
[2.349s] -- Found FastRTPS: /opt/ros/humble/include  
[2.406s] -- Using RMW implementation 'rmw_fastrtps_cpp' as default
[2.426s] -- Looking for pthread.h
[2.499s] -- Looking for pthread.h - found
[2.499s] -- Performing Test CMAKE_HAVE_LIBC_PTHREAD
[2.562s] -- Performing Test CMAKE_HAVE_LIBC_PTHREAD - Success
[2.563s] -- Found Threads: TRUE  
[2.686s] -- Found rclcpp_action: 16.0.9 (/opt/ros/humble/share/rclcpp_action/cmake)
[2.786s] -- Found rosidl_default_generators: 1.2.0 (/opt/ros/humble/share/rosidl_default_generators/cmake)
[2.803s] -- Found std_srvs: 4.2.4 (/opt/ros/humble/share/std_srvs/cmake)
[3.124s] -- Found ament_cmake_ros: 0.10.0 (/opt/ros/humble/share/ament_cmake_ros/cmake)
[3.455s] -- Using all available rosidl_typesupport_c: rosidl_typesupport_fastrtps_c;rosidl_typesupport_introspection_c
[3.581s] -- Using all available rosidl_typesupport_cpp: rosidl_typesupport_fastrtps_cpp;rosidl_typesupport_introspection_cpp
[3.606s] -- Found PythonInterp: /usr/bin/python3 (found suitable version "3.10.12", minimum required is "3.6") 
[3.610s] -- Found python_cmake_module: 0.10.0 (/opt/ros/humble/share/python_cmake_module/cmake)
[3.639s] -- Found PythonLibs: /usr/lib/x86_64-linux-gnu/libpython3.10.so (found suitable version "3.10.12", minimum required is "3.5") 
[3.640s] -- Using PYTHON_EXECUTABLE: /usr/bin/python3
[3.640s] -- Using PYTHON_INCLUDE_DIRS: /usr/include/python3.10
[3.640s] -- Using PYTHON_LIBRARIES: /usr/lib/x86_64-linux-gnu/libpython3.10.so
[3.663s] -- Found PythonExtra: .so  
[3.735s] -- Configuring done
[3.790s] -- Generating done
[3.793s] -- Build files have been written to: /home/ningbo@netid.washington.edu/ros2_ws/build/turtlesim
[3.805s] Invoked command in '/home/ningbo@netid.washington.edu/ros2_ws/build/turtlesim' returned '0': CMAKE_PREFIX_PATH=${CMAKE_PREFIX_PATH}:/home/ningbo@netid.washington.edu/ros2_ws/install/launch_testing_examples:/home/ningbo@netid.washington.edu/ros2_ws/install/examples_rclpy_pointcloud_publisher:/home/ningbo@netid.washington.edu/ros2_ws/install/examples_rclpy_minimal_subscriber:/home/ningbo@netid.washington.edu/ros2_ws/install/examples_rclpy_minimal_service:/home/ningbo@netid.washington.edu/ros2_ws/install/examples_rclpy_minimal_publisher:/home/ningbo@netid.washington.edu/ros2_ws/install/examples_rclpy_minimal_client:/home/ningbo@netid.washington.edu/ros2_ws/install/examples_rclpy_minimal_action_server:/home/ningbo@netid.washington.edu/ros2_ws/install/examples_rclpy_minimal_action_client:/home/ningbo@netid.washington.edu/ros2_ws/install/examples_rclpy_guard_conditions:/home/ningbo@netid.washington.edu/ros2_ws/install/examples_rclpy_executors:/opt/ros/humble /usr/bin/cmake /home/ningbo@netid.washington.edu/ros2_ws/src/ros_tutorials/turtlesim -DCMAKE_INSTALL_PREFIX=/home/ningbo@netid.washington.edu/ros2_ws/install/turtlesim
[3.805s] Invoking command in '/home/ningbo@netid.washington.edu/ros2_ws/build/turtlesim': CMAKE_PREFIX_PATH=${CMAKE_PREFIX_PATH}:/home/ningbo@netid.washington.edu/ros2_ws/install/launch_testing_examples:/home/ningbo@netid.washington.edu/ros2_ws/install/examples_rclpy_pointcloud_publisher:/home/ningbo@netid.washington.edu/ros2_ws/install/examples_rclpy_minimal_subscriber:/home/ningbo@netid.washington.edu/ros2_ws/install/examples_rclpy_minimal_service:/home/ningbo@netid.washington.edu/ros2_ws/install/examples_rclpy_minimal_publisher:/home/ningbo@netid.washington.edu/ros2_ws/install/examples_rclpy_minimal_client:/home/ningbo@netid.washington.edu/ros2_ws/install/examples_rclpy_minimal_action_server:/home/ningbo@netid.washington.edu/ros2_ws/install/examples_rclpy_minimal_action_client:/home/ningbo@netid.washington.edu/ros2_ws/install/examples_rclpy_guard_conditions:/home/ningbo@netid.washington.edu/ros2_ws/install/examples_rclpy_executors:/opt/ros/humble /usr/bin/cmake --build /home/ningbo@netid.washington.edu/ros2_ws/build/turtlesim -- -j8 -l8
[3.841s] [  1%] [34m[1mGenerating C code for ROS interfaces[0m
[3.852s] [  2%] [34m[1mGenerating C++ code for ROS interfaces[0m
[3.860s] [  2%] Built target ament_cmake_python_copy_turtlesim
[4.159s] running egg_info
[4.159s] creating turtlesim.egg-info
[4.159s] writing turtlesim.egg-info/PKG-INFO
[4.160s] writing dependency_links to turtlesim.egg-info/dependency_links.txt
[4.160s] writing top-level names to turtlesim.egg-info/top_level.txt
[4.160s] writing manifest file 'turtlesim.egg-info/SOURCES.txt'
[4.162s] reading manifest file 'turtlesim.egg-info/SOURCES.txt'
[4.163s] writing manifest file 'turtlesim.egg-info/SOURCES.txt'
[4.188s] [  2%] Built target ament_cmake_python_build_turtlesim_egg
[4.788s] [  2%] Built target turtlesim__cpp
[4.804s] [  3%] [34m[1mGenerating C++ type support dispatch for ROS interfaces[0m
[4.805s] [  4%] [34m[1mGenerating C++ type support for eProsima Fast-RTPS[0m
[4.812s] [  5%] [34m[1mGenerating C++ introspection for ROS interfaces[0m
[4.893s] [  6%] [32mBuilding C object CMakeFiles/turtlesim__rosidl_generator_c.dir/rosidl_generator_c/turtlesim/action/detail/rotate_absolute__functions.c.o[0m
[4.893s] [  7%] [32mBuilding C object CMakeFiles/turtlesim__rosidl_generator_c.dir/rosidl_generator_c/turtlesim/msg/detail/color__functions.c.o[0m
[4.893s] [  8%] [32mBuilding C object CMakeFiles/turtlesim__rosidl_generator_c.dir/rosidl_generator_c/turtlesim/msg/detail/pose__functions.c.o[0m
[4.894s] [  9%] [32mBuilding C object CMakeFiles/turtlesim__rosidl_generator_c.dir/rosidl_generator_c/turtlesim/srv/detail/kill__functions.c.o[0m
[4.894s] [ 10%] [32mBuilding C object CMakeFiles/turtlesim__rosidl_generator_c.dir/rosidl_generator_c/turtlesim/srv/detail/set_pen__functions.c.o[0m
[4.987s] [ 11%] [32mBuilding C object CMakeFiles/turtlesim__rosidl_generator_c.dir/rosidl_generator_c/turtlesim/srv/detail/spawn__functions.c.o[0m
[4.993s] [ 12%] [32mBuilding C object CMakeFiles/turtlesim__rosidl_generator_c.dir/rosidl_generator_c/turtlesim/srv/detail/teleport_absolute__functions.c.o[0m
[5.006s] [ 13%] [32mBuilding C object CMakeFiles/turtlesim__rosidl_generator_c.dir/rosidl_generator_c/turtlesim/srv/detail/teleport_relative__functions.c.o[0m
[5.123s] [ 14%] [32m[1mLinking C shared library libturtlesim__rosidl_generator_c.so[0m
[5.168s] [ 14%] Built target turtlesim__rosidl_generator_c
[5.181s] [ 15%] [34m[1mGenerating C type support for eProsima Fast-RTPS[0m
[5.184s] [ 17%] [34m[1mGenerating C introspection for ROS interfaces[0m
[5.184s] [ 17%] [34m[1mGenerating C type support dispatch for ROS interfaces[0m
[5.837s] [ 19%] [32mBuilding CXX object CMakeFiles/turtlesim__rosidl_typesupport_introspection_cpp.dir/rosidl_typesupport_introspection_cpp/turtlesim/msg/detail/color__type_support.cpp.o[0m
[5.838s] [ 19%] [32mBuilding CXX object CMakeFiles/turtlesim__rosidl_typesupport_introspection_cpp.dir/rosidl_typesupport_introspection_cpp/turtlesim/action/detail/rotate_absolute__type_support.cpp.o[0m
[5.838s] [ 20%] [32mBuilding CXX object CMakeFiles/turtlesim__rosidl_typesupport_introspection_cpp.dir/rosidl_typesupport_introspection_cpp/turtlesim/msg/detail/pose__type_support.cpp.o[0m
[6.014s] [ 21%] [32mBuilding CXX object CMakeFiles/turtlesim__rosidl_typesupport_cpp.dir/rosidl_typesupport_cpp/turtlesim/action/rotate_absolute__type_support.cpp.o[0m
[6.350s] [ 22%] [32mBuilding CXX object CMakeFiles/turtlesim__rosidl_typesupport_fastrtps_cpp.dir/rosidl_typesupport_fastrtps_cpp/turtlesim/action/detail/dds_fastrtps/rotate_absolute__type_support.cpp.o[0m
[6.540s] [ 23%] [32mBuilding CXX object CMakeFiles/turtlesim__rosidl_typesupport_c.dir/rosidl_typesupport_c/turtlesim/action/rotate_absolute__type_support.cpp.o[0m
[6.591s] [ 24%] [32mBuilding CXX object CMakeFiles/turtlesim__rosidl_typesupport_c.dir/rosidl_typesupport_c/turtlesim/msg/color__type_support.cpp.o[0m
[6.602s] [ 25%] [32mBuilding CXX object CMakeFiles/turtlesim__rosidl_typesupport_c.dir/rosidl_typesupport_c/turtlesim/msg/pose__type_support.cpp.o[0m
[6.637s] [ 26%] [32mBuilding CXX object CMakeFiles/turtlesim__rosidl_typesupport_c.dir/rosidl_typesupport_c/turtlesim/srv/kill__type_support.cpp.o[0m
[6.650s] [ 27%] [32mBuilding CXX object CMakeFiles/turtlesim__rosidl_typesupport_c.dir/rosidl_typesupport_c/turtlesim/srv/set_pen__type_support.cpp.o[0m
[6.661s] [ 28%] [32mBuilding CXX object CMakeFiles/turtlesim__rosidl_typesupport_fastrtps_cpp.dir/rosidl_typesupport_fastrtps_cpp/turtlesim/msg/detail/dds_fastrtps/color__type_support.cpp.o[0m
[6.710s] [ 29%] [32mBuilding CXX object CMakeFiles/turtlesim__rosidl_typesupport_fastrtps_cpp.dir/rosidl_typesupport_fastrtps_cpp/turtlesim/msg/detail/dds_fastrtps/pose__type_support.cpp.o[0m
[6.712s] [ 30%] [32mBuilding CXX object CMakeFiles/turtlesim__rosidl_typesupport_c.dir/rosidl_typesupport_c/turtlesim/srv/spawn__type_support.cpp.o[0m
[6.771s] [ 31%] [32mBuilding CXX object CMakeFiles/turtlesim__rosidl_typesupport_c.dir/rosidl_typesupport_c/turtlesim/srv/teleport_absolute__type_support.cpp.o[0m
[6.830s] [ 32%] [32mBuilding CXX object CMakeFiles/turtlesim__rosidl_typesupport_c.dir/rosidl_typesupport_c/turtlesim/srv/teleport_relative__type_support.cpp.o[0m
[6.889s] [ 33%] [32m[1mLinking CXX shared library libturtlesim__rosidl_typesupport_c.so[0m
[6.925s] [ 34%] [32mBuilding CXX object CMakeFiles/turtlesim__rosidl_typesupport_cpp.dir/rosidl_typesupport_cpp/turtlesim/msg/color__type_support.cpp.o[0m
[6.969s] [ 34%] Built target turtlesim__rosidl_typesupport_c
[6.986s] [ 35%] [32mBuilding CXX object CMakeFiles/turtlesim__rosidl_typesupport_cpp.dir/rosidl_typesupport_cpp/turtlesim/msg/pose__type_support.cpp.o[0m
[7.028s] [ 36%] [32mBuilding C object CMakeFiles/turtlesim__rosidl_typesupport_introspection_c.dir/rosidl_typesupport_introspection_c/turtlesim/action/detail/rotate_absolute__type_support.c.o[0m
[7.055s] [ 37%] [32mBuilding CXX object CMakeFiles/turtlesim__rosidl_typesupport_introspection_cpp.dir/rosidl_typesupport_introspection_cpp/turtlesim/srv/detail/kill__type_support.cpp.o[0m
[7.125s] [ 38%] [32mBuilding C object CMakeFiles/turtlesim__rosidl_typesupport_introspection_c.dir/rosidl_typesupport_introspection_c/turtlesim/msg/detail/color__type_support.c.o[0m
[7.194s] [ 39%] [32mBuilding C object CMakeFiles/turtlesim__rosidl_typesupport_introspection_c.dir/rosidl_typesupport_introspection_c/turtlesim/msg/detail/pose__type_support.c.o[0m
[7.227s] [ 40%] [32mBuilding CXX object CMakeFiles/turtlesim__rosidl_typesupport_fastrtps_c.dir/rosidl_typesupport_fastrtps_c/turtlesim/action/detail/rotate_absolute__type_support_c.cpp.o[0m
[7.259s] [ 41%] [32mBuilding C object CMakeFiles/turtlesim__rosidl_typesupport_introspection_c.dir/rosidl_typesupport_introspection_c/turtlesim/srv/detail/kill__type_support.c.o[0m
[7.333s] [ 42%] [32mBuilding C object CMakeFiles/turtlesim__rosidl_typesupport_introspection_c.dir/rosidl_typesupport_introspection_c/turtlesim/srv/detail/set_pen__type_support.c.o[0m
[7.403s] [ 43%] [32mBuilding C object CMakeFiles/turtlesim__rosidl_typesupport_introspection_c.dir/rosidl_typesupport_introspection_c/turtlesim/srv/detail/spawn__type_support.c.o[0m
[7.434s] [ 44%] [32mBuilding CXX object CMakeFiles/turtlesim__rosidl_typesupport_fastrtps_c.dir/rosidl_typesupport_fastrtps_c/turtlesim/msg/detail/color__type_support_c.cpp.o[0m
[7.453s] [ 45%] [32mBuilding CXX object CMakeFiles/turtlesim__rosidl_typesupport_fastrtps_c.dir/rosidl_typesupport_fastrtps_c/turtlesim/msg/detail/pose__type_support_c.cpp.o[0m
[7.475s] [ 46%] [32mBuilding C object CMakeFiles/turtlesim__rosidl_typesupport_introspection_c.dir/rosidl_typesupport_introspection_c/turtlesim/srv/detail/teleport_absolute__type_support.c.o[0m
[7.487s] [ 47%] [32mBuilding CXX object CMakeFiles/turtlesim__rosidl_typesupport_fastrtps_c.dir/rosidl_typesupport_fastrtps_c/turtlesim/srv/detail/kill__type_support_c.cpp.o[0m
[7.491s] [ 48%] [32mBuilding CXX object CMakeFiles/turtlesim__rosidl_typesupport_fastrtps_cpp.dir/rosidl_typesupport_fastrtps_cpp/turtlesim/srv/detail/dds_fastrtps/kill__type_support.cpp.o[0m
[7.541s] [ 49%] [32mBuilding CXX object CMakeFiles/turtlesim__rosidl_typesupport_cpp.dir/rosidl_typesupport_cpp/turtlesim/srv/kill__type_support.cpp.o[0m
[7.551s] [ 50%] [32mBuilding C object CMakeFiles/turtlesim__rosidl_typesupport_introspection_c.dir/rosidl_typesupport_introspection_c/turtlesim/srv/detail/teleport_relative__type_support.c.o[0m
[7.626s] [ 51%] [32m[1mLinking C shared library libturtlesim__rosidl_typesupport_introspection_c.so[0m
[7.688s] [ 51%] Built target turtlesim__rosidl_typesupport_introspection_c
[7.704s] [ 52%] [32mBuilding CXX object CMakeFiles/turtlesim__rosidl_typesupport_introspection_cpp.dir/rosidl_typesupport_introspection_cpp/turtlesim/srv/detail/set_pen__type_support.cpp.o[0m
[7.849s] [ 53%] [32mBuilding CXX object CMakeFiles/turtlesim__rosidl_typesupport_fastrtps_c.dir/rosidl_typesupport_fastrtps_c/turtlesim/srv/detail/set_pen__type_support_c.cpp.o[0m
[8.002s] [ 54%] [32mBuilding CXX object CMakeFiles/turtlesim__rosidl_typesupport_introspection_cpp.dir/rosidl_typesupport_introspection_cpp/turtlesim/srv/detail/spawn__type_support.cpp.o[0m
[8.075s] [ 55%] [32mBuilding CXX object CMakeFiles/turtlesim__rosidl_typesupport_cpp.dir/rosidl_typesupport_cpp/turtlesim/srv/set_pen__type_support.cpp.o[0m
[8.096s] [ 56%] [32mBuilding CXX object CMakeFiles/turtlesim__rosidl_typesupport_cpp.dir/rosidl_typesupport_cpp/turtlesim/srv/spawn__type_support.cpp.o[0m
[8.121s] [ 57%] [32mBuilding CXX object CMakeFiles/turtlesim__rosidl_typesupport_fastrtps_cpp.dir/rosidl_typesupport_fastrtps_cpp/turtlesim/srv/detail/dds_fastrtps/set_pen__type_support.cpp.o[0m
[8.205s] [ 58%] [32mBuilding CXX object CMakeFiles/turtlesim__rosidl_typesupport_introspection_cpp.dir/rosidl_typesupport_introspection_cpp/turtlesim/srv/detail/teleport_absolute__type_support.cpp.o[0m
[8.330s] [ 59%] [32mBuilding CXX object CMakeFiles/turtlesim__rosidl_typesupport_cpp.dir/rosidl_typesupport_cpp/turtlesim/srv/teleport_absolute__type_support.cpp.o[0m
[8.545s] [ 60%] [32mBuilding CXX object CMakeFiles/turtlesim__rosidl_typesupport_fastrtps_c.dir/rosidl_typesupport_fastrtps_c/turtlesim/srv/detail/spawn__type_support_c.cpp.o[0m
[8.592s] [ 61%] [32mBuilding CXX object CMakeFiles/turtlesim__rosidl_typesupport_fastrtps_cpp.dir/rosidl_typesupport_fastrtps_cpp/turtlesim/srv/detail/dds_fastrtps/spawn__type_support.cpp.o[0m
[8.616s] [ 62%] [32mBuilding CXX object CMakeFiles/turtlesim__rosidl_typesupport_fastrtps_c.dir/rosidl_typesupport_fastrtps_c/turtlesim/srv/detail/teleport_absolute__type_support_c.cpp.o[0m
[8.642s] [ 63%] [32mBuilding CXX object CMakeFiles/turtlesim__rosidl_typesupport_introspection_cpp.dir/rosidl_typesupport_introspection_cpp/turtlesim/srv/detail/teleport_relative__type_support.cpp.o[0m
[8.784s] [ 64%] [32mBuilding CXX object CMakeFiles/turtlesim__rosidl_typesupport_fastrtps_cpp.dir/rosidl_typesupport_fastrtps_cpp/turtlesim/srv/detail/dds_fastrtps/teleport_absolute__type_support.cpp.o[0m
[8.862s] [ 65%] [32mBuilding CXX object CMakeFiles/turtlesim__rosidl_typesupport_cpp.dir/rosidl_typesupport_cpp/turtlesim/srv/teleport_relative__type_support.cpp.o[0m
[8.949s] [ 66%] [32mBuilding CXX object CMakeFiles/turtlesim__rosidl_typesupport_fastrtps_c.dir/rosidl_typesupport_fastrtps_c/turtlesim/srv/detail/teleport_relative__type_support_c.cpp.o[0m
[8.979s] [ 67%] [32mBuilding CXX object CMakeFiles/turtlesim__rosidl_typesupport_fastrtps_cpp.dir/rosidl_typesupport_fastrtps_cpp/turtlesim/srv/detail/dds_fastrtps/teleport_relative__type_support.cpp.o[0m
[9.370s] [ 68%] [32m[1mLinking CXX shared library libturtlesim__rosidl_typesupport_introspection_cpp.so[0m
[9.394s] [ 69%] [32m[1mLinking CXX shared library libturtlesim__rosidl_typesupport_cpp.so[0m
[9.444s] [ 69%] Built target turtlesim__rosidl_typesupport_cpp
[9.463s] [ 70%] [34m[1mGenerating include/turtlesim/moc_turtle_frame.cpp[0m
[9.479s] [ 71%] [32mBuilding CXX object CMakeFiles/turtle_teleop_key.dir/tutorials/teleop_turtle_key.cpp.o[0m
[9.480s] [ 72%] [32mBuilding CXX object CMakeFiles/mimic.dir/tutorials/mimic.cpp.o[0m
[9.480s] [ 73%] [32mBuilding CXX object CMakeFiles/draw_square.dir/tutorials/draw_square.cpp.o[0m
[9.517s] [ 73%] Built target turtlesim__rosidl_typesupport_introspection_cpp
[9.573s] [ 74%] [32m[1mLinking CXX shared library libturtlesim__rosidl_typesupport_fastrtps_c.so[0m
[9.633s] [ 76%] [32mBuilding CXX object CMakeFiles/turtlesim_node.dir/src/turtle.cpp.o[0m
[9.633s] [ 76%] [32mBuilding CXX object CMakeFiles/turtlesim_node.dir/src/turtlesim.cpp.o[0m
[9.633s] [ 77%] [32mBuilding CXX object CMakeFiles/turtlesim_node.dir/src/turtle_frame.cpp.o[0m
[9.633s] [ 78%] [32m[1mLinking CXX shared library libturtlesim__rosidl_typesupport_fastrtps_cpp.so[0m
[9.699s] [ 78%] Built target turtlesim__rosidl_typesupport_fastrtps_c
[9.716s] [ 79%] [32mBuilding CXX object CMakeFiles/turtlesim_node.dir/include/turtlesim/moc_turtle_frame.cpp.o[0m
[9.788s] [ 79%] Built target turtlesim__rosidl_typesupport_fastrtps_cpp
[9.838s] [ 79%] Built target turtlesim
[9.872s] [ 80%] [34m[1mGenerating Python code for ROS interfaces[0m
[14.212s] [ 80%] Built target turtlesim__py
[14.248s] [ 81%] [32mBuilding C object CMakeFiles/turtlesim__rosidl_generator_py.dir/rosidl_generator_py/turtlesim/action/_rotate_absolute_s.c.o[0m
[14.570s] [ 82%] [32mBuilding C object CMakeFiles/turtlesim__rosidl_generator_py.dir/rosidl_generator_py/turtlesim/msg/_color_s.c.o[0m
[14.777s] [ 83%] [32mBuilding C object CMakeFiles/turtlesim__rosidl_generator_py.dir/rosidl_generator_py/turtlesim/msg/_pose_s.c.o[0m
[14.996s] [ 84%] [32mBuilding C object CMakeFiles/turtlesim__rosidl_generator_py.dir/rosidl_generator_py/turtlesim/srv/_kill_s.c.o[0m
[15.212s] [ 85%] [32mBuilding C object CMakeFiles/turtlesim__rosidl_generator_py.dir/rosidl_generator_py/turtlesim/srv/_set_pen_s.c.o[0m
[15.437s] [ 86%] [32mBuilding C object CMakeFiles/turtlesim__rosidl_generator_py.dir/rosidl_generator_py/turtlesim/srv/_spawn_s.c.o[0m
[15.665s] [ 87%] [32mBuilding C object CMakeFiles/turtlesim__rosidl_generator_py.dir/rosidl_generator_py/turtlesim/srv/_teleport_absolute_s.c.o[0m
[15.884s] [ 88%] [32mBuilding C object CMakeFiles/turtlesim__rosidl_generator_py.dir/rosidl_generator_py/turtlesim/srv/_teleport_relative_s.c.o[0m
[16.095s] [ 89%] [32m[1mLinking C shared library rosidl_generator_py/turtlesim/libturtlesim__rosidl_generator_py.so[0m
[16.170s] [ 89%] Built target turtlesim__rosidl_generator_py
[16.208s] [ 90%] [32mBuilding C object CMakeFiles/turtlesim__rosidl_typesupport_fastrtps_c__pyext.dir/rosidl_generator_py/turtlesim/_turtlesim_s.ep.rosidl_typesupport_fastrtps_c.c.o[0m
[16.518s] [ 91%] [32m[1mLinking C shared library rosidl_generator_py/turtlesim/turtlesim_s__rosidl_typesupport_fastrtps_c.cpython-310-x86_64-linux-gnu.so[0m
[16.589s] [ 91%] Built target turtlesim__rosidl_typesupport_fastrtps_c__pyext
[16.630s] [ 92%] [32mBuilding C object CMakeFiles/turtlesim__rosidl_typesupport_introspection_c__pyext.dir/rosidl_generator_py/turtlesim/_turtlesim_s.ep.rosidl_typesupport_introspection_c.c.o[0m
[16.964s] [ 93%] [32m[1mLinking C shared library rosidl_generator_py/turtlesim/turtlesim_s__rosidl_typesupport_introspection_c.cpython-310-x86_64-linux-gnu.so[0m
[17.039s] [ 93%] Built target turtlesim__rosidl_typesupport_introspection_c__pyext
[17.070s] [ 94%] [32mBuilding C object CMakeFiles/turtlesim__rosidl_typesupport_c__pyext.dir/rosidl_generator_py/turtlesim/_turtlesim_s.ep.rosidl_typesupport_c.c.o[0m
[17.392s] [ 95%] [32m[1mLinking C shared library rosidl_generator_py/turtlesim/turtlesim_s__rosidl_typesupport_c.cpython-310-x86_64-linux-gnu.so[0m
[17.464s] [ 95%] Built target turtlesim__rosidl_typesupport_c__pyext
[19.553s] [ 96%] [32m[1mLinking CXX executable turtle_teleop_key[0m
[19.869s] [ 96%] Built target turtle_teleop_key
[24.091s] [ 97%] [32m[1mLinking CXX executable mimic[0m
[24.696s] [ 97%] Built target mimic
[24.798s] [ 98%] [32m[1mLinking CXX executable draw_square[0m
[25.408s] [ 98%] Built target draw_square
[27.982s] [100%] [32m[1mLinking CXX executable turtlesim_node[0m
[30.328s] [100%] Built target turtlesim_node
[30.392s] Invoked command in '/home/ningbo@netid.washington.edu/ros2_ws/build/turtlesim' returned '0': CMAKE_PREFIX_PATH=${CMAKE_PREFIX_PATH}:/home/ningbo@netid.washington.edu/ros2_ws/install/launch_testing_examples:/home/ningbo@netid.washington.edu/ros2_ws/install/examples_rclpy_pointcloud_publisher:/home/ningbo@netid.washington.edu/ros2_ws/install/examples_rclpy_minimal_subscriber:/home/ningbo@netid.washington.edu/ros2_ws/install/examples_rclpy_minimal_service:/home/ningbo@netid.washington.edu/ros2_ws/install/examples_rclpy_minimal_publisher:/home/ningbo@netid.washington.edu/ros2_ws/install/examples_rclpy_minimal_client:/home/ningbo@netid.washington.edu/ros2_ws/install/examples_rclpy_minimal_action_server:/home/ningbo@netid.washington.edu/ros2_ws/install/examples_rclpy_minimal_action_client:/home/ningbo@netid.washington.edu/ros2_ws/install/examples_rclpy_guard_conditions:/home/ningbo@netid.washington.edu/ros2_ws/install/examples_rclpy_executors:/opt/ros/humble /usr/bin/cmake --build /home/ningbo@netid.washington.edu/ros2_ws/build/turtlesim -- -j8 -l8
[30.639s] Invoking command in '/home/ningbo@netid.washington.edu/ros2_ws/build/turtlesim': CMAKE_PREFIX_PATH=${CMAKE_PREFIX_PATH}:/home/ningbo@netid.washington.edu/ros2_ws/install/launch_testing_examples:/home/ningbo@netid.washington.edu/ros2_ws/install/examples_rclpy_pointcloud_publisher:/home/ningbo@netid.washington.edu/ros2_ws/install/examples_rclpy_minimal_subscriber:/home/ningbo@netid.washington.edu/ros2_ws/install/examples_rclpy_minimal_service:/home/ningbo@netid.washington.edu/ros2_ws/install/examples_rclpy_minimal_publisher:/home/ningbo@netid.washington.edu/ros2_ws/install/examples_rclpy_minimal_client:/home/ningbo@netid.washington.edu/ros2_ws/install/examples_rclpy_minimal_action_server:/home/ningbo@netid.washington.edu/ros2_ws/install/examples_rclpy_minimal_action_client:/home/ningbo@netid.washington.edu/ros2_ws/install/examples_rclpy_guard_conditions:/home/ningbo@netid.washington.edu/ros2_ws/install/examples_rclpy_executors:/opt/ros/humble /usr/bin/cmake --install /home/ningbo@netid.washington.edu/ros2_ws/build/turtlesim
[30.647s] -- Install configuration: ""
[30.647s] -- Installing: /home/ningbo@netid.washington.edu/ros2_ws/install/turtlesim/share/ament_index/resource_index/rosidl_interfaces/turtlesim
[30.647s] -- Installing: /home/ningbo@netid.washington.edu/ros2_ws/install/turtlesim/include/turtlesim/turtlesim
[30.647s] -- Installing: /home/ningbo@netid.washington.edu/ros2_ws/install/turtlesim/include/turtlesim/turtlesim/srv
[30.648s] -- Installing: /home/ningbo@netid.washington.edu/ros2_ws/install/turtlesim/include/turtlesim/turtlesim/srv/spawn.h
[30.648s] -- Installing: /home/ningbo@netid.washington.edu/ros2_ws/install/turtlesim/include/turtlesim/turtlesim/srv/set_pen.h
[30.648s] -- Installing: /home/ningbo@netid.washington.edu/ros2_ws/install/turtlesim/include/turtlesim/turtlesim/srv/detail
[30.648s] -- Installing: /home/ningbo@netid.washington.edu/ros2_ws/install/turtlesim/include/turtlesim/turtlesim/srv/detail/spawn__functions.h
[30.648s] -- Installing: /home/ningbo@netid.washington.edu/ros2_ws/install/turtlesim/include/turtlesim/turtlesim/srv/detail/spawn__struct.h
[30.648s] -- Installing: /home/ningbo@netid.washington.edu/ros2_ws/install/turtlesim/include/turtlesim/turtlesim/srv/detail/set_pen__type_support.h
[30.648s] -- Installing: /home/ningbo@netid.washington.edu/ros2_ws/install/turtlesim/include/turtlesim/turtlesim/srv/detail/set_pen__functions.h
[30.648s] -- Installing: /home/ningbo@netid.washington.edu/ros2_ws/install/turtlesim/include/turtlesim/turtlesim/srv/detail/kill__struct.h
[30.648s] -- Installing: /home/ningbo@netid.washington.edu/ros2_ws/install/turtlesim/include/turtlesim/turtlesim/srv/detail/teleport_relative__type_support.h
[30.648s] -- Installing: /home/ningbo@netid.washington.edu/ros2_ws/install/turtlesim/include/turtlesim/turtlesim/srv/detail/teleport_absolute__functions.c
[30.648s] -- Installing: /home/ningbo@netid.washington.edu/ros2_ws/install/turtlesim/include/turtlesim/turtlesim/srv/detail/teleport_relative__functions.h
[30.649s] -- Installing: /home/ningbo@netid.washington.edu/ros2_ws/install/turtlesim/include/turtlesim/turtlesim/srv/detail/kill__functions.c
[30.649s] -- Installing: /home/ningbo@netid.washington.edu/ros2_ws/install/turtlesim/include/turtlesim/turtlesim/srv/detail/teleport_relative__functions.c
[30.649s] -- Installing: /home/ningbo@netid.washington.edu/ros2_ws/install/turtlesim/include/turtlesim/turtlesim/srv/detail/teleport_absolute__functions.h
[30.649s] -- Installing: /home/ningbo@netid.washington.edu/ros2_ws/install/turtlesim/include/turtlesim/turtlesim/srv/detail/spawn__functions.c
[30.649s] -- Installing: /home/ningbo@netid.washington.edu/ros2_ws/install/turtlesim/include/turtlesim/turtlesim/srv/detail/set_pen__struct.h
[30.649s] -- Installing: /home/ningbo@netid.washington.edu/ros2_ws/install/turtlesim/include/turtlesim/turtlesim/srv/detail/kill__functions.h
[30.649s] -- Installing: /home/ningbo@netid.washington.edu/ros2_ws/install/turtlesim/include/turtlesim/turtlesim/srv/detail/teleport_relative__struct.h
[30.649s] -- Installing: /home/ningbo@netid.washington.edu/ros2_ws/install/turtlesim/include/turtlesim/turtlesim/srv/detail/spawn__type_support.h
[30.650s] -- Installing: /home/ningbo@netid.washington.edu/ros2_ws/install/turtlesim/include/turtlesim/turtlesim/srv/detail/teleport_absolute__type_support.h
[30.650s] -- Installing: /home/ningbo@netid.washington.edu/ros2_ws/install/turtlesim/include/turtlesim/turtlesim/srv/detail/kill__type_support.h
[30.650s] -- Installing: /home/ningbo@netid.washington.edu/ros2_ws/install/turtlesim/include/turtlesim/turtlesim/srv/detail/teleport_absolute__struct.h
[30.650s] -- Installing: /home/ningbo@netid.washington.edu/ros2_ws/install/turtlesim/include/turtlesim/turtlesim/srv/detail/set_pen__functions.c
[30.650s] -- Installing: /home/ningbo@netid.washington.edu/ros2_ws/install/turtlesim/include/turtlesim/turtlesim/srv/teleport_absolute.h
[30.650s] -- Installing: /home/ningbo@netid.washington.edu/ros2_ws/install/turtlesim/include/turtlesim/turtlesim/srv/kill.h
[30.650s] -- Installing: /home/ningbo@netid.washington.edu/ros2_ws/install/turtlesim/include/turtlesim/turtlesim/srv/teleport_relative.h
[30.650s] -- Installing: /home/ningbo@netid.washington.edu/ros2_ws/install/turtlesim/include/turtlesim/turtlesim/msg
[30.651s] -- Installing: /home/ningbo@netid.washington.edu/ros2_ws/install/turtlesim/include/turtlesim/turtlesim/msg/rosidl_generator_c__visibility_control.h
[30.651s] -- Installing: /home/ningbo@netid.washington.edu/ros2_ws/install/turtlesim/include/turtlesim/turtlesim/msg/color.h
[30.651s] -- Installing: /home/ningbo@netid.washington.edu/ros2_ws/install/turtlesim/include/turtlesim/turtlesim/msg/detail
[30.651s] -- Installing: /home/ningbo@netid.washington.edu/ros2_ws/install/turtlesim/include/turtlesim/turtlesim/msg/detail/color__functions.c
[30.651s] -- Installing: /home/ningbo@netid.washington.edu/ros2_ws/install/turtlesim/include/turtlesim/turtlesim/msg/detail/color__struct.h
[30.651s] -- Installing: /home/ningbo@netid.washington.edu/ros2_ws/install/turtlesim/include/turtlesim/turtlesim/msg/detail/pose__functions.h
[30.651s] -- Installing: /home/ningbo@netid.washington.edu/ros2_ws/install/turtlesim/include/turtlesim/turtlesim/msg/detail/pose__struct.h
[30.651s] -- Installing: /home/ningbo@netid.washington.edu/ros2_ws/install/turtlesim/include/turtlesim/turtlesim/msg/detail/pose__type_support.h
[30.651s] -- Installing: /home/ningbo@netid.washington.edu/ros2_ws/install/turtlesim/include/turtlesim/turtlesim/msg/detail/pose__functions.c
[30.651s] -- Installing: /home/ningbo@netid.washington.edu/ros2_ws/install/turtlesim/include/turtlesim/turtlesim/msg/detail/color__type_support.h
[30.652s] -- Installing: /home/ningbo@netid.washington.edu/ros2_ws/install/turtlesim/include/turtlesim/turtlesim/msg/detail/color__functions.h
[30.652s] -- Installing: /home/ningbo@netid.washington.edu/ros2_ws/install/turtlesim/include/turtlesim/turtlesim/msg/pose.h
[30.652s] -- Installing: /home/ningbo@netid.washington.edu/ros2_ws/install/turtlesim/include/turtlesim/turtlesim/action
[30.652s] -- Installing: /home/ningbo@netid.washington.edu/ros2_ws/install/turtlesim/include/turtlesim/turtlesim/action/rotate_absolute.h
[30.652s] -- Installing: /home/ningbo@netid.washington.edu/ros2_ws/install/turtlesim/include/turtlesim/turtlesim/action/detail
[30.652s] -- Installing: /home/ningbo@netid.washington.edu/ros2_ws/install/turtlesim/include/turtlesim/turtlesim/action/detail/rotate_absolute__type_support.h
[30.652s] -- Installing: /home/ningbo@netid.washington.edu/ros2_ws/install/turtlesim/include/turtlesim/turtlesim/action/detail/rotate_absolute__struct.h
[30.652s] -- Installing: /home/ningbo@netid.washington.edu/ros2_ws/install/turtlesim/include/turtlesim/turtlesim/action/detail/rotate_absolute__functions.h
[30.652s] -- Installing: /home/ningbo@netid.washington.edu/ros2_ws/install/turtlesim/include/turtlesim/turtlesim/action/detail/rotate_absolute__functions.c
[30.653s] -- Installing: /home/ningbo@netid.washington.edu/ros2_ws/install/turtlesim/share/turtlesim/environment/library_path.sh
[30.653s] -- Installing: /home/ningbo@netid.washington.edu/ros2_ws/install/turtlesim/share/turtlesim/environment/library_path.dsv
[30.653s] -- Installing: /home/ningbo@netid.washington.edu/ros2_ws/install/turtlesim/lib/libturtlesim__rosidl_generator_c.so
[30.654s] -- Set runtime path of "/home/ningbo@netid.washington.edu/ros2_ws/install/turtlesim/lib/libturtlesim__rosidl_generator_c.so" to ""
[30.654s] -- Up-to-date: /home/ningbo@netid.washington.edu/ros2_ws/install/turtlesim/include/turtlesim/turtlesim
[30.654s] -- Up-to-date: /home/ningbo@netid.washington.edu/ros2_ws/install/turtlesim/include/turtlesim/turtlesim/srv
[30.654s] -- Up-to-date: /home/ningbo@netid.washington.edu/ros2_ws/install/turtlesim/include/turtlesim/turtlesim/srv/detail
[30.654s] -- Installing: /home/ningbo@netid.washington.edu/ros2_ws/install/turtlesim/include/turtlesim/turtlesim/srv/detail/teleport_absolute__rosidl_typesupport_fastrtps_c.h
[30.654s] -- Installing: /home/ningbo@netid.washington.edu/ros2_ws/install/turtlesim/include/turtlesim/turtlesim/srv/detail/kill__rosidl_typesupport_fastrtps_c.h
[30.654s] -- Installing: /home/ningbo@netid.washington.edu/ros2_ws/install/turtlesim/include/turtlesim/turtlesim/srv/detail/teleport_relative__rosidl_typesupport_fastrtps_c.h
[30.654s] -- Installing: /home/ningbo@netid.washington.edu/ros2_ws/install/turtlesim/include/turtlesim/turtlesim/srv/detail/spawn__rosidl_typesupport_fastrtps_c.h
[30.654s] -- Installing: /home/ningbo@netid.washington.edu/ros2_ws/install/turtlesim/include/turtlesim/turtlesim/srv/detail/set_pen__rosidl_typesupport_fastrtps_c.h
[30.654s] -- Up-to-date: /home/ningbo@netid.washington.edu/ros2_ws/install/turtlesim/include/turtlesim/turtlesim/msg
[30.654s] -- Up-to-date: /home/ningbo@netid.washington.edu/ros2_ws/install/turtlesim/include/turtlesim/turtlesim/msg/detail
[30.655s] -- Installing: /home/ningbo@netid.washington.edu/ros2_ws/install/turtlesim/include/turtlesim/turtlesim/msg/detail/color__rosidl_typesupport_fastrtps_c.h
[30.655s] -- Installing: /home/ningbo@netid.washington.edu/ros2_ws/install/turtlesim/include/turtlesim/turtlesim/msg/detail/pose__rosidl_typesupport_fastrtps_c.h
[30.655s] -- Installing: /home/ningbo@netid.washington.edu/ros2_ws/install/turtlesim/include/turtlesim/turtlesim/msg/rosidl_typesupport_fastrtps_c__visibility_control.h
[30.655s] -- Up-to-date: /home/ningbo@netid.washington.edu/ros2_ws/install/turtlesim/include/turtlesim/turtlesim/action
[30.655s] -- Up-to-date: /home/ningbo@netid.washington.edu/ros2_ws/install/turtlesim/include/turtlesim/turtlesim/action/detail
[30.655s] -- Installing: /home/ningbo@netid.washington.edu/ros2_ws/install/turtlesim/include/turtlesim/turtlesim/action/detail/rotate_absolute__rosidl_typesupport_fastrtps_c.h
[30.655s] -- Installing: /home/ningbo@netid.washington.edu/ros2_ws/install/turtlesim/lib/libturtlesim__rosidl_typesupport_fastrtps_c.so
[30.655s] -- Set runtime path of "/home/ningbo@netid.washington.edu/ros2_ws/install/turtlesim/lib/libturtlesim__rosidl_typesupport_fastrtps_c.so" to ""
[30.656s] -- Up-to-date: /home/ningbo@netid.washington.edu/ros2_ws/install/turtlesim/include/turtlesim/turtlesim
[30.656s] -- Up-to-date: /home/ningbo@netid.washington.edu/ros2_ws/install/turtlesim/include/turtlesim/turtlesim/srv
[30.656s] -- Installing: /home/ningbo@netid.washington.edu/ros2_ws/install/turtlesim/include/turtlesim/turtlesim/srv/spawn.hpp
[30.656s] -- Up-to-date: /home/ningbo@netid.washington.edu/ros2_ws/install/turtlesim/include/turtlesim/turtlesim/srv/detail
[30.656s] -- Installing: /home/ningbo@netid.washington.edu/ros2_ws/install/turtlesim/include/turtlesim/turtlesim/srv/detail/set_pen__struct.hpp
[30.656s] -- Installing: /home/ningbo@netid.washington.edu/ros2_ws/install/turtlesim/include/turtlesim/turtlesim/srv/detail/kill__struct.hpp
[30.656s] -- Installing: /home/ningbo@netid.washington.edu/ros2_ws/install/turtlesim/include/turtlesim/turtlesim/srv/detail/kill__builder.hpp
[30.656s] -- Installing: /home/ningbo@netid.washington.edu/ros2_ws/install/turtlesim/include/turtlesim/turtlesim/srv/detail/teleport_relative__traits.hpp
[30.656s] -- Installing: /home/ningbo@netid.washington.edu/ros2_ws/install/turtlesim/include/turtlesim/turtlesim/srv/detail/teleport_relative__struct.hpp
[30.656s] -- Installing: /home/ningbo@netid.washington.edu/ros2_ws/install/turtlesim/include/turtlesim/turtlesim/srv/detail/set_pen__builder.hpp
[30.656s] -- Installing: /home/ningbo@netid.washington.edu/ros2_ws/install/turtlesim/include/turtlesim/turtlesim/srv/detail/teleport_absolute__traits.hpp
[30.657s] -- Installing: /home/ningbo@netid.washington.edu/ros2_ws/install/turtlesim/include/turtlesim/turtlesim/srv/detail/set_pen__traits.hpp
[30.657s] -- Installing: /home/ningbo@netid.washington.edu/ros2_ws/install/turtlesim/include/turtlesim/turtlesim/srv/detail/kill__traits.hpp
[30.657s] -- Installing: /home/ningbo@netid.washington.edu/ros2_ws/install/turtlesim/include/turtlesim/turtlesim/srv/detail/spawn__traits.hpp
[30.657s] -- Installing: /home/ningbo@netid.washington.edu/ros2_ws/install/turtlesim/include/turtlesim/turtlesim/srv/detail/spawn__struct.hpp
[30.657s] -- Installing: /home/ningbo@netid.washington.edu/ros2_ws/install/turtlesim/include/turtlesim/turtlesim/srv/detail/teleport_absolute__builder.hpp
[30.657s] -- Installing: /home/ningbo@netid.washington.edu/ros2_ws/install/turtlesim/include/turtlesim/turtlesim/srv/detail/teleport_absolute__struct.hpp
[30.657s] -- Installing: /home/ningbo@netid.washington.edu/ros2_ws/install/turtlesim/include/turtlesim/turtlesim/srv/detail/spawn__builder.hpp
[30.657s] -- Installing: /home/ningbo@netid.washington.edu/ros2_ws/install/turtlesim/include/turtlesim/turtlesim/srv/detail/teleport_relative__builder.hpp
[30.658s] -- Installing: /home/ningbo@netid.washington.edu/ros2_ws/install/turtlesim/include/turtlesim/turtlesim/srv/set_pen.hpp
[30.658s] -- Installing: /home/ningbo@netid.washington.edu/ros2_ws/install/turtlesim/include/turtlesim/turtlesim/srv/teleport_absolute.hpp
[30.658s] -- Installing: /home/ningbo@netid.washington.edu/ros2_ws/install/turtlesim/include/turtlesim/turtlesim/srv/teleport_relative.hpp
[30.658s] -- Installing: /home/ningbo@netid.washington.edu/ros2_ws/install/turtlesim/include/turtlesim/turtlesim/srv/kill.hpp
[30.658s] -- Up-to-date: /home/ningbo@netid.washington.edu/ros2_ws/install/turtlesim/include/turtlesim/turtlesim/msg
[30.658s] -- Up-to-date: /home/ningbo@netid.washington.edu/ros2_ws/install/turtlesim/include/turtlesim/turtlesim/msg/detail
[30.658s] -- Installing: /home/ningbo@netid.washington.edu/ros2_ws/install/turtlesim/include/turtlesim/turtlesim/msg/detail/color__traits.hpp
[30.658s] -- Installing: /home/ningbo@netid.washington.edu/ros2_ws/install/turtlesim/include/turtlesim/turtlesim/msg/detail/pose__traits.hpp
[30.658s] -- Installing: /home/ningbo@netid.washington.edu/ros2_ws/install/turtlesim/include/turtlesim/turtlesim/msg/detail/color__struct.hpp
[30.658s] -- Installing: /home/ningbo@netid.washington.edu/ros2_ws/install/turtlesim/include/turtlesim/turtlesim/msg/detail/color__builder.hpp
[30.658s] -- Installing: /home/ningbo@netid.washington.edu/ros2_ws/install/turtlesim/include/turtlesim/turtlesim/msg/detail/pose__struct.hpp
[30.659s] -- Installing: /home/ningbo@netid.washington.edu/ros2_ws/install/turtlesim/include/turtlesim/turtlesim/msg/detail/pose__builder.hpp
[30.659s] -- Installing: /home/ningbo@netid.washington.edu/ros2_ws/install/turtlesim/include/turtlesim/turtlesim/msg/color.hpp
[30.659s] -- Installing: /home/ningbo@netid.washington.edu/ros2_ws/install/turtlesim/include/turtlesim/turtlesim/msg/pose.hpp
[30.659s] -- Up-to-date: /home/ningbo@netid.washington.edu/ros2_ws/install/turtlesim/include/turtlesim/turtlesim/action
[30.659s] -- Installing: /home/ningbo@netid.washington.edu/ros2_ws/install/turtlesim/include/turtlesim/turtlesim/action/rotate_absolute.hpp
[30.659s] -- Up-to-date: /home/ningbo@netid.washington.edu/ros2_ws/install/turtlesim/include/turtlesim/turtlesim/action/detail
[30.659s] -- Installing: /home/ningbo@netid.washington.edu/ros2_ws/install/turtlesim/include/turtlesim/turtlesim/action/detail/rotate_absolute__builder.hpp
[30.659s] -- Installing: /home/ningbo@netid.washington.edu/ros2_ws/install/turtlesim/include/turtlesim/turtlesim/action/detail/rotate_absolute__traits.hpp
[30.659s] -- Installing: /home/ningbo@netid.washington.edu/ros2_ws/install/turtlesim/include/turtlesim/turtlesim/action/detail/rotate_absolute__struct.hpp
[30.659s] -- Up-to-date: /home/ningbo@netid.washington.edu/ros2_ws/install/turtlesim/include/turtlesim/turtlesim
[30.660s] -- Up-to-date: /home/ningbo@netid.washington.edu/ros2_ws/install/turtlesim/include/turtlesim/turtlesim/srv
[30.660s] -- Up-to-date: /home/ningbo@netid.washington.edu/ros2_ws/install/turtlesim/include/turtlesim/turtlesim/srv/detail
[30.660s] -- Installing: /home/ningbo@netid.washington.edu/ros2_ws/install/turtlesim/include/turtlesim/turtlesim/srv/detail/set_pen__rosidl_typesupport_fastrtps_cpp.hpp
[30.660s] -- Installing: /home/ningbo@netid.washington.edu/ros2_ws/install/turtlesim/include/turtlesim/turtlesim/srv/detail/kill__rosidl_typesupport_fastrtps_cpp.hpp
[30.660s] -- Installing: /home/ningbo@netid.washington.edu/ros2_ws/install/turtlesim/include/turtlesim/turtlesim/srv/detail/teleport_relative__rosidl_typesupport_fastrtps_cpp.hpp
[30.660s] -- Installing: /home/ningbo@netid.washington.edu/ros2_ws/install/turtlesim/include/turtlesim/turtlesim/srv/detail/teleport_absolute__rosidl_typesupport_fastrtps_cpp.hpp
[30.660s] -- Installing: /home/ningbo@netid.washington.edu/ros2_ws/install/turtlesim/include/turtlesim/turtlesim/srv/detail/dds_fastrtps
[30.660s] -- Installing: /home/ningbo@netid.washington.edu/ros2_ws/install/turtlesim/include/turtlesim/turtlesim/srv/detail/spawn__rosidl_typesupport_fastrtps_cpp.hpp
[30.660s] -- Up-to-date: /home/ningbo@netid.washington.edu/ros2_ws/install/turtlesim/include/turtlesim/turtlesim/msg
[30.660s] -- Up-to-date: /home/ningbo@netid.washington.edu/ros2_ws/install/turtlesim/include/turtlesim/turtlesim/msg/detail
[30.660s] -- Installing: /home/ningbo@netid.washington.edu/ros2_ws/install/turtlesim/include/turtlesim/turtlesim/msg/detail/dds_fastrtps
[30.660s] -- Installing: /home/ningbo@netid.washington.edu/ros2_ws/install/turtlesim/include/turtlesim/turtlesim/msg/detail/pose__rosidl_typesupport_fastrtps_cpp.hpp
[30.660s] -- Installing: /home/ningbo@netid.washington.edu/ros2_ws/install/turtlesim/include/turtlesim/turtlesim/msg/detail/color__rosidl_typesupport_fastrtps_cpp.hpp
[30.661s] -- Installing: /home/ningbo@netid.washington.edu/ros2_ws/install/turtlesim/include/turtlesim/turtlesim/msg/rosidl_typesupport_fastrtps_cpp__visibility_control.h
[30.661s] -- Up-to-date: /home/ningbo@netid.washington.edu/ros2_ws/install/turtlesim/include/turtlesim/turtlesim/action
[30.661s] -- Up-to-date: /home/ningbo@netid.washington.edu/ros2_ws/install/turtlesim/include/turtlesim/turtlesim/action/detail
[30.661s] -- Installing: /home/ningbo@netid.washington.edu/ros2_ws/install/turtlesim/include/turtlesim/turtlesim/action/detail/dds_fastrtps
[30.661s] -- Installing: /home/ningbo@netid.washington.edu/ros2_ws/install/turtlesim/include/turtlesim/turtlesim/action/detail/rotate_absolute__rosidl_typesupport_fastrtps_cpp.hpp
[30.661s] -- Installing: /home/ningbo@netid.washington.edu/ros2_ws/install/turtlesim/lib/libturtlesim__rosidl_typesupport_fastrtps_cpp.so
[30.661s] -- Set runtime path of "/home/ningbo@netid.washington.edu/ros2_ws/install/turtlesim/lib/libturtlesim__rosidl_typesupport_fastrtps_cpp.so" to ""
[30.661s] -- Up-to-date: /home/ningbo@netid.washington.edu/ros2_ws/install/turtlesim/include/turtlesim/turtlesim
[30.661s] -- Up-to-date: /home/ningbo@netid.washington.edu/ros2_ws/install/turtlesim/include/turtlesim/turtlesim/srv
[30.661s] -- Up-to-date: /home/ningbo@netid.washington.edu/ros2_ws/install/turtlesim/include/turtlesim/turtlesim/srv/detail
[30.661s] -- Installing: /home/ningbo@netid.washington.edu/ros2_ws/install/turtlesim/include/turtlesim/turtlesim/srv/detail/set_pen__type_support.c
[30.661s] -- Installing: /home/ningbo@netid.washington.edu/ros2_ws/install/turtlesim/include/turtlesim/turtlesim/srv/detail/set_pen__rosidl_typesupport_introspection_c.h
[30.662s] -- Installing: /home/ningbo@netid.washington.edu/ros2_ws/install/turtlesim/include/turtlesim/turtlesim/srv/detail/teleport_relative__type_support.c
[30.662s] -- Installing: /home/ningbo@netid.washington.edu/ros2_ws/install/turtlesim/include/turtlesim/turtlesim/srv/detail/kill__type_support.c
[30.662s] -- Installing: /home/ningbo@netid.washington.edu/ros2_ws/install/turtlesim/include/turtlesim/turtlesim/srv/detail/teleport_relative__rosidl_typesupport_introspection_c.h
[30.662s] -- Installing: /home/ningbo@netid.washington.edu/ros2_ws/install/turtlesim/include/turtlesim/turtlesim/srv/detail/teleport_absolute__type_support.c
[30.662s] -- Installing: /home/ningbo@netid.washington.edu/ros2_ws/install/turtlesim/include/turtlesim/turtlesim/srv/detail/teleport_absolute__rosidl_typesupport_introspection_c.h
[30.662s] -- Installing: /home/ningbo@netid.washington.edu/ros2_ws/install/turtlesim/include/turtlesim/turtlesim/srv/detail/kill__rosidl_typesupport_introspection_c.h
[30.662s] -- Installing: /home/ningbo@netid.washington.edu/ros2_ws/install/turtlesim/include/turtlesim/turtlesim/srv/detail/spawn__type_support.c
[30.662s] -- Installing: /home/ningbo@netid.washington.edu/ros2_ws/install/turtlesim/include/turtlesim/turtlesim/srv/detail/spawn__rosidl_typesupport_introspection_c.h
[30.662s] -- Up-to-date: /home/ningbo@netid.washington.edu/ros2_ws/install/turtlesim/include/turtlesim/turtlesim/msg
[30.662s] -- Up-to-date: /home/ningbo@netid.washington.edu/ros2_ws/install/turtlesim/include/turtlesim/turtlesim/msg/detail
[30.662s] -- Installing: /home/ningbo@netid.washington.edu/ros2_ws/install/turtlesim/include/turtlesim/turtlesim/msg/detail/pose__type_support.c
[30.663s] -- Installing: /home/ningbo@netid.washington.edu/ros2_ws/install/turtlesim/include/turtlesim/turtlesim/msg/detail/color__rosidl_typesupport_introspection_c.h
[30.663s] -- Installing: /home/ningbo@netid.washington.edu/ros2_ws/install/turtlesim/include/turtlesim/turtlesim/msg/detail/pose__rosidl_typesupport_introspection_c.h
[30.663s] -- Installing: /home/ningbo@netid.washington.edu/ros2_ws/install/turtlesim/include/turtlesim/turtlesim/msg/detail/color__type_support.c
[30.663s] -- Installing: /home/ningbo@netid.washington.edu/ros2_ws/install/turtlesim/include/turtlesim/turtlesim/msg/rosidl_typesupport_introspection_c__visibility_control.h
[30.663s] -- Up-to-date: /home/ningbo@netid.washington.edu/ros2_ws/install/turtlesim/include/turtlesim/turtlesim/action
[30.663s] -- Up-to-date: /home/ningbo@netid.washington.edu/ros2_ws/install/turtlesim/include/turtlesim/turtlesim/action/detail
[30.663s] -- Installing: /home/ningbo@netid.washington.edu/ros2_ws/install/turtlesim/include/turtlesim/turtlesim/action/detail/rotate_absolute__type_support.c
[30.663s] -- Installing: /home/ningbo@netid.washington.edu/ros2_ws/install/turtlesim/include/turtlesim/turtlesim/action/detail/rotate_absolute__rosidl_typesupport_introspection_c.h
[30.663s] -- Installing: /home/ningbo@netid.washington.edu/ros2_ws/install/turtlesim/lib/libturtlesim__rosidl_typesupport_introspection_c.so
[30.664s] -- Set runtime path of "/home/ningbo@netid.washington.edu/ros2_ws/install/turtlesim/lib/libturtlesim__rosidl_typesupport_introspection_c.so" to ""
[30.664s] -- Installing: /home/ningbo@netid.washington.edu/ros2_ws/install/turtlesim/lib/libturtlesim__rosidl_typesupport_c.so
[30.664s] -- Set runtime path of "/home/ningbo@netid.washington.edu/ros2_ws/install/turtlesim/lib/libturtlesim__rosidl_typesupport_c.so" to ""
[30.664s] -- Up-to-date: /home/ningbo@netid.washington.edu/ros2_ws/install/turtlesim/include/turtlesim/turtlesim
[30.664s] -- Up-to-date: /home/ningbo@netid.washington.edu/ros2_ws/install/turtlesim/include/turtlesim/turtlesim/srv
[30.664s] -- Up-to-date: /home/ningbo@netid.washington.edu/ros2_ws/install/turtlesim/include/turtlesim/turtlesim/srv/detail
[30.664s] -- Installing: /home/ningbo@netid.washington.edu/ros2_ws/install/turtlesim/include/turtlesim/turtlesim/srv/detail/kill__rosidl_typesupport_introspection_cpp.hpp
[30.665s] -- Installing: /home/ningbo@netid.washington.edu/ros2_ws/install/turtlesim/include/turtlesim/turtlesim/srv/detail/set_pen__type_support.cpp
[30.665s] -- Installing: /home/ningbo@netid.washington.edu/ros2_ws/install/turtlesim/include/turtlesim/turtlesim/srv/detail/teleport_absolute__type_support.cpp
[30.665s] -- Installing: /home/ningbo@netid.washington.edu/ros2_ws/install/turtlesim/include/turtlesim/turtlesim/srv/detail/spawn__rosidl_typesupport_introspection_cpp.hpp
[30.665s] -- Installing: /home/ningbo@netid.washington.edu/ros2_ws/install/turtlesim/include/turtlesim/turtlesim/srv/detail/teleport_relative__type_support.cpp
[30.665s] -- Installing: /home/ningbo@netid.washington.edu/ros2_ws/install/turtlesim/include/turtlesim/turtlesim/srv/detail/kill__type_support.cpp
[30.665s] -- Installing: /home/ningbo@netid.washington.edu/ros2_ws/install/turtlesim/include/turtlesim/turtlesim/srv/detail/teleport_absolute__rosidl_typesupport_introspection_cpp.hpp
[30.665s] -- Installing: /home/ningbo@netid.washington.edu/ros2_ws/install/turtlesim/include/turtlesim/turtlesim/srv/detail/teleport_relative__rosidl_typesupport_introspection_cpp.hpp
[30.665s] -- Installing: /home/ningbo@netid.washington.edu/ros2_ws/install/turtlesim/include/turtlesim/turtlesim/srv/detail/set_pen__rosidl_typesupport_introspection_cpp.hpp
[30.665s] -- Installing: /home/ningbo@netid.washington.edu/ros2_ws/install/turtlesim/include/turtlesim/turtlesim/srv/detail/spawn__type_support.cpp
[30.665s] -- Up-to-date: /home/ningbo@netid.washington.edu/ros2_ws/install/turtlesim/include/turtlesim/turtlesim/msg
[30.665s] -- Up-to-date: /home/ningbo@netid.washington.edu/ros2_ws/install/turtlesim/include/turtlesim/turtlesim/msg/detail
[30.665s] -- Installing: /home/ningbo@netid.washington.edu/ros2_ws/install/turtlesim/include/turtlesim/turtlesim/msg/detail/color__rosidl_typesupport_introspection_cpp.hpp
[30.665s] -- Installing: /home/ningbo@netid.washington.edu/ros2_ws/install/turtlesim/include/turtlesim/turtlesim/msg/detail/pose__type_support.cpp
[30.665s] -- Installing: /home/ningbo@netid.washington.edu/ros2_ws/install/turtlesim/include/turtlesim/turtlesim/msg/detail/pose__rosidl_typesupport_introspection_cpp.hpp
[30.666s] -- Installing: /home/ningbo@netid.washington.edu/ros2_ws/install/turtlesim/include/turtlesim/turtlesim/msg/detail/color__type_support.cpp
[30.666s] -- Up-to-date: /home/ningbo@netid.washington.edu/ros2_ws/install/turtlesim/include/turtlesim/turtlesim/action
[30.666s] -- Up-to-date: /home/ningbo@netid.washington.edu/ros2_ws/install/turtlesim/include/turtlesim/turtlesim/action/detail
[30.666s] -- Installing: /home/ningbo@netid.washington.edu/ros2_ws/install/turtlesim/include/turtlesim/turtlesim/action/detail/rotate_absolute__rosidl_typesupport_introspection_cpp.hpp
[30.666s] -- Installing: /home/ningbo@netid.washington.edu/ros2_ws/install/turtlesim/include/turtlesim/turtlesim/action/detail/rotate_absolute__type_support.cpp
[30.666s] -- Installing: /home/ningbo@netid.washington.edu/ros2_ws/install/turtlesim/lib/libturtlesim__rosidl_typesupport_introspection_cpp.so
[30.666s] -- Set runtime path of "/home/ningbo@netid.washington.edu/ros2_ws/install/turtlesim/lib/libturtlesim__rosidl_typesupport_introspection_cpp.so" to ""
[30.666s] -- Installing: /home/ningbo@netid.washington.edu/ros2_ws/install/turtlesim/lib/libturtlesim__rosidl_typesupport_cpp.so
[30.667s] -- Set runtime path of "/home/ningbo@netid.washington.edu/ros2_ws/install/turtlesim/lib/libturtlesim__rosidl_typesupport_cpp.so" to ""
[30.667s] -- Installing: /home/ningbo@netid.washington.edu/ros2_ws/install/turtlesim/share/turtlesim/environment/pythonpath.sh
[30.667s] -- Installing: /home/ningbo@netid.washington.edu/ros2_ws/install/turtlesim/share/turtlesim/environment/pythonpath.dsv
[30.667s] -- Installing: /home/ningbo@netid.washington.edu/ros2_ws/install/turtlesim/local/lib/python3.10/dist-packages/turtlesim-1.4.2-py3.10.egg-info
[30.667s] -- Installing: /home/ningbo@netid.washington.edu/ros2_ws/install/turtlesim/local/lib/python3.10/dist-packages/turtlesim-1.4.2-py3.10.egg-info/SOURCES.txt
[30.667s] -- Installing: /home/ningbo@netid.washington.edu/ros2_ws/install/turtlesim/local/lib/python3.10/dist-packages/turtlesim-1.4.2-py3.10.egg-info/dependency_links.txt
[30.667s] -- Installing: /home/ningbo@netid.washington.edu/ros2_ws/install/turtlesim/local/lib/python3.10/dist-packages/turtlesim-1.4.2-py3.10.egg-info/PKG-INFO
[30.668s] -- Installing: /home/ningbo@netid.washington.edu/ros2_ws/install/turtlesim/local/lib/python3.10/dist-packages/turtlesim-1.4.2-py3.10.egg-info/top_level.txt
[30.668s] -- Installing: /home/ningbo@netid.washington.edu/ros2_ws/install/turtlesim/local/lib/python3.10/dist-packages/turtlesim
[30.668s] -- Installing: /home/ningbo@netid.washington.edu/ros2_ws/install/turtlesim/local/lib/python3.10/dist-packages/turtlesim/_turtlesim_s.ep.rosidl_typesupport_c.c
[30.668s] -- Installing: /home/ningbo@netid.washington.edu/ros2_ws/install/turtlesim/local/lib/python3.10/dist-packages/turtlesim/turtlesim_s__rosidl_typesupport_introspection_c.cpython-310-x86_64-linux-gnu.so
[30.668s] -- Installing: /home/ningbo@netid.washington.edu/ros2_ws/install/turtlesim/local/lib/python3.10/dist-packages/turtlesim/srv
[30.668s] -- Installing: /home/ningbo@netid.washington.edu/ros2_ws/install/turtlesim/local/lib/python3.10/dist-packages/turtlesim/srv/_spawn_s.c
[30.668s] -- Installing: /home/ningbo@netid.washington.edu/ros2_ws/install/turtlesim/local/lib/python3.10/dist-packages/turtlesim/srv/_kill_s.c
[30.668s] -- Installing: /home/ningbo@netid.washington.edu/ros2_ws/install/turtlesim/local/lib/python3.10/dist-packages/turtlesim/srv/_kill.py
[30.668s] -- Installing: /home/ningbo@netid.washington.edu/ros2_ws/install/turtlesim/local/lib/python3.10/dist-packages/turtlesim/srv/_teleport_absolute_s.c
[30.669s] -- Installing: /home/ningbo@netid.washington.edu/ros2_ws/install/turtlesim/local/lib/python3.10/dist-packages/turtlesim/srv/__init__.py
[30.669s] -- Installing: /home/ningbo@netid.washington.edu/ros2_ws/install/turtlesim/local/lib/python3.10/dist-packages/turtlesim/srv/_spawn.py
[30.669s] -- Installing: /home/ningbo@netid.washington.edu/ros2_ws/install/turtlesim/local/lib/python3.10/dist-packages/turtlesim/srv/_set_pen_s.c
[30.669s] -- Installing: /home/ningbo@netid.washington.edu/ros2_ws/install/turtlesim/local/lib/python3.10/dist-packages/turtlesim/srv/_set_pen.py
[30.669s] -- Installing: /home/ningbo@netid.washington.edu/ros2_ws/install/turtlesim/local/lib/python3.10/dist-packages/turtlesim/srv/_teleport_relative.py
[30.669s] -- Installing: /home/ningbo@netid.washington.edu/ros2_ws/install/turtlesim/local/lib/python3.10/dist-packages/turtlesim/srv/_teleport_relative_s.c
[30.669s] -- Installing: /home/ningbo@netid.washington.edu/ros2_ws/install/turtlesim/local/lib/python3.10/dist-packages/turtlesim/srv/_teleport_absolute.py
[30.669s] -- Installing: /home/ningbo@netid.washington.edu/ros2_ws/install/turtlesim/local/lib/python3.10/dist-packages/turtlesim/libturtlesim__rosidl_generator_py.so
[30.669s] -- Installing: /home/ningbo@netid.washington.edu/ros2_ws/install/turtlesim/local/lib/python3.10/dist-packages/turtlesim/__init__.py
[30.669s] -- Installing: /home/ningbo@netid.washington.edu/ros2_ws/install/turtlesim/local/lib/python3.10/dist-packages/turtlesim/_turtlesim_s.ep.rosidl_typesupport_fastrtps_c.c
[30.670s] -- Installing: /home/ningbo@netid.washington.edu/ros2_ws/install/turtlesim/local/lib/python3.10/dist-packages/turtlesim/msg
[30.670s] -- Installing: /home/ningbo@netid.washington.edu/ros2_ws/install/turtlesim/local/lib/python3.10/dist-packages/turtlesim/msg/_pose_s.c
[30.670s] -- Installing: /home/ningbo@netid.washington.edu/ros2_ws/install/turtlesim/local/lib/python3.10/dist-packages/turtlesim/msg/_color_s.c
[30.670s] -- Installing: /home/ningbo@netid.washington.edu/ros2_ws/install/turtlesim/local/lib/python3.10/dist-packages/turtlesim/msg/_color.py
[30.670s] -- Installing: /home/ningbo@netid.washington.edu/ros2_ws/install/turtlesim/local/lib/python3.10/dist-packages/turtlesim/msg/__init__.py
[30.670s] -- Installing: /home/ningbo@netid.washington.edu/ros2_ws/install/turtlesim/local/lib/python3.10/dist-packages/turtlesim/msg/_pose.py
[30.670s] -- Installing: /home/ningbo@netid.washington.edu/ros2_ws/install/turtlesim/local/lib/python3.10/dist-packages/turtlesim/turtlesim_s__rosidl_typesupport_fastrtps_c.cpython-310-x86_64-linux-gnu.so
[30.670s] -- Installing: /home/ningbo@netid.washington.edu/ros2_ws/install/turtlesim/local/lib/python3.10/dist-packages/turtlesim/turtlesim_s__rosidl_typesupport_c.cpython-310-x86_64-linux-gnu.so
[30.670s] -- Installing: /home/ningbo@netid.washington.edu/ros2_ws/install/turtlesim/local/lib/python3.10/dist-packages/turtlesim/_turtlesim_s.ep.rosidl_typesupport_introspection_c.c
[30.671s] -- Installing: /home/ningbo@netid.washington.edu/ros2_ws/install/turtlesim/local/lib/python3.10/dist-packages/turtlesim/action
[30.671s] -- Installing: /home/ningbo@netid.washington.edu/ros2_ws/install/turtlesim/local/lib/python3.10/dist-packages/turtlesim/action/__init__.py
[30.671s] -- Installing: /home/ningbo@netid.washington.edu/ros2_ws/install/turtlesim/local/lib/python3.10/dist-packages/turtlesim/action/_rotate_absolute_s.c
[30.671s] -- Installing: /home/ningbo@netid.washington.edu/ros2_ws/install/turtlesim/local/lib/python3.10/dist-packages/turtlesim/action/_rotate_absolute.py
[30.726s] Listing '/home/ningbo@netid.washington.edu/ros2_ws/install/turtlesim/local/lib/python3.10/dist-packages/turtlesim'...
[30.727s] Compiling '/home/ningbo@netid.washington.edu/ros2_ws/install/turtlesim/local/lib/python3.10/dist-packages/turtlesim/__init__.py'...
[30.727s] Listing '/home/ningbo@netid.washington.edu/ros2_ws/install/turtlesim/local/lib/python3.10/dist-packages/turtlesim/action'...
[30.727s] Compiling '/home/ningbo@netid.washington.edu/ros2_ws/install/turtlesim/local/lib/python3.10/dist-packages/turtlesim/action/__init__.py'...
[30.727s] Compiling '/home/ningbo@netid.washington.edu/ros2_ws/install/turtlesim/local/lib/python3.10/dist-packages/turtlesim/action/_rotate_absolute.py'...
[30.727s] Listing '/home/ningbo@netid.washington.edu/ros2_ws/install/turtlesim/local/lib/python3.10/dist-packages/turtlesim/msg'...
[30.727s] Compiling '/home/ningbo@netid.washington.edu/ros2_ws/install/turtlesim/local/lib/python3.10/dist-packages/turtlesim/msg/__init__.py'...
[30.727s] Compiling '/home/ningbo@netid.washington.edu/ros2_ws/install/turtlesim/local/lib/python3.10/dist-packages/turtlesim/msg/_color.py'...
[30.727s] Compiling '/home/ningbo@netid.washington.edu/ros2_ws/install/turtlesim/local/lib/python3.10/dist-packages/turtlesim/msg/_pose.py'...
[30.727s] Listing '/home/ningbo@netid.washington.edu/ros2_ws/install/turtlesim/local/lib/python3.10/dist-packages/turtlesim/srv'...
[30.727s] Compiling '/home/ningbo@netid.washington.edu/ros2_ws/install/turtlesim/local/lib/python3.10/dist-packages/turtlesim/srv/__init__.py'...
[30.727s] Compiling '/home/ningbo@netid.washington.edu/ros2_ws/install/turtlesim/local/lib/python3.10/dist-packages/turtlesim/srv/_kill.py'...
[30.727s] Compiling '/home/ningbo@netid.washington.edu/ros2_ws/install/turtlesim/local/lib/python3.10/dist-packages/turtlesim/srv/_set_pen.py'...
[30.727s] Compiling '/home/ningbo@netid.washington.edu/ros2_ws/install/turtlesim/local/lib/python3.10/dist-packages/turtlesim/srv/_spawn.py'...
[30.727s] Compiling '/home/ningbo@netid.washington.edu/ros2_ws/install/turtlesim/local/lib/python3.10/dist-packages/turtlesim/srv/_teleport_absolute.py'...
[30.727s] Compiling '/home/ningbo@netid.washington.edu/ros2_ws/install/turtlesim/local/lib/python3.10/dist-packages/turtlesim/srv/_teleport_relative.py'...
[30.731s] -- Installing: /home/ningbo@netid.washington.edu/ros2_ws/install/turtlesim/local/lib/python3.10/dist-packages/turtlesim/turtlesim_s__rosidl_typesupport_fastrtps_c.cpython-310-x86_64-linux-gnu.so
[30.731s] -- Set runtime path of "/home/ningbo@netid.washington.edu/ros2_ws/install/turtlesim/local/lib/python3.10/dist-packages/turtlesim/turtlesim_s__rosidl_typesupport_fastrtps_c.cpython-310-x86_64-linux-gnu.so" to ""
[30.731s] -- Installing: /home/ningbo@netid.washington.edu/ros2_ws/install/turtlesim/local/lib/python3.10/dist-packages/turtlesim/turtlesim_s__rosidl_typesupport_introspection_c.cpython-310-x86_64-linux-gnu.so
[30.732s] -- Set runtime path of "/home/ningbo@netid.washington.edu/ros2_ws/install/turtlesim/local/lib/python3.10/dist-packages/turtlesim/turtlesim_s__rosidl_typesupport_introspection_c.cpython-310-x86_64-linux-gnu.so" to ""
[30.732s] -- Installing: /home/ningbo@netid.washington.edu/ros2_ws/install/turtlesim/local/lib/python3.10/dist-packages/turtlesim/turtlesim_s__rosidl_typesupport_c.cpython-310-x86_64-linux-gnu.so
[30.732s] -- Set runtime path of "/home/ningbo@netid.washington.edu/ros2_ws/install/turtlesim/local/lib/python3.10/dist-packages/turtlesim/turtlesim_s__rosidl_typesupport_c.cpython-310-x86_64-linux-gnu.so" to ""
[30.732s] -- Installing: /home/ningbo@netid.washington.edu/ros2_ws/install/turtlesim/lib/libturtlesim__rosidl_generator_py.so
[30.733s] -- Set runtime path of "/home/ningbo@netid.washington.edu/ros2_ws/install/turtlesim/lib/libturtlesim__rosidl_generator_py.so" to ""
[30.733s] -- Installing: /home/ningbo@netid.washington.edu/ros2_ws/install/turtlesim/share/turtlesim/action/RotateAbsolute.idl
[30.733s] -- Installing: /home/ningbo@netid.washington.edu/ros2_ws/install/turtlesim/share/turtlesim/msg/Color.idl
[30.733s] -- Installing: /home/ningbo@netid.washington.edu/ros2_ws/install/turtlesim/share/turtlesim/msg/Pose.idl
[30.733s] -- Installing: /home/ningbo@netid.washington.edu/ros2_ws/install/turtlesim/share/turtlesim/srv/Kill.idl
[30.734s] -- Installing: /home/ningbo@netid.washington.edu/ros2_ws/install/turtlesim/share/turtlesim/srv/SetPen.idl
[30.734s] -- Installing: /home/ningbo@netid.washington.edu/ros2_ws/install/turtlesim/share/turtlesim/srv/Spawn.idl
[30.734s] -- Installing: /home/ningbo@netid.washington.edu/ros2_ws/install/turtlesim/share/turtlesim/srv/TeleportAbsolute.idl
[30.734s] -- Installing: /home/ningbo@netid.washington.edu/ros2_ws/install/turtlesim/share/turtlesim/srv/TeleportRelative.idl
[30.734s] -- Installing: /home/ningbo@netid.washington.edu/ros2_ws/install/turtlesim/share/turtlesim/action/RotateAbsolute.action
[30.734s] -- Installing: /home/ningbo@netid.washington.edu/ros2_ws/install/turtlesim/share/turtlesim/msg/Color.msg
[30.734s] -- Installing: /home/ningbo@netid.washington.edu/ros2_ws/install/turtlesim/share/turtlesim/msg/Pose.msg
[30.734s] -- Installing: /home/ningbo@netid.washington.edu/ros2_ws/install/turtlesim/share/turtlesim/srv/Kill.srv
[30.735s] -- Installing: /home/ningbo@netid.washington.edu/ros2_ws/install/turtlesim/share/turtlesim/srv/Kill_Request.msg
[30.735s] -- Installing: /home/ningbo@netid.washington.edu/ros2_ws/install/turtlesim/share/turtlesim/srv/Kill_Response.msg
[30.735s] -- Installing: /home/ningbo@netid.washington.edu/ros2_ws/install/turtlesim/share/turtlesim/srv/SetPen.srv
[30.735s] -- Installing: /home/ningbo@netid.washington.edu/ros2_ws/install/turtlesim/share/turtlesim/srv/SetPen_Request.msg
[30.735s] -- Installing: /home/ningbo@netid.washington.edu/ros2_ws/install/turtlesim/share/turtlesim/srv/SetPen_Response.msg
[30.735s] -- Installing: /home/ningbo@netid.washington.edu/ros2_ws/install/turtlesim/share/turtlesim/srv/Spawn.srv
[30.735s] -- Installing: /home/ningbo@netid.washington.edu/ros2_ws/install/turtlesim/share/turtlesim/srv/Spawn_Request.msg
[30.736s] -- Installing: /home/ningbo@netid.washington.edu/ros2_ws/install/turtlesim/share/turtlesim/srv/Spawn_Response.msg
[30.736s] -- Installing: /home/ningbo@netid.washington.edu/ros2_ws/install/turtlesim/share/turtlesim/srv/TeleportAbsolute.srv
[30.736s] -- Installing: /home/ningbo@netid.washington.edu/ros2_ws/install/turtlesim/share/turtlesim/srv/TeleportAbsolute_Request.msg
[30.736s] -- Installing: /home/ningbo@netid.washington.edu/ros2_ws/install/turtlesim/share/turtlesim/srv/TeleportAbsolute_Response.msg
[30.736s] -- Installing: /home/ningbo@netid.washington.edu/ros2_ws/install/turtlesim/share/turtlesim/srv/TeleportRelative.srv
[30.736s] -- Installing: /home/ningbo@netid.washington.edu/ros2_ws/install/turtlesim/share/turtlesim/srv/TeleportRelative_Request.msg
[30.736s] -- Installing: /home/ningbo@netid.washington.edu/ros2_ws/install/turtlesim/share/turtlesim/srv/TeleportRelative_Response.msg
[30.737s] -- Installing: /home/ningbo@netid.washington.edu/ros2_ws/install/turtlesim/lib/turtlesim/turtlesim_node
[30.742s] -- Set runtime path of "/home/ningbo@netid.washington.edu/ros2_ws/install/turtlesim/lib/turtlesim/turtlesim_node" to ""
[30.743s] -- Installing: /home/ningbo@netid.washington.edu/ros2_ws/install/turtlesim/lib/turtlesim/turtle_teleop_key
[30.744s] -- Set runtime path of "/home/ningbo@netid.washington.edu/ros2_ws/install/turtlesim/lib/turtlesim/turtle_teleop_key" to ""
[30.744s] -- Installing: /home/ningbo@netid.washington.edu/ros2_ws/install/turtlesim/lib/turtlesim/draw_square
[30.747s] -- Set runtime path of "/home/ningbo@netid.washington.edu/ros2_ws/install/turtlesim/lib/turtlesim/draw_square" to ""
[30.747s] -- Installing: /home/ningbo@netid.washington.edu/ros2_ws/install/turtlesim/lib/turtlesim/mimic
[30.749s] -- Set runtime path of "/home/ningbo@netid.washington.edu/ros2_ws/install/turtlesim/lib/turtlesim/mimic" to ""
[30.750s] -- Installing: /home/ningbo@netid.washington.edu/ros2_ws/install/turtlesim/share/turtlesim/images
[30.750s] -- Installing: /home/ningbo@netid.washington.edu/ros2_ws/install/turtlesim/share/turtlesim/images/galactic.png
[30.750s] -- Installing: /home/ningbo@netid.washington.edu/ros2_ws/install/turtlesim/share/turtlesim/images/foxy.png
[30.750s] -- Installing: /home/ningbo@netid.washington.edu/ros2_ws/install/turtlesim/share/turtlesim/images/humble.png
[30.750s] -- Installing: /home/ningbo@netid.washington.edu/ros2_ws/install/turtlesim/share/turtlesim/images/rolling.png
[30.750s] -- Installing: /home/ningbo@netid.washington.edu/ros2_ws/install/turtlesim/share/turtlesim/images/crystal.png
[30.750s] -- Installing: /home/ningbo@netid.washington.edu/ros2_ws/install/turtlesim/share/turtlesim/images/eloquent.png
[30.750s] -- Installing: /home/ningbo@netid.washington.edu/ros2_ws/install/turtlesim/share/turtlesim/images/dashing.png
[30.750s] -- Installing: /home/ningbo@netid.washington.edu/ros2_ws/install/turtlesim/share/turtlesim/images/bouncy.png
[30.751s] -- Installing: /home/ningbo@netid.washington.edu/ros2_ws/install/turtlesim/share/turtlesim/images/ardent.png
[30.751s] -- Installing: /home/ningbo@netid.washington.edu/ros2_ws/install/turtlesim/share/turtlesim/launch
[30.751s] -- Installing: /home/ningbo@netid.washington.edu/ros2_ws/install/turtlesim/share/turtlesim/launch/multisim.launch.py
[30.751s] -- Installing: /home/ningbo@netid.washington.edu/ros2_ws/install/turtlesim/share/ament_index/resource_index/package_run_dependencies/turtlesim
[30.751s] -- Installing: /home/ningbo@netid.washington.edu/ros2_ws/install/turtlesim/share/ament_index/resource_index/parent_prefix_path/turtlesim
[30.751s] -- Installing: /home/ningbo@netid.washington.edu/ros2_ws/install/turtlesim/share/turtlesim/environment/ament_prefix_path.sh
[30.751s] -- Installing: /home/ningbo@netid.washington.edu/ros2_ws/install/turtlesim/share/turtlesim/environment/ament_prefix_path.dsv
[30.751s] -- Installing: /home/ningbo@netid.washington.edu/ros2_ws/install/turtlesim/share/turtlesim/environment/path.sh
[30.751s] -- Installing: /home/ningbo@netid.washington.edu/ros2_ws/install/turtlesim/share/turtlesim/environment/path.dsv
[30.751s] -- Installing: /home/ningbo@netid.washington.edu/ros2_ws/install/turtlesim/share/turtlesim/local_setup.bash
[30.752s] -- Installing: /home/ningbo@netid.washington.edu/ros2_ws/install/turtlesim/share/turtlesim/local_setup.sh
[30.752s] -- Installing: /home/ningbo@netid.washington.edu/ros2_ws/install/turtlesim/share/turtlesim/local_setup.zsh
[30.752s] -- Installing: /home/ningbo@netid.washington.edu/ros2_ws/install/turtlesim/share/turtlesim/local_setup.dsv
[30.752s] -- Installing: /home/ningbo@netid.washington.edu/ros2_ws/install/turtlesim/share/turtlesim/package.dsv
[30.752s] -- Installing: /home/ningbo@netid.washington.edu/ros2_ws/install/turtlesim/share/ament_index/resource_index/packages/turtlesim
[30.752s] -- Installing: /home/ningbo@netid.washington.edu/ros2_ws/install/turtlesim/share/turtlesim/cmake/export_turtlesim__rosidl_generator_cExport.cmake
[30.753s] -- Installing: /home/ningbo@netid.washington.edu/ros2_ws/install/turtlesim/share/turtlesim/cmake/export_turtlesim__rosidl_generator_cExport-noconfig.cmake
[30.753s] -- Installing: /home/ningbo@netid.washington.edu/ros2_ws/install/turtlesim/share/turtlesim/cmake/export_turtlesim__rosidl_typesupport_fastrtps_cExport.cmake
[30.753s] -- Installing: /home/ningbo@netid.washington.edu/ros2_ws/install/turtlesim/share/turtlesim/cmake/export_turtlesim__rosidl_typesupport_fastrtps_cExport-noconfig.cmake
[30.753s] -- Installing: /home/ningbo@netid.washington.edu/ros2_ws/install/turtlesim/share/turtlesim/cmake/export_turtlesim__rosidl_generator_cppExport.cmake
[30.753s] -- Installing: /home/ningbo@netid.washington.edu/ros2_ws/install/turtlesim/share/turtlesim/cmake/export_turtlesim__rosidl_typesupport_fastrtps_cppExport.cmake
[30.753s] -- Installing: /home/ningbo@netid.washington.edu/ros2_ws/install/turtlesim/share/turtlesim/cmake/export_turtlesim__rosidl_typesupport_fastrtps_cppExport-noconfig.cmake
[30.754s] -- Installing: /home/ningbo@netid.washington.edu/ros2_ws/install/turtlesim/share/turtlesim/cmake/turtlesim__rosidl_typesupport_introspection_cExport.cmake
[30.754s] -- Installing: /home/ningbo@netid.washington.edu/ros2_ws/install/turtlesim/share/turtlesim/cmake/turtlesim__rosidl_typesupport_introspection_cExport-noconfig.cmake
[30.754s] -- Installing: /home/ningbo@netid.washington.edu/ros2_ws/install/turtlesim/share/turtlesim/cmake/turtlesim__rosidl_typesupport_cExport.cmake
[30.754s] -- Installing: /home/ningbo@netid.washington.edu/ros2_ws/install/turtlesim/share/turtlesim/cmake/turtlesim__rosidl_typesupport_cExport-noconfig.cmake
[30.754s] -- Installing: /home/ningbo@netid.washington.edu/ros2_ws/install/turtlesim/share/turtlesim/cmake/turtlesim__rosidl_typesupport_introspection_cppExport.cmake
[30.754s] -- Installing: /home/ningbo@netid.washington.edu/ros2_ws/install/turtlesim/share/turtlesim/cmake/turtlesim__rosidl_typesupport_introspection_cppExport-noconfig.cmake
[30.754s] -- Installing: /home/ningbo@netid.washington.edu/ros2_ws/install/turtlesim/share/turtlesim/cmake/turtlesim__rosidl_typesupport_cppExport.cmake
[30.755s] -- Installing: /home/ningbo@netid.washington.edu/ros2_ws/install/turtlesim/share/turtlesim/cmake/turtlesim__rosidl_typesupport_cppExport-noconfig.cmake
[30.755s] -- Installing: /home/ningbo@netid.washington.edu/ros2_ws/install/turtlesim/share/turtlesim/cmake/export_turtlesim__rosidl_generator_pyExport.cmake
[30.755s] -- Installing: /home/ningbo@netid.washington.edu/ros2_ws/install/turtlesim/share/turtlesim/cmake/export_turtlesim__rosidl_generator_pyExport-noconfig.cmake
[30.755s] -- Installing: /home/ningbo@netid.washington.edu/ros2_ws/install/turtlesim/share/turtlesim/cmake/rosidl_cmake-extras.cmake
[30.755s] -- Installing: /home/ningbo@netid.washington.edu/ros2_ws/install/turtlesim/share/turtlesim/cmake/ament_cmake_export_dependencies-extras.cmake
[30.755s] -- Installing: /home/ningbo@netid.washington.edu/ros2_ws/install/turtlesim/share/turtlesim/cmake/ament_cmake_export_include_directories-extras.cmake
[30.755s] -- Installing: /home/ningbo@netid.washington.edu/ros2_ws/install/turtlesim/share/turtlesim/cmake/ament_cmake_export_libraries-extras.cmake
[30.755s] -- Installing: /home/ningbo@netid.washington.edu/ros2_ws/install/turtlesim/share/turtlesim/cmake/ament_cmake_export_targets-extras.cmake
[30.755s] -- Installing: /home/ningbo@netid.washington.edu/ros2_ws/install/turtlesim/share/turtlesim/cmake/rosidl_cmake_export_typesupport_targets-extras.cmake
[30.756s] -- Installing: /home/ningbo@netid.washington.edu/ros2_ws/install/turtlesim/share/turtlesim/cmake/rosidl_cmake_export_typesupport_libraries-extras.cmake
[30.756s] -- Installing: /home/ningbo@netid.washington.edu/ros2_ws/install/turtlesim/share/turtlesim/cmake/turtlesimConfig.cmake
[30.756s] -- Installing: /home/ningbo@netid.washington.edu/ros2_ws/install/turtlesim/share/turtlesim/cmake/turtlesimConfig-version.cmake
[30.756s] -- Installing: /home/ningbo@netid.washington.edu/ros2_ws/install/turtlesim/share/turtlesim/package.xml
[30.758s] Invoked command in '/home/ningbo@netid.washington.edu/ros2_ws/build/turtlesim' returned '0': CMAKE_PREFIX_PATH=${CMAKE_PREFIX_PATH}:/home/ningbo@netid.washington.edu/ros2_ws/install/launch_testing_examples:/home/ningbo@netid.washington.edu/ros2_ws/install/examples_rclpy_pointcloud_publisher:/home/ningbo@netid.washington.edu/ros2_ws/install/examples_rclpy_minimal_subscriber:/home/ningbo@netid.washington.edu/ros2_ws/install/examples_rclpy_minimal_service:/home/ningbo@netid.washington.edu/ros2_ws/install/examples_rclpy_minimal_publisher:/home/ningbo@netid.washington.edu/ros2_ws/install/examples_rclpy_minimal_client:/home/ningbo@netid.washington.edu/ros2_ws/install/examples_rclpy_minimal_action_server:/home/ningbo@netid.washington.edu/ros2_ws/install/examples_rclpy_minimal_action_client:/home/ningbo@netid.washington.edu/ros2_ws/install/examples_rclpy_guard_conditions:/home/ningbo@netid.washington.edu/ros2_ws/install/examples_rclpy_executors:/opt/ros/humble /usr/bin/cmake --install /home/ningbo@netid.washington.edu/ros2_ws/build/turtlesim
