[0.043s] Invoking command in '/home/ningbo@netid.washington.edu/ros2_ws/build/examples_rclcpp_minimal_composition': CMAKE_PREFIX_PATH=${CMAKE_PREFIX_PATH}:/home/ningbo@netid.washington.edu/ros2_ws/install/launch_testing_examples:/home/ningbo@netid.washington.edu/ros2_ws/install/examples_rclpy_pointcloud_publisher:/home/ningbo@netid.washington.edu/ros2_ws/install/examples_rclpy_minimal_subscriber:/home/ningbo@netid.washington.edu/ros2_ws/install/examples_rclpy_minimal_service:/home/ningbo@netid.washington.edu/ros2_ws/install/examples_rclpy_minimal_publisher:/home/ningbo@netid.washington.edu/ros2_ws/install/examples_rclpy_minimal_client:/home/ningbo@netid.washington.edu/ros2_ws/install/examples_rclpy_minimal_action_server:/home/ningbo@netid.washington.edu/ros2_ws/install/examples_rclpy_minimal_action_client:/home/ningbo@netid.washington.edu/ros2_ws/install/examples_rclpy_guard_conditions:/home/ningbo@netid.washington.edu/ros2_ws/install/examples_rclpy_executors:/opt/ros/humble /usr/bin/cmake /home/ningbo@netid.washington.edu/ros2_ws/src/examples/rclcpp/composition/minimal_composition -DCMAKE_INSTALL_PREFIX=/home/ningbo@netid.washington.edu/ros2_ws/install/examples_rclcpp_minimal_composition
[0.065s] -- Found ament_cmake: 1.3.9 (/opt/ros/humble/share/ament_cmake/cmake)
[0.365s] -- Override CMake install command with custom implementation using symlinks instead of copying resources
[0.376s] -- Found rclcpp: 16.0.9 (/opt/ros/humble/share/rclcpp/cmake)
[0.443s] -- Found rosidl_generator_c: 3.1.5 (/opt/ros/humble/share/rosidl_generator_c/cmake)
[0.449s] -- Found rosidl_adapter: 3.1.5 (/opt/ros/humble/share/rosidl_adapter/cmake)
[0.462s] -- Found rosidl_generator_cpp: 3.1.5 (/opt/ros/humble/share/rosidl_generator_cpp/cmake)
[0.489s] -- Using all available rosidl_typesupport_c: rosidl_typesupport_fastrtps_c;rosidl_typesupport_introspection_c
[0.526s] -- Using all available rosidl_typesupport_cpp: rosidl_typesupport_fastrtps_cpp;rosidl_typesupport_introspection_cpp
[0.662s] -- Found rmw_implementation_cmake: 6.1.2 (/opt/ros/humble/share/rmw_implementation_cmake/cmake)
[0.666s] -- Found rmw_fastrtps_cpp: 6.2.6 (/opt/ros/humble/share/rmw_fastrtps_cpp/cmake)
[0.958s] -- Using RMW implementation 'rmw_fastrtps_cpp' as default
[1.337s] -- Found rclcpp_components: 16.0.9 (/opt/ros/humble/share/rclcpp_components/cmake)
[1.496s] -- Found ament_lint_auto: 0.12.11 (/opt/ros/humble/share/ament_lint_auto/cmake)
[1.683s] -- Added test 'copyright' to check source files copyright and LICENSE
[1.686s] -- Added test 'cppcheck' to perform static code analysis on C / C++ code
[1.686s] -- Configured cppcheck include dirs: /home/ningbo@netid.washington.edu/ros2_ws/src/examples/rclcpp/composition/minimal_composition/include
[1.686s] -- Configured cppcheck exclude dirs and/or files: 
[1.688s] -- Added test 'cpplint' to check C / C++ code against the Google style
[1.688s] -- Configured cpplint exclude dirs and/or files: 
[1.689s] -- Added test 'lint_cmake' to check CMake code style
[1.691s] -- Added test 'uncrustify' to check C / C++ code style
[1.692s] -- Configured uncrustify additional arguments: 
[1.692s] -- Added test 'xmllint' to check XML markup files
[1.694s] -- Configuring done
[1.747s] -- Generating done
[1.747s] -- Build files have been written to: /home/ningbo@netid.washington.edu/ros2_ws/build/examples_rclcpp_minimal_composition
[1.786s] Invoked command in '/home/ningbo@netid.washington.edu/ros2_ws/build/examples_rclcpp_minimal_composition' returned '0': CMAKE_PREFIX_PATH=${CMAKE_PREFIX_PATH}:/home/ningbo@netid.washington.edu/ros2_ws/install/launch_testing_examples:/home/ningbo@netid.washington.edu/ros2_ws/install/examples_rclpy_pointcloud_publisher:/home/ningbo@netid.washington.edu/ros2_ws/install/examples_rclpy_minimal_subscriber:/home/ningbo@netid.washington.edu/ros2_ws/install/examples_rclpy_minimal_service:/home/ningbo@netid.washington.edu/ros2_ws/install/examples_rclpy_minimal_publisher:/home/ningbo@netid.washington.edu/ros2_ws/install/examples_rclpy_minimal_client:/home/ningbo@netid.washington.edu/ros2_ws/install/examples_rclpy_minimal_action_server:/home/ningbo@netid.washington.edu/ros2_ws/install/examples_rclpy_minimal_action_client:/home/ningbo@netid.washington.edu/ros2_ws/install/examples_rclpy_guard_conditions:/home/ningbo@netid.washington.edu/ros2_ws/install/examples_rclpy_executors:/opt/ros/humble /usr/bin/cmake /home/ningbo@netid.washington.edu/ros2_ws/src/examples/rclcpp/composition/minimal_composition -DCMAKE_INSTALL_PREFIX=/home/ningbo@netid.washington.edu/ros2_ws/install/examples_rclcpp_minimal_composition
[1.787s] Invoking command in '/home/ningbo@netid.washington.edu/ros2_ws/build/examples_rclcpp_minimal_composition': CMAKE_PREFIX_PATH=${CMAKE_PREFIX_PATH}:/home/ningbo@netid.washington.edu/ros2_ws/install/launch_testing_examples:/home/ningbo@netid.washington.edu/ros2_ws/install/examples_rclpy_pointcloud_publisher:/home/ningbo@netid.washington.edu/ros2_ws/install/examples_rclpy_minimal_subscriber:/home/ningbo@netid.washington.edu/ros2_ws/install/examples_rclpy_minimal_service:/home/ningbo@netid.washington.edu/ros2_ws/install/examples_rclpy_minimal_publisher:/home/ningbo@netid.washington.edu/ros2_ws/install/examples_rclpy_minimal_client:/home/ningbo@netid.washington.edu/ros2_ws/install/examples_rclpy_minimal_action_server:/home/ningbo@netid.washington.edu/ros2_ws/install/examples_rclpy_minimal_action_client:/home/ningbo@netid.washington.edu/ros2_ws/install/examples_rclpy_guard_conditions:/home/ningbo@netid.washington.edu/ros2_ws/install/examples_rclpy_executors:/opt/ros/humble /usr/bin/cmake --build /home/ningbo@netid.washington.edu/ros2_ws/build/examples_rclcpp_minimal_composition -- -j8 -l8
[1.869s] [35m[1mConsolidate compiler generated dependencies of target composition_nodes[0m
[1.909s] [ 33%] Built target composition_nodes
[1.927s] [35m[1mConsolidate compiler generated dependencies of target composition_publisher[0m
[1.940s] [35m[1mConsolidate compiler generated dependencies of target composition_subscriber[0m
[1.943s] [35m[1mConsolidate compiler generated dependencies of target composition_composed[0m
[1.966s] [ 55%] Built target composition_publisher
[1.967s] [ 77%] Built target composition_subscriber
[1.974s] [100%] Built target composition_composed
[1.994s] Invoked command in '/home/ningbo@netid.washington.edu/ros2_ws/build/examples_rclcpp_minimal_composition' returned '0': CMAKE_PREFIX_PATH=${CMAKE_PREFIX_PATH}:/home/ningbo@netid.washington.edu/ros2_ws/install/launch_testing_examples:/home/ningbo@netid.washington.edu/ros2_ws/install/examples_rclpy_pointcloud_publisher:/home/ningbo@netid.washington.edu/ros2_ws/install/examples_rclpy_minimal_subscriber:/home/ningbo@netid.washington.edu/ros2_ws/install/examples_rclpy_minimal_service:/home/ningbo@netid.washington.edu/ros2_ws/install/examples_rclpy_minimal_publisher:/home/ningbo@netid.washington.edu/ros2_ws/install/examples_rclpy_minimal_client:/home/ningbo@netid.washington.edu/ros2_ws/install/examples_rclpy_minimal_action_server:/home/ningbo@netid.washington.edu/ros2_ws/install/examples_rclpy_minimal_action_client:/home/ningbo@netid.washington.edu/ros2_ws/install/examples_rclpy_guard_conditions:/home/ningbo@netid.washington.edu/ros2_ws/install/examples_rclpy_executors:/opt/ros/humble /usr/bin/cmake --build /home/ningbo@netid.washington.edu/ros2_ws/build/examples_rclcpp_minimal_composition -- -j8 -l8
[2.074s] Invoking command in '/home/ningbo@netid.washington.edu/ros2_ws/build/examples_rclcpp_minimal_composition': CMAKE_PREFIX_PATH=${CMAKE_PREFIX_PATH}:/home/ningbo@netid.washington.edu/ros2_ws/install/launch_testing_examples:/home/ningbo@netid.washington.edu/ros2_ws/install/examples_rclpy_pointcloud_publisher:/home/ningbo@netid.washington.edu/ros2_ws/install/examples_rclpy_minimal_subscriber:/home/ningbo@netid.washington.edu/ros2_ws/install/examples_rclpy_minimal_service:/home/ningbo@netid.washington.edu/ros2_ws/install/examples_rclpy_minimal_publisher:/home/ningbo@netid.washington.edu/ros2_ws/install/examples_rclpy_minimal_client:/home/ningbo@netid.washington.edu/ros2_ws/install/examples_rclpy_minimal_action_server:/home/ningbo@netid.washington.edu/ros2_ws/install/examples_rclpy_minimal_action_client:/home/ningbo@netid.washington.edu/ros2_ws/install/examples_rclpy_guard_conditions:/home/ningbo@netid.washington.edu/ros2_ws/install/examples_rclpy_executors:/opt/ros/humble /usr/bin/cmake --install /home/ningbo@netid.washington.edu/ros2_ws/build/examples_rclcpp_minimal_composition
[2.086s] -- Install configuration: ""
[2.086s] -- Execute custom install script
[2.086s] -- Up-to-date symlink: /home/ningbo@netid.washington.edu/ros2_ws/install/examples_rclcpp_minimal_composition/share/examples_rclcpp_minimal_composition/environment/library_path.sh
[2.086s] -- Up-to-date symlink: /home/ningbo@netid.washington.edu/ros2_ws/install/examples_rclcpp_minimal_composition/share/examples_rclcpp_minimal_composition/environment/library_path.dsv
[2.087s] -- Up-to-date symlink: /home/ningbo@netid.washington.edu/ros2_ws/install/examples_rclcpp_minimal_composition/lib/libcomposition_nodes.so
[2.087s] -- Up-to-date symlink: /home/ningbo@netid.washington.edu/ros2_ws/install/examples_rclcpp_minimal_composition/lib/examples_rclcpp_minimal_composition/composition_publisher
[2.087s] -- Up-to-date symlink: /home/ningbo@netid.washington.edu/ros2_ws/install/examples_rclcpp_minimal_composition/lib/examples_rclcpp_minimal_composition/composition_subscriber
[2.087s] -- Up-to-date symlink: /home/ningbo@netid.washington.edu/ros2_ws/install/examples_rclcpp_minimal_composition/lib/examples_rclcpp_minimal_composition/composition_composed
[2.087s] -- Up-to-date symlink: /home/ningbo@netid.washington.edu/ros2_ws/install/examples_rclcpp_minimal_composition/share/ament_index/resource_index/package_run_dependencies/examples_rclcpp_minimal_composition
[2.087s] -- Up-to-date symlink: /home/ningbo@netid.washington.edu/ros2_ws/install/examples_rclcpp_minimal_composition/share/ament_index/resource_index/parent_prefix_path/examples_rclcpp_minimal_composition
[2.088s] -- Up-to-date symlink: /home/ningbo@netid.washington.edu/ros2_ws/install/examples_rclcpp_minimal_composition/share/examples_rclcpp_minimal_composition/environment/ament_prefix_path.sh
[2.088s] -- Up-to-date symlink: /home/ningbo@netid.washington.edu/ros2_ws/install/examples_rclcpp_minimal_composition/share/examples_rclcpp_minimal_composition/environment/ament_prefix_path.dsv
[2.088s] -- Up-to-date symlink: /home/ningbo@netid.washington.edu/ros2_ws/install/examples_rclcpp_minimal_composition/share/examples_rclcpp_minimal_composition/environment/path.sh
[2.088s] -- Up-to-date symlink: /home/ningbo@netid.washington.edu/ros2_ws/install/examples_rclcpp_minimal_composition/share/examples_rclcpp_minimal_composition/environment/path.dsv
[2.088s] -- Up-to-date symlink: /home/ningbo@netid.washington.edu/ros2_ws/install/examples_rclcpp_minimal_composition/share/examples_rclcpp_minimal_composition/local_setup.bash
[2.088s] -- Up-to-date symlink: /home/ningbo@netid.washington.edu/ros2_ws/install/examples_rclcpp_minimal_composition/share/examples_rclcpp_minimal_composition/local_setup.sh
[2.088s] -- Up-to-date symlink: /home/ningbo@netid.washington.edu/ros2_ws/install/examples_rclcpp_minimal_composition/share/examples_rclcpp_minimal_composition/local_setup.zsh
[2.089s] -- Up-to-date symlink: /home/ningbo@netid.washington.edu/ros2_ws/install/examples_rclcpp_minimal_composition/share/examples_rclcpp_minimal_composition/local_setup.dsv
[2.089s] -- Symlinking: /home/ningbo@netid.washington.edu/ros2_ws/install/examples_rclcpp_minimal_composition/share/examples_rclcpp_minimal_composition/package.dsv
[2.102s] -- Up-to-date symlink: /home/ningbo@netid.washington.edu/ros2_ws/install/examples_rclcpp_minimal_composition/share/ament_index/resource_index/packages/examples_rclcpp_minimal_composition
[2.103s] -- Up-to-date symlink: /home/ningbo@netid.washington.edu/ros2_ws/install/examples_rclcpp_minimal_composition/share/examples_rclcpp_minimal_composition/cmake/examples_rclcpp_minimal_compositionConfig.cmake
[2.103s] -- Up-to-date symlink: /home/ningbo@netid.washington.edu/ros2_ws/install/examples_rclcpp_minimal_composition/share/examples_rclcpp_minimal_composition/cmake/examples_rclcpp_minimal_compositionConfig-version.cmake
[2.103s] -- Up-to-date symlink: /home/ningbo@netid.washington.edu/ros2_ws/install/examples_rclcpp_minimal_composition/share/examples_rclcpp_minimal_composition/package.xml
[2.131s] Invoked command in '/home/ningbo@netid.washington.edu/ros2_ws/build/examples_rclcpp_minimal_composition' returned '0': CMAKE_PREFIX_PATH=${CMAKE_PREFIX_PATH}:/home/ningbo@netid.washington.edu/ros2_ws/install/launch_testing_examples:/home/ningbo@netid.washington.edu/ros2_ws/install/examples_rclpy_pointcloud_publisher:/home/ningbo@netid.washington.edu/ros2_ws/install/examples_rclpy_minimal_subscriber:/home/ningbo@netid.washington.edu/ros2_ws/install/examples_rclpy_minimal_service:/home/ningbo@netid.washington.edu/ros2_ws/install/examples_rclpy_minimal_publisher:/home/ningbo@netid.washington.edu/ros2_ws/install/examples_rclpy_minimal_client:/home/ningbo@netid.washington.edu/ros2_ws/install/examples_rclpy_minimal_action_server:/home/ningbo@netid.washington.edu/ros2_ws/install/examples_rclpy_minimal_action_client:/home/ningbo@netid.washington.edu/ros2_ws/install/examples_rclpy_guard_conditions:/home/ningbo@netid.washington.edu/ros2_ws/install/examples_rclpy_executors:/opt/ros/humble /usr/bin/cmake --install /home/ningbo@netid.washington.edu/ros2_ws/build/examples_rclcpp_minimal_composition
