[2.442s] Invoking command in '/home/ningbo@netid.washington.edu/ros2_ws/build/examples_rclpy_pointcloud_publisher': PYTHONPATH=/home/ningbo@netid.washington.edu/ros2_ws/build/examples_rclpy_pointcloud_publisher/prefix_override:/home/ningbo@netid.washington.edu/ros2_ws/install/examples_rclpy_pointcloud_publisher/lib/python3.10/site-packages:${PYTHONPATH} /usr/bin/python3 -W ignore:setup.py install is deprecated setup.py develop --editable --build-directory /home/ningbo@netid.washington.edu/ros2_ws/build/examples_rclpy_pointcloud_publisher/build --no-deps symlink_data
[3.270s] running develop
[3.270s] /usr/lib/python3/dist-packages/setuptools/command/easy_install.py:158: EasyInstallDeprecationWarning: easy_install command is deprecated. Use build and pip and other standards-based tools.
[3.270s]   warnings.warn(
[3.835s] running egg_info
[3.835s] creating examples_rclpy_pointcloud_publisher.egg-info
[3.835s] writing examples_rclpy_pointcloud_publisher.egg-info/PKG-INFO
[3.836s] writing dependency_links to examples_rclpy_pointcloud_publisher.egg-info/dependency_links.txt
[3.836s] writing entry points to examples_rclpy_pointcloud_publisher.egg-info/entry_points.txt
[3.836s] writing requirements to examples_rclpy_pointcloud_publisher.egg-info/requires.txt
[3.836s] writing top-level names to examples_rclpy_pointcloud_publisher.egg-info/top_level.txt
[3.837s] writing manifest file 'examples_rclpy_pointcloud_publisher.egg-info/SOURCES.txt'
[3.841s] reading manifest file 'examples_rclpy_pointcloud_publisher.egg-info/SOURCES.txt'
[3.843s] writing manifest file 'examples_rclpy_pointcloud_publisher.egg-info/SOURCES.txt'
[3.846s] running build_ext
[3.846s] Creating /home/ningbo@netid.washington.edu/ros2_ws/install/examples_rclpy_pointcloud_publisher/lib/python3.10/site-packages/examples-rclpy-pointcloud-publisher.egg-link (link to .)
[3.848s] Installing pointcloud_publisher script to /home/ningbo@netid.washington.edu/ros2_ws/install/examples_rclpy_pointcloud_publisher/lib/examples_rclpy_pointcloud_publisher
[3.849s] 
[3.849s] Installed /home/ningbo@netid.washington.edu/ros2_ws/build/examples_rclpy_pointcloud_publisher
[3.849s] running symlink_data
[3.849s] creating /home/ningbo@netid.washington.edu/ros2_ws/install/examples_rclpy_pointcloud_publisher/share/ament_index
[3.850s] creating /home/ningbo@netid.washington.edu/ros2_ws/install/examples_rclpy_pointcloud_publisher/share/ament_index/resource_index
[3.850s] creating /home/ningbo@netid.washington.edu/ros2_ws/install/examples_rclpy_pointcloud_publisher/share/ament_index/resource_index/packages
[3.850s] symbolically linking /home/ningbo@netid.washington.edu/ros2_ws/build/examples_rclpy_pointcloud_publisher/resource/examples_rclpy_pointcloud_publisher -> /home/ningbo@netid.washington.edu/ros2_ws/install/examples_rclpy_pointcloud_publisher/share/ament_index/resource_index/packages
[3.850s] symbolically linking /home/ningbo@netid.washington.edu/ros2_ws/build/examples_rclpy_pointcloud_publisher/package.xml -> /home/ningbo@netid.washington.edu/ros2_ws/install/examples_rclpy_pointcloud_publisher/share/examples_rclpy_pointcloud_publisher
[3.910s] Invoked command in '/home/ningbo@netid.washington.edu/ros2_ws/build/examples_rclpy_pointcloud_publisher' returned '0': PYTHONPATH=/home/ningbo@netid.washington.edu/ros2_ws/build/examples_rclpy_pointcloud_publisher/prefix_override:/home/ningbo@netid.washington.edu/ros2_ws/install/examples_rclpy_pointcloud_publisher/lib/python3.10/site-packages:${PYTHONPATH} /usr/bin/python3 -W ignore:setup.py install is deprecated setup.py develop --editable --build-directory /home/ningbo@netid.washington.edu/ros2_ws/build/examples_rclpy_pointcloud_publisher/build --no-deps symlink_data
