[1.843s] Invoking command in '/home/ningbo@netid.washington.edu/ros2_ws/src/examples/rclpy/guard_conditions': PYTHONPATH=/home/ningbo@netid.washington.edu/ros2_ws/build/examples_rclpy_guard_conditions/prefix_override:/home/ningbo@netid.washington.edu/ros2_ws/install/examples_rclpy_guard_conditions/lib/python3.10/site-packages:${PYTHONPATH} /usr/bin/python3 -W ignore:setup.py install is deprecated setup.py egg_info --egg-base ../../../../build/examples_rclpy_guard_conditions build --build-base /home/ningbo@netid.washington.edu/ros2_ws/build/examples_rclpy_guard_conditions/build install --record /home/ningbo@netid.washington.edu/ros2_ws/build/examples_rclpy_guard_conditions/install.log --single-version-externally-managed install_data
[2.186s] running egg_info
[2.187s] writing ../../../../build/examples_rclpy_guard_conditions/examples_rclpy_guard_conditions.egg-info/PKG-INFO
[2.188s] writing dependency_links to ../../../../build/examples_rclpy_guard_conditions/examples_rclpy_guard_conditions.egg-info/dependency_links.txt
[2.188s] writing entry points to ../../../../build/examples_rclpy_guard_conditions/examples_rclpy_guard_conditions.egg-info/entry_points.txt
[2.188s] writing requirements to ../../../../build/examples_rclpy_guard_conditions/examples_rclpy_guard_conditions.egg-info/requires.txt
[2.188s] writing top-level names to ../../../../build/examples_rclpy_guard_conditions/examples_rclpy_guard_conditions.egg-info/top_level.txt
[2.191s] reading manifest file '../../../../build/examples_rclpy_guard_conditions/examples_rclpy_guard_conditions.egg-info/SOURCES.txt'
[2.192s] writing manifest file '../../../../build/examples_rclpy_guard_conditions/examples_rclpy_guard_conditions.egg-info/SOURCES.txt'
[2.192s] running build
[2.192s] running build_py
[2.193s] running install
[2.194s] running install_lib
[2.195s] running install_data
[2.195s] running install_egg_info
[2.197s] removing '/home/ningbo@netid.washington.edu/ros2_ws/install/examples_rclpy_guard_conditions/lib/python3.10/site-packages/examples_rclpy_guard_conditions-0.15.3-py3.10.egg-info' (and everything under it)
[2.198s] Copying ../../../../build/examples_rclpy_guard_conditions/examples_rclpy_guard_conditions.egg-info to /home/ningbo@netid.washington.edu/ros2_ws/install/examples_rclpy_guard_conditions/lib/python3.10/site-packages/examples_rclpy_guard_conditions-0.15.3-py3.10.egg-info
[2.199s] running install_scripts
[2.222s] Installing trigger_guard_condition script to /home/ningbo@netid.washington.edu/ros2_ws/install/examples_rclpy_guard_conditions/lib/examples_rclpy_guard_conditions
[2.222s] writing list of installed files to '/home/ningbo@netid.washington.edu/ros2_ws/build/examples_rclpy_guard_conditions/install.log'
[2.909s] Invoked command in '/home/ningbo@netid.washington.edu/ros2_ws/src/examples/rclpy/guard_conditions' returned '0': PYTHONPATH=/home/ningbo@netid.washington.edu/ros2_ws/build/examples_rclpy_guard_conditions/prefix_override:/home/ningbo@netid.washington.edu/ros2_ws/install/examples_rclpy_guard_conditions/lib/python3.10/site-packages:${PYTHONPATH} /usr/bin/python3 -W ignore:setup.py install is deprecated setup.py egg_info --egg-base ../../../../build/examples_rclpy_guard_conditions build --build-base /home/ningbo@netid.washington.edu/ros2_ws/build/examples_rclpy_guard_conditions/build install --record /home/ningbo@netid.washington.edu/ros2_ws/build/examples_rclpy_guard_conditions/install.log --single-version-externally-managed install_data
