[1.311s] Invoking command in '/home/ningbo@netid.washington.edu/ros2_ws/src/examples/rclpy/executors': PYTHONPATH=/home/ningbo@netid.washington.edu/ros2_ws/build/examples_rclpy_executors/prefix_override:/home/ningbo@netid.washington.edu/ros2_ws/install/examples_rclpy_executors/lib/python3.10/site-packages:${PYTHONPATH} /usr/bin/python3 -W ignore:setup.py install is deprecated setup.py egg_info --egg-base ../../../../build/examples_rclpy_executors build --build-base /home/ningbo@netid.washington.edu/ros2_ws/build/examples_rclpy_executors/build install --record /home/ningbo@netid.washington.edu/ros2_ws/build/examples_rclpy_executors/install.log --single-version-externally-managed install_data
[1.701s] running egg_info
[1.701s] writing ../../../../build/examples_rclpy_executors/examples_rclpy_executors.egg-info/PKG-INFO
[1.702s] writing dependency_links to ../../../../build/examples_rclpy_executors/examples_rclpy_executors.egg-info/dependency_links.txt
[1.702s] writing entry points to ../../../../build/examples_rclpy_executors/examples_rclpy_executors.egg-info/entry_points.txt
[1.702s] writing requirements to ../../../../build/examples_rclpy_executors/examples_rclpy_executors.egg-info/requires.txt
[1.702s] writing top-level names to ../../../../build/examples_rclpy_executors/examples_rclpy_executors.egg-info/top_level.txt
[1.704s] reading manifest file '../../../../build/examples_rclpy_executors/examples_rclpy_executors.egg-info/SOURCES.txt'
[1.705s] writing manifest file '../../../../build/examples_rclpy_executors/examples_rclpy_executors.egg-info/SOURCES.txt'
[1.705s] running build
[1.706s] running build_py
[1.707s] running install
[1.707s] running install_lib
[1.709s] running install_data
[1.710s] running install_egg_info
[1.712s] removing '/home/ningbo@netid.washington.edu/ros2_ws/install/examples_rclpy_executors/lib/python3.10/site-packages/examples_rclpy_executors-0.15.3-py3.10.egg-info' (and everything under it)
[1.712s] Copying ../../../../build/examples_rclpy_executors/examples_rclpy_executors.egg-info to /home/ningbo@netid.washington.edu/ros2_ws/install/examples_rclpy_executors/lib/python3.10/site-packages/examples_rclpy_executors-0.15.3-py3.10.egg-info
[1.713s] running install_scripts
[1.739s] Installing callback_group script to /home/ningbo@netid.washington.edu/ros2_ws/install/examples_rclpy_executors/lib/examples_rclpy_executors
[1.739s] Installing composed script to /home/ningbo@netid.washington.edu/ros2_ws/install/examples_rclpy_executors/lib/examples_rclpy_executors
[1.739s] Installing custom_callback_group script to /home/ningbo@netid.washington.edu/ros2_ws/install/examples_rclpy_executors/lib/examples_rclpy_executors
[1.739s] Installing custom_executor script to /home/ningbo@netid.washington.edu/ros2_ws/install/examples_rclpy_executors/lib/examples_rclpy_executors
[1.739s] Installing listener script to /home/ningbo@netid.washington.edu/ros2_ws/install/examples_rclpy_executors/lib/examples_rclpy_executors
[1.739s] Installing talker script to /home/ningbo@netid.washington.edu/ros2_ws/install/examples_rclpy_executors/lib/examples_rclpy_executors
[1.740s] writing list of installed files to '/home/ningbo@netid.washington.edu/ros2_ws/build/examples_rclpy_executors/install.log'
[2.174s] Invoked command in '/home/ningbo@netid.washington.edu/ros2_ws/src/examples/rclpy/executors' returned '0': PYTHONPATH=/home/ningbo@netid.washington.edu/ros2_ws/build/examples_rclpy_executors/prefix_override:/home/ningbo@netid.washington.edu/ros2_ws/install/examples_rclpy_executors/lib/python3.10/site-packages:${PYTHONPATH} /usr/bin/python3 -W ignore:setup.py install is deprecated setup.py egg_info --egg-base ../../../../build/examples_rclpy_executors build --build-base /home/ningbo@netid.washington.edu/ros2_ws/build/examples_rclpy_executors/build install --record /home/ningbo@netid.washington.edu/ros2_ws/build/examples_rclpy_executors/install.log --single-version-externally-managed install_data
