[1.244s] Invoking command in '/home/ningbo@netid.washington.edu/ros2_ws/build/examples_rclpy_minimal_action_client': PYTHONPATH=/home/ningbo@netid.washington.edu/ros2_ws/build/examples_rclpy_minimal_action_client/prefix_override:/home/ningbo@netid.washington.edu/ros2_ws/install/examples_rclpy_minimal_action_client/lib/python3.10/site-packages:${PYTHONPATH} /usr/bin/python3 -W ignore:setup.py install is deprecated setup.py develop --uninstall --editable --build-directory /home/ningbo@netid.washington.edu/ros2_ws/build/examples_rclpy_minimal_action_client/build
[1.619s] running develop
[1.619s] /usr/lib/python3/dist-packages/setuptools/command/easy_install.py:158: EasyInstallDeprecationWarning: easy_install command is deprecated. Use build and pip and other standards-based tools.
[1.620s]   warnings.warn(
[1.898s] Removing /home/ningbo@netid.washington.edu/ros2_ws/install/examples_rclpy_minimal_action_client/lib/python3.10/site-packages/examples-rclpy-minimal-action-client.egg-link (link to .)
[2.344s] Invoked command in '/home/ningbo@netid.washington.edu/ros2_ws/build/examples_rclpy_minimal_action_client' returned '0': PYTHONPATH=/home/ningbo@netid.washington.edu/ros2_ws/build/examples_rclpy_minimal_action_client/prefix_override:/home/ningbo@netid.washington.edu/ros2_ws/install/examples_rclpy_minimal_action_client/lib/python3.10/site-packages:${PYTHONPATH} /usr/bin/python3 -W ignore:setup.py install is deprecated setup.py develop --uninstall --editable --build-directory /home/ningbo@netid.washington.edu/ros2_ws/build/examples_rclpy_minimal_action_client/build
[2.346s] Invoking command in '/home/ningbo@netid.washington.edu/ros2_ws/src/examples/rclpy/actions/minimal_action_client': PYTHONPATH=/home/ningbo@netid.washington.edu/ros2_ws/build/examples_rclpy_minimal_action_client/prefix_override:/home/ningbo@netid.washington.edu/ros2_ws/install/examples_rclpy_minimal_action_client/lib/python3.10/site-packages:${PYTHONPATH} /usr/bin/python3 -W ignore:setup.py install is deprecated setup.py egg_info --egg-base ../../../../../build/examples_rclpy_minimal_action_client build --build-base /home/ningbo@netid.washington.edu/ros2_ws/build/examples_rclpy_minimal_action_client/build install --record /home/ningbo@netid.washington.edu/ros2_ws/build/examples_rclpy_minimal_action_client/install.log --single-version-externally-managed install_data --force
[2.940s] running egg_info
[2.940s] writing ../../../../../build/examples_rclpy_minimal_action_client/examples_rclpy_minimal_action_client.egg-info/PKG-INFO
[2.940s] writing dependency_links to ../../../../../build/examples_rclpy_minimal_action_client/examples_rclpy_minimal_action_client.egg-info/dependency_links.txt
[2.940s] writing entry points to ../../../../../build/examples_rclpy_minimal_action_client/examples_rclpy_minimal_action_client.egg-info/entry_points.txt
[2.941s] writing requirements to ../../../../../build/examples_rclpy_minimal_action_client/examples_rclpy_minimal_action_client.egg-info/requires.txt
[2.941s] writing top-level names to ../../../../../build/examples_rclpy_minimal_action_client/examples_rclpy_minimal_action_client.egg-info/top_level.txt
[2.943s] reading manifest file '../../../../../build/examples_rclpy_minimal_action_client/examples_rclpy_minimal_action_client.egg-info/SOURCES.txt'
[2.950s] writing manifest file '../../../../../build/examples_rclpy_minimal_action_client/examples_rclpy_minimal_action_client.egg-info/SOURCES.txt'
[2.950s] running build
[2.950s] running build_py
[2.950s] creating /home/ningbo@netid.washington.edu/ros2_ws/build/examples_rclpy_minimal_action_client/build
[2.951s] creating /home/ningbo@netid.washington.edu/ros2_ws/build/examples_rclpy_minimal_action_client/build/lib
[2.951s] creating /home/ningbo@netid.washington.edu/ros2_ws/build/examples_rclpy_minimal_action_client/build/lib/examples_rclpy_minimal_action_client
[2.951s] copying examples_rclpy_minimal_action_client/client.py -> /home/ningbo@netid.washington.edu/ros2_ws/build/examples_rclpy_minimal_action_client/build/lib/examples_rclpy_minimal_action_client
[2.951s] copying examples_rclpy_minimal_action_client/client_asyncio.py -> /home/ningbo@netid.washington.edu/ros2_ws/build/examples_rclpy_minimal_action_client/build/lib/examples_rclpy_minimal_action_client
[2.952s] copying examples_rclpy_minimal_action_client/client_cancel.py -> /home/ningbo@netid.washington.edu/ros2_ws/build/examples_rclpy_minimal_action_client/build/lib/examples_rclpy_minimal_action_client
[2.952s] copying examples_rclpy_minimal_action_client/__init__.py -> /home/ningbo@netid.washington.edu/ros2_ws/build/examples_rclpy_minimal_action_client/build/lib/examples_rclpy_minimal_action_client
[2.952s] copying examples_rclpy_minimal_action_client/client_not_composable.py -> /home/ningbo@netid.washington.edu/ros2_ws/build/examples_rclpy_minimal_action_client/build/lib/examples_rclpy_minimal_action_client
[2.952s] running install
[2.952s] running install_lib
[2.953s] creating /home/ningbo@netid.washington.edu/ros2_ws/install/examples_rclpy_minimal_action_client/lib/python3.10/site-packages/examples_rclpy_minimal_action_client
[2.953s] copying /home/ningbo@netid.washington.edu/ros2_ws/build/examples_rclpy_minimal_action_client/build/lib/examples_rclpy_minimal_action_client/client.py -> /home/ningbo@netid.washington.edu/ros2_ws/install/examples_rclpy_minimal_action_client/lib/python3.10/site-packages/examples_rclpy_minimal_action_client
[2.957s] copying /home/ningbo@netid.washington.edu/ros2_ws/build/examples_rclpy_minimal_action_client/build/lib/examples_rclpy_minimal_action_client/client_asyncio.py -> /home/ningbo@netid.washington.edu/ros2_ws/install/examples_rclpy_minimal_action_client/lib/python3.10/site-packages/examples_rclpy_minimal_action_client
[2.957s] copying /home/ningbo@netid.washington.edu/ros2_ws/build/examples_rclpy_minimal_action_client/build/lib/examples_rclpy_minimal_action_client/client_cancel.py -> /home/ningbo@netid.washington.edu/ros2_ws/install/examples_rclpy_minimal_action_client/lib/python3.10/site-packages/examples_rclpy_minimal_action_client
[2.957s] copying /home/ningbo@netid.washington.edu/ros2_ws/build/examples_rclpy_minimal_action_client/build/lib/examples_rclpy_minimal_action_client/__init__.py -> /home/ningbo@netid.washington.edu/ros2_ws/install/examples_rclpy_minimal_action_client/lib/python3.10/site-packages/examples_rclpy_minimal_action_client
[2.958s] copying /home/ningbo@netid.washington.edu/ros2_ws/build/examples_rclpy_minimal_action_client/build/lib/examples_rclpy_minimal_action_client/client_not_composable.py -> /home/ningbo@netid.washington.edu/ros2_ws/install/examples_rclpy_minimal_action_client/lib/python3.10/site-packages/examples_rclpy_minimal_action_client
[2.959s] byte-compiling /home/ningbo@netid.washington.edu/ros2_ws/install/examples_rclpy_minimal_action_client/lib/python3.10/site-packages/examples_rclpy_minimal_action_client/client.py to client.cpython-310.pyc
[2.960s] byte-compiling /home/ningbo@netid.washington.edu/ros2_ws/install/examples_rclpy_minimal_action_client/lib/python3.10/site-packages/examples_rclpy_minimal_action_client/client_asyncio.py to client_asyncio.cpython-310.pyc
[2.960s] byte-compiling /home/ningbo@netid.washington.edu/ros2_ws/install/examples_rclpy_minimal_action_client/lib/python3.10/site-packages/examples_rclpy_minimal_action_client/client_cancel.py to client_cancel.cpython-310.pyc
[2.964s] byte-compiling /home/ningbo@netid.washington.edu/ros2_ws/install/examples_rclpy_minimal_action_client/lib/python3.10/site-packages/examples_rclpy_minimal_action_client/__init__.py to __init__.cpython-310.pyc
[2.964s] byte-compiling /home/ningbo@netid.washington.edu/ros2_ws/install/examples_rclpy_minimal_action_client/lib/python3.10/site-packages/examples_rclpy_minimal_action_client/client_not_composable.py to client_not_composable.cpython-310.pyc
[2.965s] running install_data
[2.965s] copying resource/examples_rclpy_minimal_action_client -> /home/ningbo@netid.washington.edu/ros2_ws/install/examples_rclpy_minimal_action_client/share/ament_index/resource_index/packages
[2.967s] copying package.xml -> /home/ningbo@netid.washington.edu/ros2_ws/install/examples_rclpy_minimal_action_client/share/examples_rclpy_minimal_action_client
[2.967s] running install_egg_info
[2.968s] Copying ../../../../../build/examples_rclpy_minimal_action_client/examples_rclpy_minimal_action_client.egg-info to /home/ningbo@netid.washington.edu/ros2_ws/install/examples_rclpy_minimal_action_client/lib/python3.10/site-packages/examples_rclpy_minimal_action_client-0.15.3-py3.10.egg-info
[2.968s] running install_scripts
[3.008s] Installing client script to /home/ningbo@netid.washington.edu/ros2_ws/install/examples_rclpy_minimal_action_client/lib/examples_rclpy_minimal_action_client
[3.009s] Installing client_asyncio script to /home/ningbo@netid.washington.edu/ros2_ws/install/examples_rclpy_minimal_action_client/lib/examples_rclpy_minimal_action_client
[3.009s] Installing client_cancel script to /home/ningbo@netid.washington.edu/ros2_ws/install/examples_rclpy_minimal_action_client/lib/examples_rclpy_minimal_action_client
[3.009s] Installing client_not_composable script to /home/ningbo@netid.washington.edu/ros2_ws/install/examples_rclpy_minimal_action_client/lib/examples_rclpy_minimal_action_client
[3.011s] writing list of installed files to '/home/ningbo@netid.washington.edu/ros2_ws/build/examples_rclpy_minimal_action_client/install.log'
[3.213s] Invoked command in '/home/ningbo@netid.washington.edu/ros2_ws/src/examples/rclpy/actions/minimal_action_client' returned '0': PYTHONPATH=/home/ningbo@netid.washington.edu/ros2_ws/build/examples_rclpy_minimal_action_client/prefix_override:/home/ningbo@netid.washington.edu/ros2_ws/install/examples_rclpy_minimal_action_client/lib/python3.10/site-packages:${PYTHONPATH} /usr/bin/python3 -W ignore:setup.py install is deprecated setup.py egg_info --egg-base ../../../../../build/examples_rclpy_minimal_action_client build --build-base /home/ningbo@netid.washington.edu/ros2_ws/build/examples_rclpy_minimal_action_client/build install --record /home/ningbo@netid.washington.edu/ros2_ws/build/examples_rclpy_minimal_action_client/install.log --single-version-externally-managed install_data --force
