[3.130s] Invoking command in '/home/ningbo@netid.washington.edu/ros2_ws/build/examples_rclpy_executors': PYTHONPATH=/home/ningbo@netid.washington.edu/ros2_ws/build/examples_rclpy_executors/prefix_override:/home/ningbo@netid.washington.edu/ros2_ws/install/examples_rclpy_executors/lib/python3.10/site-packages:${PYTHONPATH} /usr/bin/python3 -W ignore:setup.py install is deprecated setup.py develop --editable --build-directory /home/ningbo@netid.washington.edu/ros2_ws/build/examples_rclpy_executors/build --no-deps symlink_data
[4.314s] running develop
[4.326s] /usr/lib/python3/dist-packages/setuptools/command/easy_install.py:158: EasyInstallDeprecationWarning: easy_install command is deprecated. Use build and pip and other standards-based tools.
[4.326s]   warnings.warn(
[5.180s] running egg_info
[5.180s] creating examples_rclpy_executors.egg-info
[5.180s] writing examples_rclpy_executors.egg-info/PKG-INFO
[5.181s] writing dependency_links to examples_rclpy_executors.egg-info/dependency_links.txt
[5.184s] writing entry points to examples_rclpy_executors.egg-info/entry_points.txt
[5.184s] writing requirements to examples_rclpy_executors.egg-info/requires.txt
[5.185s] writing top-level names to examples_rclpy_executors.egg-info/top_level.txt
[5.185s] writing manifest file 'examples_rclpy_executors.egg-info/SOURCES.txt'
[5.195s] reading manifest file 'examples_rclpy_executors.egg-info/SOURCES.txt'
[5.195s] writing manifest file 'examples_rclpy_executors.egg-info/SOURCES.txt'
[5.202s] running build_ext
[5.203s] Creating /home/ningbo@netid.washington.edu/ros2_ws/install/examples_rclpy_executors/lib/python3.10/site-packages/examples-rclpy-executors.egg-link (link to .)
[5.210s] Installing callback_group script to /home/ningbo@netid.washington.edu/ros2_ws/install/examples_rclpy_executors/lib/examples_rclpy_executors
[5.211s] Installing composed script to /home/ningbo@netid.washington.edu/ros2_ws/install/examples_rclpy_executors/lib/examples_rclpy_executors
[5.211s] Installing custom_callback_group script to /home/ningbo@netid.washington.edu/ros2_ws/install/examples_rclpy_executors/lib/examples_rclpy_executors
[5.211s] Installing custom_executor script to /home/ningbo@netid.washington.edu/ros2_ws/install/examples_rclpy_executors/lib/examples_rclpy_executors
[5.215s] Installing listener script to /home/ningbo@netid.washington.edu/ros2_ws/install/examples_rclpy_executors/lib/examples_rclpy_executors
[5.215s] Installing talker script to /home/ningbo@netid.washington.edu/ros2_ws/install/examples_rclpy_executors/lib/examples_rclpy_executors
[5.216s] 
[5.216s] Installed /home/ningbo@netid.washington.edu/ros2_ws/build/examples_rclpy_executors
[5.216s] running symlink_data
[5.216s] creating /home/ningbo@netid.washington.edu/ros2_ws/install/examples_rclpy_executors/share/ament_index
[5.216s] creating /home/ningbo@netid.washington.edu/ros2_ws/install/examples_rclpy_executors/share/ament_index/resource_index
[5.217s] creating /home/ningbo@netid.washington.edu/ros2_ws/install/examples_rclpy_executors/share/ament_index/resource_index/packages
[5.217s] symbolically linking /home/ningbo@netid.washington.edu/ros2_ws/build/examples_rclpy_executors/resource/examples_rclpy_executors -> /home/ningbo@netid.washington.edu/ros2_ws/install/examples_rclpy_executors/share/ament_index/resource_index/packages
[5.217s] symbolically linking /home/ningbo@netid.washington.edu/ros2_ws/build/examples_rclpy_executors/package.xml -> /home/ningbo@netid.washington.edu/ros2_ws/install/examples_rclpy_executors/share/examples_rclpy_executors
[5.340s] Invoked command in '/home/ningbo@netid.washington.edu/ros2_ws/build/examples_rclpy_executors' returned '0': PYTHONPATH=/home/ningbo@netid.washington.edu/ros2_ws/build/examples_rclpy_executors/prefix_override:/home/ningbo@netid.washington.edu/ros2_ws/install/examples_rclpy_executors/lib/python3.10/site-packages:${PYTHONPATH} /usr/bin/python3 -W ignore:setup.py install is deprecated setup.py develop --editable --build-directory /home/ningbo@netid.washington.edu/ros2_ws/build/examples_rclpy_executors/build --no-deps symlink_data
