[1.560s] Invoking command in '/home/ningbo@netid.washington.edu/ros2_ws/build/examples_rclpy_pointcloud_publisher': PYTHONPATH=/home/ningbo@netid.washington.edu/ros2_ws/build/examples_rclpy_pointcloud_publisher/prefix_override:/home/ningbo@netid.washington.edu/ros2_ws/install/examples_rclpy_pointcloud_publisher/lib/python3.10/site-packages:${PYTHONPATH} /usr/bin/python3 -W ignore:setup.py install is deprecated setup.py develop --uninstall --editable --build-directory /home/ningbo@netid.washington.edu/ros2_ws/build/examples_rclpy_pointcloud_publisher/build
[1.907s] running develop
[1.907s] /usr/lib/python3/dist-packages/setuptools/command/easy_install.py:158: EasyInstallDeprecationWarning: easy_install command is deprecated. Use build and pip and other standards-based tools.
[1.908s]   warnings.warn(
[2.136s] Removing /home/ningbo@netid.washington.edu/ros2_ws/install/examples_rclpy_pointcloud_publisher/lib/python3.10/site-packages/examples-rclpy-pointcloud-publisher.egg-link (link to .)
[2.168s] Invoked command in '/home/ningbo@netid.washington.edu/ros2_ws/build/examples_rclpy_pointcloud_publisher' returned '0': PYTHONPATH=/home/ningbo@netid.washington.edu/ros2_ws/build/examples_rclpy_pointcloud_publisher/prefix_override:/home/ningbo@netid.washington.edu/ros2_ws/install/examples_rclpy_pointcloud_publisher/lib/python3.10/site-packages:${PYTHONPATH} /usr/bin/python3 -W ignore:setup.py install is deprecated setup.py develop --uninstall --editable --build-directory /home/ningbo@netid.washington.edu/ros2_ws/build/examples_rclpy_pointcloud_publisher/build
[2.170s] Invoking command in '/home/ningbo@netid.washington.edu/ros2_ws/src/examples/rclpy/topics/pointcloud_publisher': PYTHONPATH=/home/ningbo@netid.washington.edu/ros2_ws/build/examples_rclpy_pointcloud_publisher/prefix_override:/home/ningbo@netid.washington.edu/ros2_ws/install/examples_rclpy_pointcloud_publisher/lib/python3.10/site-packages:${PYTHONPATH} /usr/bin/python3 -W ignore:setup.py install is deprecated setup.py egg_info --egg-base ../../../../../build/examples_rclpy_pointcloud_publisher build --build-base /home/ningbo@netid.washington.edu/ros2_ws/build/examples_rclpy_pointcloud_publisher/build install --record /home/ningbo@netid.washington.edu/ros2_ws/build/examples_rclpy_pointcloud_publisher/install.log --single-version-externally-managed install_data --force
[2.461s] running egg_info
[2.462s] writing ../../../../../build/examples_rclpy_pointcloud_publisher/examples_rclpy_pointcloud_publisher.egg-info/PKG-INFO
[2.462s] writing dependency_links to ../../../../../build/examples_rclpy_pointcloud_publisher/examples_rclpy_pointcloud_publisher.egg-info/dependency_links.txt
[2.462s] writing entry points to ../../../../../build/examples_rclpy_pointcloud_publisher/examples_rclpy_pointcloud_publisher.egg-info/entry_points.txt
[2.463s] writing requirements to ../../../../../build/examples_rclpy_pointcloud_publisher/examples_rclpy_pointcloud_publisher.egg-info/requires.txt
[2.463s] writing top-level names to ../../../../../build/examples_rclpy_pointcloud_publisher/examples_rclpy_pointcloud_publisher.egg-info/top_level.txt
[2.465s] reading manifest file '../../../../../build/examples_rclpy_pointcloud_publisher/examples_rclpy_pointcloud_publisher.egg-info/SOURCES.txt'
[2.466s] writing manifest file '../../../../../build/examples_rclpy_pointcloud_publisher/examples_rclpy_pointcloud_publisher.egg-info/SOURCES.txt'
[2.466s] running build
[2.466s] running build_py
[2.466s] creating /home/ningbo@netid.washington.edu/ros2_ws/build/examples_rclpy_pointcloud_publisher/build
[2.467s] creating /home/ningbo@netid.washington.edu/ros2_ws/build/examples_rclpy_pointcloud_publisher/build/lib
[2.467s] creating /home/ningbo@netid.washington.edu/ros2_ws/build/examples_rclpy_pointcloud_publisher/build/lib/examples_rclpy_pointcloud_publisher
[2.467s] copying examples_rclpy_pointcloud_publisher/pointcloud_publisher.py -> /home/ningbo@netid.washington.edu/ros2_ws/build/examples_rclpy_pointcloud_publisher/build/lib/examples_rclpy_pointcloud_publisher
[2.467s] copying examples_rclpy_pointcloud_publisher/__init__.py -> /home/ningbo@netid.washington.edu/ros2_ws/build/examples_rclpy_pointcloud_publisher/build/lib/examples_rclpy_pointcloud_publisher
[2.468s] running install
[2.468s] running install_lib
[2.469s] creating /home/ningbo@netid.washington.edu/ros2_ws/install/examples_rclpy_pointcloud_publisher/lib/python3.10/site-packages/examples_rclpy_pointcloud_publisher
[2.469s] copying /home/ningbo@netid.washington.edu/ros2_ws/build/examples_rclpy_pointcloud_publisher/build/lib/examples_rclpy_pointcloud_publisher/pointcloud_publisher.py -> /home/ningbo@netid.washington.edu/ros2_ws/install/examples_rclpy_pointcloud_publisher/lib/python3.10/site-packages/examples_rclpy_pointcloud_publisher
[2.469s] copying /home/ningbo@netid.washington.edu/ros2_ws/build/examples_rclpy_pointcloud_publisher/build/lib/examples_rclpy_pointcloud_publisher/__init__.py -> /home/ningbo@netid.washington.edu/ros2_ws/install/examples_rclpy_pointcloud_publisher/lib/python3.10/site-packages/examples_rclpy_pointcloud_publisher
[2.470s] byte-compiling /home/ningbo@netid.washington.edu/ros2_ws/install/examples_rclpy_pointcloud_publisher/lib/python3.10/site-packages/examples_rclpy_pointcloud_publisher/pointcloud_publisher.py to pointcloud_publisher.cpython-310.pyc
[2.470s] byte-compiling /home/ningbo@netid.washington.edu/ros2_ws/install/examples_rclpy_pointcloud_publisher/lib/python3.10/site-packages/examples_rclpy_pointcloud_publisher/__init__.py to __init__.cpython-310.pyc
[2.471s] running install_data
[2.471s] copying resource/examples_rclpy_pointcloud_publisher -> /home/ningbo@netid.washington.edu/ros2_ws/install/examples_rclpy_pointcloud_publisher/share/ament_index/resource_index/packages
[2.471s] copying package.xml -> /home/ningbo@netid.washington.edu/ros2_ws/install/examples_rclpy_pointcloud_publisher/share/examples_rclpy_pointcloud_publisher
[2.471s] running install_egg_info
[2.473s] Copying ../../../../../build/examples_rclpy_pointcloud_publisher/examples_rclpy_pointcloud_publisher.egg-info to /home/ningbo@netid.washington.edu/ros2_ws/install/examples_rclpy_pointcloud_publisher/lib/python3.10/site-packages/examples_rclpy_pointcloud_publisher-0.15.3-py3.10.egg-info
[2.474s] running install_scripts
[2.498s] Installing pointcloud_publisher script to /home/ningbo@netid.washington.edu/ros2_ws/install/examples_rclpy_pointcloud_publisher/lib/examples_rclpy_pointcloud_publisher
[2.498s] writing list of installed files to '/home/ningbo@netid.washington.edu/ros2_ws/build/examples_rclpy_pointcloud_publisher/install.log'
[2.527s] Invoked command in '/home/ningbo@netid.washington.edu/ros2_ws/src/examples/rclpy/topics/pointcloud_publisher' returned '0': PYTHONPATH=/home/ningbo@netid.washington.edu/ros2_ws/build/examples_rclpy_pointcloud_publisher/prefix_override:/home/ningbo@netid.washington.edu/ros2_ws/install/examples_rclpy_pointcloud_publisher/lib/python3.10/site-packages:${PYTHONPATH} /usr/bin/python3 -W ignore:setup.py install is deprecated setup.py egg_info --egg-base ../../../../../build/examples_rclpy_pointcloud_publisher build --build-base /home/ningbo@netid.washington.edu/ros2_ws/build/examples_rclpy_pointcloud_publisher/build install --record /home/ningbo@netid.washington.edu/ros2_ws/build/examples_rclpy_pointcloud_publisher/install.log --single-version-externally-managed install_data --force
