[0.124s] DEBUG:colcon:Command line arguments: ['/usr/bin/colcon', 'build']
[0.124s] DEBUG:colcon:Parsed command line arguments: Namespace(log_base=None, log_level=None, verb_name='build', build_base='build', install_base='install', merge_install=False, symlink_install=False, test_result_base=None, continue_on_error=False, executor='parallel', parallel_workers=8, event_handlers=None, ignore_user_meta=False, metas=['./colcon.meta'], base_paths=['.'], packages_ignore=None, packages_ignore_regex=None, paths=None, packages_up_to=None, packages_up_to_regex=None, packages_above=None, packages_above_and_dependencies=None, packages_above_depth=None, packages_select_by_dep=None, packages_skip_by_dep=None, packages_skip_up_to=None, packages_select_build_failed=False, packages_skip_build_finished=False, packages_select_test_failures=False, packages_skip_test_passed=False, packages_select=None, packages_skip=None, packages_select_regex=None, packages_skip_regex=None, packages_start=None, packages_end=None, allow_overriding=[], cmake_args=None, cmake_target=None, cmake_target_skip_unavailable=False, cmake_clean_cache=False, cmake_clean_first=False, cmake_force_configure=False, ament_cmake_args=None, catkin_cmake_args=None, catkin_skip_building_tests=False, mixin_files=None, mixin=None, verb_parser=<colcon_mixin.mixin.mixin_argument.MixinArgumentDecorator object at 0x73c3a113add0>, verb_extension=<colcon_core.verb.build.BuildVerb object at 0x73c3a113a860>, main=<bound method BuildVerb.main of <colcon_core.verb.build.BuildVerb object at 0x73c3a113a860>>, mixin_verb=('build',))
[0.308s] Level 1:colcon.colcon_core.package_discovery:discover_packages(colcon_meta) check parameters
[0.308s] Level 1:colcon.colcon_core.package_discovery:discover_packages(recursive) check parameters
[0.308s] Level 1:colcon.colcon_core.package_discovery:discover_packages(ignore) check parameters
[0.308s] Level 1:colcon.colcon_core.package_discovery:discover_packages(path) check parameters
[0.308s] Level 1:colcon.colcon_core.package_discovery:discover_packages(colcon_meta) discover
[0.309s] Level 1:colcon.colcon_core.package_discovery:discover_packages(recursive) discover
[0.309s] INFO:colcon.colcon_core.package_discovery:Crawling recursively for packages in '/home/ningbo@netid.washington.edu/robot/my_ros2_ws'
[0.309s] Level 1:colcon.colcon_core.package_identification:_identify(.) by extensions ['ignore', 'ignore_ament_install']
[0.309s] Level 1:colcon.colcon_core.package_identification:_identify(.) by extension 'ignore'
[0.309s] Level 1:colcon.colcon_core.package_identification:_identify(.) by extension 'ignore_ament_install'
[0.309s] Level 1:colcon.colcon_core.package_identification:_identify(.) by extensions ['colcon_pkg']
[0.309s] Level 1:colcon.colcon_core.package_identification:_identify(.) by extension 'colcon_pkg'
[0.309s] Level 1:colcon.colcon_core.package_identification:_identify(.) by extensions ['colcon_meta']
[0.309s] Level 1:colcon.colcon_core.package_identification:_identify(.) by extension 'colcon_meta'
[0.309s] Level 1:colcon.colcon_core.package_identification:_identify(.) by extensions ['ros']
[0.309s] Level 1:colcon.colcon_core.package_identification:_identify(.) by extension 'ros'
[0.319s] Level 1:colcon.colcon_core.package_identification:_identify(.) by extensions ['cmake', 'python']
[0.319s] Level 1:colcon.colcon_core.package_identification:_identify(.) by extension 'cmake'
[0.320s] Level 1:colcon.colcon_core.package_identification:_identify(.) by extension 'python'
[0.320s] Level 1:colcon.colcon_core.package_identification:_identify(.) by extensions ['python_setup_py']
[0.320s] Level 1:colcon.colcon_core.package_identification:_identify(.) by extension 'python_setup_py'
[0.320s] Level 1:colcon.colcon_core.package_identification:_identify(build) by extensions ['ignore', 'ignore_ament_install']
[0.320s] Level 1:colcon.colcon_core.package_identification:_identify(build) by extension 'ignore'
[0.320s] Level 1:colcon.colcon_core.package_identification:_identify(build) ignored
[0.320s] Level 1:colcon.colcon_core.package_identification:_identify(install) by extensions ['ignore', 'ignore_ament_install']
[0.320s] Level 1:colcon.colcon_core.package_identification:_identify(install) by extension 'ignore'
[0.320s] Level 1:colcon.colcon_core.package_identification:_identify(install) ignored
[0.321s] Level 1:colcon.colcon_core.package_identification:_identify(log) by extensions ['ignore', 'ignore_ament_install']
[0.321s] Level 1:colcon.colcon_core.package_identification:_identify(log) by extension 'ignore'
[0.321s] Level 1:colcon.colcon_core.package_identification:_identify(log) ignored
[0.321s] Level 1:colcon.colcon_core.package_identification:_identify(src) by extensions ['ignore', 'ignore_ament_install']
[0.321s] Level 1:colcon.colcon_core.package_identification:_identify(src) by extension 'ignore'
[0.321s] Level 1:colcon.colcon_core.package_identification:_identify(src) by extension 'ignore_ament_install'
[0.321s] Level 1:colcon.colcon_core.package_identification:_identify(src) by extensions ['colcon_pkg']
[0.321s] Level 1:colcon.colcon_core.package_identification:_identify(src) by extension 'colcon_pkg'
[0.321s] Level 1:colcon.colcon_core.package_identification:_identify(src) by extensions ['colcon_meta']
[0.321s] Level 1:colcon.colcon_core.package_identification:_identify(src) by extension 'colcon_meta'
[0.321s] Level 1:colcon.colcon_core.package_identification:_identify(src) by extensions ['ros']
[0.321s] Level 1:colcon.colcon_core.package_identification:_identify(src) by extension 'ros'
[0.321s] Level 1:colcon.colcon_core.package_identification:_identify(src) by extensions ['cmake', 'python']
[0.321s] Level 1:colcon.colcon_core.package_identification:_identify(src) by extension 'cmake'
[0.321s] Level 1:colcon.colcon_core.package_identification:_identify(src) by extension 'python'
[0.321s] Level 1:colcon.colcon_core.package_identification:_identify(src) by extensions ['python_setup_py']
[0.321s] Level 1:colcon.colcon_core.package_identification:_identify(src) by extension 'python_setup_py'
[0.321s] Level 1:colcon.colcon_core.package_identification:_identify(src/t516_lab1) by extensions ['ignore', 'ignore_ament_install']
[0.321s] Level 1:colcon.colcon_core.package_identification:_identify(src/t516_lab1) by extension 'ignore'
[0.321s] Level 1:colcon.colcon_core.package_identification:_identify(src/t516_lab1) by extension 'ignore_ament_install'
[0.322s] Level 1:colcon.colcon_core.package_identification:_identify(src/t516_lab1) by extensions ['colcon_pkg']
[0.322s] Level 1:colcon.colcon_core.package_identification:_identify(src/t516_lab1) by extension 'colcon_pkg'
[0.322s] Level 1:colcon.colcon_core.package_identification:_identify(src/t516_lab1) by extensions ['colcon_meta']
[0.322s] Level 1:colcon.colcon_core.package_identification:_identify(src/t516_lab1) by extension 'colcon_meta'
[0.322s] Level 1:colcon.colcon_core.package_identification:_identify(src/t516_lab1) by extensions ['ros']
[0.322s] Level 1:colcon.colcon_core.package_identification:_identify(src/t516_lab1) by extension 'ros'
[0.324s] DEBUG:colcon.colcon_core.package_identification:Package 'src/t516_lab1' with type 'ros.ament_python' and name 't516_lab1'
[0.324s] Level 1:colcon.colcon_core.package_discovery:discover_packages(recursive) using defaults
[0.324s] Level 1:colcon.colcon_core.package_discovery:discover_packages(ignore) discover
[0.325s] Level 1:colcon.colcon_core.package_discovery:discover_packages(ignore) using defaults
[0.325s] Level 1:colcon.colcon_core.package_discovery:discover_packages(path) discover
[0.325s] Level 1:colcon.colcon_core.package_discovery:discover_packages(path) using defaults
[0.360s] Level 1:colcon.colcon_core.package_discovery:discover_packages(prefix_path) check parameters
[0.360s] Level 1:colcon.colcon_core.package_discovery:discover_packages(prefix_path) discover
[0.362s] DEBUG:colcon.colcon_installed_package_information.package_discovery:Found 1 installed packages in /home/ningbo@netid.washington.edu/robot/my_ros2_ws/install
[0.362s] DEBUG:colcon.colcon_installed_package_information.package_discovery:Found 12 installed packages in /home/ningbo@netid.washington.edu/robot/TECHIN516/turtlebot_ws/install
[0.364s] DEBUG:colcon.colcon_installed_package_information.package_discovery:Found 425 installed packages in /opt/ros/humble
[0.367s] Level 1:colcon.colcon_core.package_discovery:discover_packages(prefix_path) using defaults
[0.423s] Level 5:colcon.colcon_core.verb:set package 't516_lab1' build argument 'cmake_args' from command line to 'None'
[0.423s] Level 5:colcon.colcon_core.verb:set package 't516_lab1' build argument 'cmake_target' from command line to 'None'
[0.423s] Level 5:colcon.colcon_core.verb:set package 't516_lab1' build argument 'cmake_target_skip_unavailable' from command line to 'False'
[0.423s] Level 5:colcon.colcon_core.verb:set package 't516_lab1' build argument 'cmake_clean_cache' from command line to 'False'
[0.423s] Level 5:colcon.colcon_core.verb:set package 't516_lab1' build argument 'cmake_clean_first' from command line to 'False'
[0.423s] Level 5:colcon.colcon_core.verb:set package 't516_lab1' build argument 'cmake_force_configure' from command line to 'False'
[0.423s] Level 5:colcon.colcon_core.verb:set package 't516_lab1' build argument 'ament_cmake_args' from command line to 'None'
[0.424s] Level 5:colcon.colcon_core.verb:set package 't516_lab1' build argument 'catkin_cmake_args' from command line to 'None'
[0.424s] Level 5:colcon.colcon_core.verb:set package 't516_lab1' build argument 'catkin_skip_building_tests' from command line to 'False'
[0.424s] DEBUG:colcon.colcon_core.verb:Building package 't516_lab1' with the following arguments: {'ament_cmake_args': None, 'build_base': '/home/ningbo@netid.washington.edu/robot/my_ros2_ws/build/t516_lab1', 'catkin_cmake_args': None, 'catkin_skip_building_tests': False, 'cmake_args': None, 'cmake_clean_cache': False, 'cmake_clean_first': False, 'cmake_force_configure': False, 'cmake_target': None, 'cmake_target_skip_unavailable': False, 'install_base': '/home/ningbo@netid.washington.edu/robot/my_ros2_ws/install/t516_lab1', 'merge_install': False, 'path': '/home/ningbo@netid.washington.edu/robot/my_ros2_ws/src/t516_lab1', 'symlink_install': False, 'test_result_base': None}
[0.424s] INFO:colcon.colcon_core.executor:Executing jobs using 'parallel' executor
[0.424s] DEBUG:colcon.colcon_parallel_executor.executor.parallel:run_until_complete
[0.425s] INFO:colcon.colcon_ros.task.ament_python.build:Building ROS package in '/home/ningbo@netid.washington.edu/robot/my_ros2_ws/src/t516_lab1' with build type 'ament_python'
[0.425s] Level 1:colcon.colcon_core.shell:create_environment_hook('t516_lab1', 'ament_prefix_path')
[0.426s] INFO:colcon.colcon_core.plugin_system:Skipping extension 'colcon_core.shell.bat': Not used on non-Windows systems
[0.427s] INFO:colcon.colcon_core.shell:Creating environment hook '/home/ningbo@netid.washington.edu/robot/my_ros2_ws/install/t516_lab1/share/t516_lab1/hook/ament_prefix_path.ps1'
[0.427s] INFO:colcon.colcon_core.shell:Creating environment descriptor '/home/ningbo@netid.washington.edu/robot/my_ros2_ws/install/t516_lab1/share/t516_lab1/hook/ament_prefix_path.dsv'
[0.427s] INFO:colcon.colcon_core.shell:Creating environment hook '/home/ningbo@netid.washington.edu/robot/my_ros2_ws/install/t516_lab1/share/t516_lab1/hook/ament_prefix_path.sh'
[0.428s] INFO:colcon.colcon_core.shell:Skip shell extension 'powershell' for command environment: Not usable outside of PowerShell
[0.428s] DEBUG:colcon.colcon_core.shell:Skip shell extension 'dsv' for command environment
[0.729s] INFO:colcon.colcon_core.task.python.build:Building Python package in '/home/ningbo@netid.washington.edu/robot/my_ros2_ws/src/t516_lab1'
[0.730s] INFO:colcon.colcon_core.shell:Skip shell extension 'powershell' for command environment: Not usable outside of PowerShell
[0.730s] DEBUG:colcon.colcon_core.shell:Skip shell extension 'dsv' for command environment
[1.156s] DEBUG:colcon.colcon_core.event_handler.log_command:Invoking command in '/home/ningbo@netid.washington.edu/robot/my_ros2_ws/src/t516_lab1': PYTHONPATH=/home/ningbo@netid.washington.edu/robot/my_ros2_ws/build/t516_lab1/prefix_override:/home/ningbo@netid.washington.edu/robot/my_ros2_ws/install/t516_lab1/lib/python3.10/site-packages:${PYTHONPATH} /usr/bin/python3 -W ignore:setup.py install is deprecated setup.py egg_info --egg-base ../../build/t516_lab1 build --build-base /home/ningbo@netid.washington.edu/robot/my_ros2_ws/build/t516_lab1/build install --record /home/ningbo@netid.washington.edu/robot/my_ros2_ws/build/t516_lab1/install.log --single-version-externally-managed install_data
[1.507s] DEBUG:colcon.colcon_core.event_handler.log_command:Invoked command in '/home/ningbo@netid.washington.edu/robot/my_ros2_ws/src/t516_lab1' returned '0': PYTHONPATH=/home/ningbo@netid.washington.edu/robot/my_ros2_ws/build/t516_lab1/prefix_override:/home/ningbo@netid.washington.edu/robot/my_ros2_ws/install/t516_lab1/lib/python3.10/site-packages:${PYTHONPATH} /usr/bin/python3 -W ignore:setup.py install is deprecated setup.py egg_info --egg-base ../../build/t516_lab1 build --build-base /home/ningbo@netid.washington.edu/robot/my_ros2_ws/build/t516_lab1/build install --record /home/ningbo@netid.washington.edu/robot/my_ros2_ws/build/t516_lab1/install.log --single-version-externally-managed install_data
[1.510s] Level 1:colcon.colcon_core.environment:checking '/home/ningbo@netid.washington.edu/robot/my_ros2_ws/install/t516_lab1' for CMake module files
[1.510s] Level 1:colcon.colcon_core.environment:checking '/home/ningbo@netid.washington.edu/robot/my_ros2_ws/install/t516_lab1' for CMake config files
[1.511s] Level 1:colcon.colcon_core.environment:checking '/home/ningbo@netid.washington.edu/robot/my_ros2_ws/install/t516_lab1/lib'
[1.511s] Level 1:colcon.colcon_core.environment:checking '/home/ningbo@netid.washington.edu/robot/my_ros2_ws/install/t516_lab1/bin'
[1.511s] Level 1:colcon.colcon_core.environment:checking '/home/ningbo@netid.washington.edu/robot/my_ros2_ws/install/t516_lab1/lib/pkgconfig/t516_lab1.pc'
[1.511s] Level 1:colcon.colcon_core.environment:checking '/home/ningbo@netid.washington.edu/robot/my_ros2_ws/install/t516_lab1/lib/python3.10/site-packages'
[1.511s] Level 1:colcon.colcon_core.shell:create_environment_hook('t516_lab1', 'pythonpath')
[1.512s] INFO:colcon.colcon_core.shell:Creating environment hook '/home/ningbo@netid.washington.edu/robot/my_ros2_ws/install/t516_lab1/share/t516_lab1/hook/pythonpath.ps1'
[1.512s] INFO:colcon.colcon_core.shell:Creating environment descriptor '/home/ningbo@netid.washington.edu/robot/my_ros2_ws/install/t516_lab1/share/t516_lab1/hook/pythonpath.dsv'
[1.512s] INFO:colcon.colcon_core.shell:Creating environment hook '/home/ningbo@netid.washington.edu/robot/my_ros2_ws/install/t516_lab1/share/t516_lab1/hook/pythonpath.sh'
[1.513s] Level 1:colcon.colcon_core.environment:checking '/home/ningbo@netid.washington.edu/robot/my_ros2_ws/install/t516_lab1/bin'
[1.513s] Level 1:colcon.colcon_core.environment:create_environment_scripts_only(t516_lab1)
[1.513s] INFO:colcon.colcon_core.shell:Creating package script '/home/ningbo@netid.washington.edu/robot/my_ros2_ws/install/t516_lab1/share/t516_lab1/package.ps1'
[1.514s] INFO:colcon.colcon_core.shell:Creating package descriptor '/home/ningbo@netid.washington.edu/robot/my_ros2_ws/install/t516_lab1/share/t516_lab1/package.dsv'
[1.515s] INFO:colcon.colcon_core.shell:Creating package script '/home/ningbo@netid.washington.edu/robot/my_ros2_ws/install/t516_lab1/share/t516_lab1/package.sh'
[1.516s] INFO:colcon.colcon_core.shell:Creating package script '/home/ningbo@netid.washington.edu/robot/my_ros2_ws/install/t516_lab1/share/t516_lab1/package.bash'
[1.516s] INFO:colcon.colcon_core.shell:Creating package script '/home/ningbo@netid.washington.edu/robot/my_ros2_ws/install/t516_lab1/share/t516_lab1/package.zsh'
[1.517s] Level 1:colcon.colcon_core.environment:create_file_with_runtime_dependencies(/home/ningbo@netid.washington.edu/robot/my_ros2_ws/install/t516_lab1/share/colcon-core/packages/t516_lab1)
[1.517s] DEBUG:colcon.colcon_parallel_executor.executor.parallel:closing loop
[1.518s] DEBUG:colcon.colcon_parallel_executor.executor.parallel:loop closed
[1.518s] DEBUG:colcon.colcon_parallel_executor.executor.parallel:run_until_complete finished with '0'
[1.518s] DEBUG:colcon.colcon_core.event_reactor:joining thread
[1.524s] INFO:colcon.colcon_core.plugin_system:Skipping extension 'colcon_notification.desktop_notification.terminal_notifier': Not used on non-Darwin systems
[1.525s] INFO:colcon.colcon_core.plugin_system:Skipping extension 'colcon_notification.desktop_notification.win32': Not used on non-Windows systems
[1.525s] INFO:colcon.colcon_notification.desktop_notification:Sending desktop notification using 'notify2'
[1.538s] DEBUG:colcon.colcon_core.event_reactor:joined thread
[1.538s] INFO:colcon.colcon_core.shell:Creating prefix script '/home/ningbo@netid.washington.edu/robot/my_ros2_ws/install/local_setup.ps1'
[1.539s] INFO:colcon.colcon_core.shell:Creating prefix util module '/home/ningbo@netid.washington.edu/robot/my_ros2_ws/install/_local_setup_util_ps1.py'
[1.541s] INFO:colcon.colcon_core.shell:Creating prefix chain script '/home/ningbo@netid.washington.edu/robot/my_ros2_ws/install/setup.ps1'
[1.543s] INFO:colcon.colcon_core.shell:Creating prefix script '/home/ningbo@netid.washington.edu/robot/my_ros2_ws/install/local_setup.sh'
[1.544s] INFO:colcon.colcon_core.shell:Creating prefix util module '/home/ningbo@netid.washington.edu/robot/my_ros2_ws/install/_local_setup_util_sh.py'
[1.545s] INFO:colcon.colcon_core.shell:Creating prefix chain script '/home/ningbo@netid.washington.edu/robot/my_ros2_ws/install/setup.sh'
[1.546s] INFO:colcon.colcon_core.shell:Creating prefix script '/home/ningbo@netid.washington.edu/robot/my_ros2_ws/install/local_setup.bash'
[1.547s] INFO:colcon.colcon_core.shell:Creating prefix chain script '/home/ningbo@netid.washington.edu/robot/my_ros2_ws/install/setup.bash'
[1.548s] INFO:colcon.colcon_core.shell:Creating prefix script '/home/ningbo@netid.washington.edu/robot/my_ros2_ws/install/local_setup.zsh'
[1.549s] INFO:colcon.colcon_core.shell:Creating prefix chain script '/home/ningbo@netid.washington.edu/robot/my_ros2_ws/install/setup.zsh'
