[2.199s] Invoking command in '/home/ningbo@netid.washington.edu/ros2_ws/src/examples/rclpy/services/minimal_service': PYTHONPATH=/home/ningbo@netid.washington.edu/ros2_ws/build/examples_rclpy_minimal_service/prefix_override:/home/ningbo@netid.washington.edu/ros2_ws/install/examples_rclpy_minimal_service/lib/python3.10/site-packages:${PYTHONPATH} /usr/bin/python3 -W ignore:setup.py install is deprecated setup.py egg_info --egg-base ../../../../../build/examples_rclpy_minimal_service build --build-base /home/ningbo@netid.washington.edu/ros2_ws/build/examples_rclpy_minimal_service/build install --record /home/ningbo@netid.washington.edu/ros2_ws/build/examples_rclpy_minimal_service/install.log --single-version-externally-managed install_data
[2.586s] running egg_info
[2.587s] writing ../../../../../build/examples_rclpy_minimal_service/examples_rclpy_minimal_service.egg-info/PKG-INFO
[2.587s] writing dependency_links to ../../../../../build/examples_rclpy_minimal_service/examples_rclpy_minimal_service.egg-info/dependency_links.txt
[2.588s] writing entry points to ../../../../../build/examples_rclpy_minimal_service/examples_rclpy_minimal_service.egg-info/entry_points.txt
[2.588s] writing requirements to ../../../../../build/examples_rclpy_minimal_service/examples_rclpy_minimal_service.egg-info/requires.txt
[2.588s] writing top-level names to ../../../../../build/examples_rclpy_minimal_service/examples_rclpy_minimal_service.egg-info/top_level.txt
[2.592s] reading manifest file '../../../../../build/examples_rclpy_minimal_service/examples_rclpy_minimal_service.egg-info/SOURCES.txt'
[2.595s] writing manifest file '../../../../../build/examples_rclpy_minimal_service/examples_rclpy_minimal_service.egg-info/SOURCES.txt'
[2.596s] running build
[2.597s] running build_py
[2.597s] running install
[2.597s] running install_lib
[2.598s] running install_data
[2.598s] running install_egg_info
[2.601s] removing '/home/ningbo@netid.washington.edu/ros2_ws/install/examples_rclpy_minimal_service/lib/python3.10/site-packages/examples_rclpy_minimal_service-0.15.3-py3.10.egg-info' (and everything under it)
[2.602s] Copying ../../../../../build/examples_rclpy_minimal_service/examples_rclpy_minimal_service.egg-info to /home/ningbo@netid.washington.edu/ros2_ws/install/examples_rclpy_minimal_service/lib/python3.10/site-packages/examples_rclpy_minimal_service-0.15.3-py3.10.egg-info
[2.603s] running install_scripts
[2.636s] Installing service script to /home/ningbo@netid.washington.edu/ros2_ws/install/examples_rclpy_minimal_service/lib/examples_rclpy_minimal_service
[2.636s] Installing service_member_function script to /home/ningbo@netid.washington.edu/ros2_ws/install/examples_rclpy_minimal_service/lib/examples_rclpy_minimal_service
[2.636s] writing list of installed files to '/home/ningbo@netid.washington.edu/ros2_ws/build/examples_rclpy_minimal_service/install.log'
[2.689s] Invoked command in '/home/ningbo@netid.washington.edu/ros2_ws/src/examples/rclpy/services/minimal_service' returned '0': PYTHONPATH=/home/ningbo@netid.washington.edu/ros2_ws/build/examples_rclpy_minimal_service/prefix_override:/home/ningbo@netid.washington.edu/ros2_ws/install/examples_rclpy_minimal_service/lib/python3.10/site-packages:${PYTHONPATH} /usr/bin/python3 -W ignore:setup.py install is deprecated setup.py egg_info --egg-base ../../../../../build/examples_rclpy_minimal_service build --build-base /home/ningbo@netid.washington.edu/ros2_ws/build/examples_rclpy_minimal_service/build install --record /home/ningbo@netid.washington.edu/ros2_ws/build/examples_rclpy_minimal_service/install.log --single-version-externally-managed install_data
