[1.806s] Invoking command in '/home/ningbo@netid.washington.edu/ros2_ws/build/examples_rclpy_minimal_service': PYTHONPATH=/home/ningbo@netid.washington.edu/ros2_ws/build/examples_rclpy_minimal_service/prefix_override:/home/ningbo@netid.washington.edu/ros2_ws/install/examples_rclpy_minimal_service/lib/python3.10/site-packages:${PYTHONPATH} /usr/bin/python3 -W ignore:setup.py install is deprecated setup.py develop --editable --build-directory /home/ningbo@netid.washington.edu/ros2_ws/build/examples_rclpy_minimal_service/build --no-deps symlink_data
[2.603s] running develop
[2.603s] /usr/lib/python3/dist-packages/setuptools/command/easy_install.py:158: EasyInstallDeprecationWarning: easy_install command is deprecated. Use build and pip and other standards-based tools.
[2.604s]   warnings.warn(
[3.070s] running egg_info
[3.070s] creating examples_rclpy_minimal_service.egg-info
[3.070s] writing examples_rclpy_minimal_service.egg-info/PKG-INFO
[3.070s] writing dependency_links to examples_rclpy_minimal_service.egg-info/dependency_links.txt
[3.071s] writing entry points to examples_rclpy_minimal_service.egg-info/entry_points.txt
[3.071s] writing requirements to examples_rclpy_minimal_service.egg-info/requires.txt
[3.071s] writing top-level names to examples_rclpy_minimal_service.egg-info/top_level.txt
[3.072s] writing manifest file 'examples_rclpy_minimal_service.egg-info/SOURCES.txt'
[3.076s] reading manifest file 'examples_rclpy_minimal_service.egg-info/SOURCES.txt'
[3.077s] writing manifest file 'examples_rclpy_minimal_service.egg-info/SOURCES.txt'
[3.080s] running build_ext
[3.081s] Creating /home/ningbo@netid.washington.edu/ros2_ws/install/examples_rclpy_minimal_service/lib/python3.10/site-packages/examples-rclpy-minimal-service.egg-link (link to .)
[3.083s] Installing service script to /home/ningbo@netid.washington.edu/ros2_ws/install/examples_rclpy_minimal_service/lib/examples_rclpy_minimal_service
[3.083s] Installing service_member_function script to /home/ningbo@netid.washington.edu/ros2_ws/install/examples_rclpy_minimal_service/lib/examples_rclpy_minimal_service
[3.084s] 
[3.084s] Installed /home/ningbo@netid.washington.edu/ros2_ws/build/examples_rclpy_minimal_service
[3.084s] running symlink_data
[3.084s] creating /home/ningbo@netid.washington.edu/ros2_ws/install/examples_rclpy_minimal_service/share/ament_index
[3.085s] creating /home/ningbo@netid.washington.edu/ros2_ws/install/examples_rclpy_minimal_service/share/ament_index/resource_index
[3.085s] creating /home/ningbo@netid.washington.edu/ros2_ws/install/examples_rclpy_minimal_service/share/ament_index/resource_index/packages
[3.085s] symbolically linking /home/ningbo@netid.washington.edu/ros2_ws/build/examples_rclpy_minimal_service/resource/examples_rclpy_minimal_service -> /home/ningbo@netid.washington.edu/ros2_ws/install/examples_rclpy_minimal_service/share/ament_index/resource_index/packages
[3.086s] symbolically linking /home/ningbo@netid.washington.edu/ros2_ws/build/examples_rclpy_minimal_service/package.xml -> /home/ningbo@netid.washington.edu/ros2_ws/install/examples_rclpy_minimal_service/share/examples_rclpy_minimal_service
[3.844s] Invoked command in '/home/ningbo@netid.washington.edu/ros2_ws/build/examples_rclpy_minimal_service' returned '0': PYTHONPATH=/home/ningbo@netid.washington.edu/ros2_ws/build/examples_rclpy_minimal_service/prefix_override:/home/ningbo@netid.washington.edu/ros2_ws/install/examples_rclpy_minimal_service/lib/python3.10/site-packages:${PYTHONPATH} /usr/bin/python3 -W ignore:setup.py install is deprecated setup.py develop --editable --build-directory /home/ningbo@netid.washington.edu/ros2_ws/build/examples_rclpy_minimal_service/build --no-deps symlink_data
