[1.852s] Invoking command in '/home/ningbo@netid.washington.edu/ros2_ws/build/examples_rclpy_minimal_action_server': PYTHONPATH=/home/ningbo@netid.washington.edu/ros2_ws/build/examples_rclpy_minimal_action_server/prefix_override:/home/ningbo@netid.washington.edu/ros2_ws/install/examples_rclpy_minimal_action_server/lib/python3.10/site-packages:${PYTHONPATH} /usr/bin/python3 -W ignore:setup.py install is deprecated setup.py develop --uninstall --editable --build-directory /home/ningbo@netid.washington.edu/ros2_ws/build/examples_rclpy_minimal_action_server/build
[2.496s] running develop
[2.496s] /usr/lib/python3/dist-packages/setuptools/command/easy_install.py:158: EasyInstallDeprecationWarning: easy_install command is deprecated. Use build and pip and other standards-based tools.
[2.496s]   warnings.warn(
[2.769s] Removing /home/ningbo@netid.washington.edu/ros2_ws/install/examples_rclpy_minimal_action_server/lib/python3.10/site-packages/examples-rclpy-minimal-action-server.egg-link (link to .)
[3.454s] Invoked command in '/home/ningbo@netid.washington.edu/ros2_ws/build/examples_rclpy_minimal_action_server' returned '0': PYTHONPATH=/home/ningbo@netid.washington.edu/ros2_ws/build/examples_rclpy_minimal_action_server/prefix_override:/home/ningbo@netid.washington.edu/ros2_ws/install/examples_rclpy_minimal_action_server/lib/python3.10/site-packages:${PYTHONPATH} /usr/bin/python3 -W ignore:setup.py install is deprecated setup.py develop --uninstall --editable --build-directory /home/ningbo@netid.washington.edu/ros2_ws/build/examples_rclpy_minimal_action_server/build
[3.455s] Invoking command in '/home/ningbo@netid.washington.edu/ros2_ws/src/examples/rclpy/actions/minimal_action_server': PYTHONPATH=/home/ningbo@netid.washington.edu/ros2_ws/build/examples_rclpy_minimal_action_server/prefix_override:/home/ningbo@netid.washington.edu/ros2_ws/install/examples_rclpy_minimal_action_server/lib/python3.10/site-packages:${PYTHONPATH} /usr/bin/python3 -W ignore:setup.py install is deprecated setup.py egg_info --egg-base ../../../../../build/examples_rclpy_minimal_action_server build --build-base /home/ningbo@netid.washington.edu/ros2_ws/build/examples_rclpy_minimal_action_server/build install --record /home/ningbo@netid.washington.edu/ros2_ws/build/examples_rclpy_minimal_action_server/install.log --single-version-externally-managed install_data --force
[4.062s] running egg_info
[4.062s] writing ../../../../../build/examples_rclpy_minimal_action_server/examples_rclpy_minimal_action_server.egg-info/PKG-INFO
[4.062s] writing dependency_links to ../../../../../build/examples_rclpy_minimal_action_server/examples_rclpy_minimal_action_server.egg-info/dependency_links.txt
[4.063s] writing entry points to ../../../../../build/examples_rclpy_minimal_action_server/examples_rclpy_minimal_action_server.egg-info/entry_points.txt
[4.063s] writing requirements to ../../../../../build/examples_rclpy_minimal_action_server/examples_rclpy_minimal_action_server.egg-info/requires.txt
[4.065s] writing top-level names to ../../../../../build/examples_rclpy_minimal_action_server/examples_rclpy_minimal_action_server.egg-info/top_level.txt
[4.065s] reading manifest file '../../../../../build/examples_rclpy_minimal_action_server/examples_rclpy_minimal_action_server.egg-info/SOURCES.txt'
[4.070s] writing manifest file '../../../../../build/examples_rclpy_minimal_action_server/examples_rclpy_minimal_action_server.egg-info/SOURCES.txt'
[4.070s] running build
[4.070s] running build_py
[4.070s] creating /home/ningbo@netid.washington.edu/ros2_ws/build/examples_rclpy_minimal_action_server/build
[4.070s] creating /home/ningbo@netid.washington.edu/ros2_ws/build/examples_rclpy_minimal_action_server/build/lib
[4.071s] creating /home/ningbo@netid.washington.edu/ros2_ws/build/examples_rclpy_minimal_action_server/build/lib/examples_rclpy_minimal_action_server
[4.071s] copying examples_rclpy_minimal_action_server/server_defer.py -> /home/ningbo@netid.washington.edu/ros2_ws/build/examples_rclpy_minimal_action_server/build/lib/examples_rclpy_minimal_action_server
[4.071s] copying examples_rclpy_minimal_action_server/server_single_goal.py -> /home/ningbo@netid.washington.edu/ros2_ws/build/examples_rclpy_minimal_action_server/build/lib/examples_rclpy_minimal_action_server
[4.071s] copying examples_rclpy_minimal_action_server/server_not_composable.py -> /home/ningbo@netid.washington.edu/ros2_ws/build/examples_rclpy_minimal_action_server/build/lib/examples_rclpy_minimal_action_server
[4.072s] copying examples_rclpy_minimal_action_server/__init__.py -> /home/ningbo@netid.washington.edu/ros2_ws/build/examples_rclpy_minimal_action_server/build/lib/examples_rclpy_minimal_action_server
[4.072s] copying examples_rclpy_minimal_action_server/server.py -> /home/ningbo@netid.washington.edu/ros2_ws/build/examples_rclpy_minimal_action_server/build/lib/examples_rclpy_minimal_action_server
[4.076s] copying examples_rclpy_minimal_action_server/server_queue_goals.py -> /home/ningbo@netid.washington.edu/ros2_ws/build/examples_rclpy_minimal_action_server/build/lib/examples_rclpy_minimal_action_server
[4.076s] running install
[4.077s] running install_lib
[4.077s] creating /home/ningbo@netid.washington.edu/ros2_ws/install/examples_rclpy_minimal_action_server/lib/python3.10/site-packages/examples_rclpy_minimal_action_server
[4.078s] copying /home/ningbo@netid.washington.edu/ros2_ws/build/examples_rclpy_minimal_action_server/build/lib/examples_rclpy_minimal_action_server/server_defer.py -> /home/ningbo@netid.washington.edu/ros2_ws/install/examples_rclpy_minimal_action_server/lib/python3.10/site-packages/examples_rclpy_minimal_action_server
[4.078s] copying /home/ningbo@netid.washington.edu/ros2_ws/build/examples_rclpy_minimal_action_server/build/lib/examples_rclpy_minimal_action_server/server_single_goal.py -> /home/ningbo@netid.washington.edu/ros2_ws/install/examples_rclpy_minimal_action_server/lib/python3.10/site-packages/examples_rclpy_minimal_action_server
[4.079s] copying /home/ningbo@netid.washington.edu/ros2_ws/build/examples_rclpy_minimal_action_server/build/lib/examples_rclpy_minimal_action_server/server_not_composable.py -> /home/ningbo@netid.washington.edu/ros2_ws/install/examples_rclpy_minimal_action_server/lib/python3.10/site-packages/examples_rclpy_minimal_action_server
[4.079s] copying /home/ningbo@netid.washington.edu/ros2_ws/build/examples_rclpy_minimal_action_server/build/lib/examples_rclpy_minimal_action_server/__init__.py -> /home/ningbo@netid.washington.edu/ros2_ws/install/examples_rclpy_minimal_action_server/lib/python3.10/site-packages/examples_rclpy_minimal_action_server
[4.079s] copying /home/ningbo@netid.washington.edu/ros2_ws/build/examples_rclpy_minimal_action_server/build/lib/examples_rclpy_minimal_action_server/server.py -> /home/ningbo@netid.washington.edu/ros2_ws/install/examples_rclpy_minimal_action_server/lib/python3.10/site-packages/examples_rclpy_minimal_action_server
[4.079s] copying /home/ningbo@netid.washington.edu/ros2_ws/build/examples_rclpy_minimal_action_server/build/lib/examples_rclpy_minimal_action_server/server_queue_goals.py -> /home/ningbo@netid.washington.edu/ros2_ws/install/examples_rclpy_minimal_action_server/lib/python3.10/site-packages/examples_rclpy_minimal_action_server
[4.080s] byte-compiling /home/ningbo@netid.washington.edu/ros2_ws/install/examples_rclpy_minimal_action_server/lib/python3.10/site-packages/examples_rclpy_minimal_action_server/server_defer.py to server_defer.cpython-310.pyc
[4.084s] byte-compiling /home/ningbo@netid.washington.edu/ros2_ws/install/examples_rclpy_minimal_action_server/lib/python3.10/site-packages/examples_rclpy_minimal_action_server/server_single_goal.py to server_single_goal.cpython-310.pyc
[4.084s] byte-compiling /home/ningbo@netid.washington.edu/ros2_ws/install/examples_rclpy_minimal_action_server/lib/python3.10/site-packages/examples_rclpy_minimal_action_server/server_not_composable.py to server_not_composable.cpython-310.pyc
[4.084s] byte-compiling /home/ningbo@netid.washington.edu/ros2_ws/install/examples_rclpy_minimal_action_server/lib/python3.10/site-packages/examples_rclpy_minimal_action_server/__init__.py to __init__.cpython-310.pyc
[4.084s] byte-compiling /home/ningbo@netid.washington.edu/ros2_ws/install/examples_rclpy_minimal_action_server/lib/python3.10/site-packages/examples_rclpy_minimal_action_server/server.py to server.cpython-310.pyc
[4.086s] byte-compiling /home/ningbo@netid.washington.edu/ros2_ws/install/examples_rclpy_minimal_action_server/lib/python3.10/site-packages/examples_rclpy_minimal_action_server/server_queue_goals.py to server_queue_goals.cpython-310.pyc
[4.091s] running install_data
[4.091s] copying resource/examples_rclpy_minimal_action_server -> /home/ningbo@netid.washington.edu/ros2_ws/install/examples_rclpy_minimal_action_server/share/ament_index/resource_index/packages
[4.093s] copying package.xml -> /home/ningbo@netid.washington.edu/ros2_ws/install/examples_rclpy_minimal_action_server/share/examples_rclpy_minimal_action_server
[4.094s] running install_egg_info
[4.099s] Copying ../../../../../build/examples_rclpy_minimal_action_server/examples_rclpy_minimal_action_server.egg-info to /home/ningbo@netid.washington.edu/ros2_ws/install/examples_rclpy_minimal_action_server/lib/python3.10/site-packages/examples_rclpy_minimal_action_server-0.15.3-py3.10.egg-info
[4.099s] running install_scripts
[4.137s] Installing server script to /home/ningbo@netid.washington.edu/ros2_ws/install/examples_rclpy_minimal_action_server/lib/examples_rclpy_minimal_action_server
[4.138s] Installing server_defer script to /home/ningbo@netid.washington.edu/ros2_ws/install/examples_rclpy_minimal_action_server/lib/examples_rclpy_minimal_action_server
[4.138s] Installing server_not_composable script to /home/ningbo@netid.washington.edu/ros2_ws/install/examples_rclpy_minimal_action_server/lib/examples_rclpy_minimal_action_server
[4.138s] Installing server_queue_goals script to /home/ningbo@netid.washington.edu/ros2_ws/install/examples_rclpy_minimal_action_server/lib/examples_rclpy_minimal_action_server
[4.138s] Installing server_single_goal script to /home/ningbo@netid.washington.edu/ros2_ws/install/examples_rclpy_minimal_action_server/lib/examples_rclpy_minimal_action_server
[4.139s] writing list of installed files to '/home/ningbo@netid.washington.edu/ros2_ws/build/examples_rclpy_minimal_action_server/install.log'
[4.192s] Invoked command in '/home/ningbo@netid.washington.edu/ros2_ws/src/examples/rclpy/actions/minimal_action_server' returned '0': PYTHONPATH=/home/ningbo@netid.washington.edu/ros2_ws/build/examples_rclpy_minimal_action_server/prefix_override:/home/ningbo@netid.washington.edu/ros2_ws/install/examples_rclpy_minimal_action_server/lib/python3.10/site-packages:${PYTHONPATH} /usr/bin/python3 -W ignore:setup.py install is deprecated setup.py egg_info --egg-base ../../../../../build/examples_rclpy_minimal_action_server build --build-base /home/ningbo@netid.washington.edu/ros2_ws/build/examples_rclpy_minimal_action_server/build install --record /home/ningbo@netid.washington.edu/ros2_ws/build/examples_rclpy_minimal_action_server/install.log --single-version-externally-managed install_data --force
