[2.517s] Invoking command in '/home/ningbo@netid.washington.edu/ros2_ws/build/examples_rclpy_minimal_client': PYTHONPATH=/home/ningbo@netid.washington.edu/ros2_ws/build/examples_rclpy_minimal_client/prefix_override:/home/ningbo@netid.washington.edu/ros2_ws/install/examples_rclpy_minimal_client/lib/python3.10/site-packages:${PYTHONPATH} /usr/bin/python3 -W ignore:setup.py install is deprecated setup.py develop --editable --build-directory /home/ningbo@netid.washington.edu/ros2_ws/build/examples_rclpy_minimal_client/build --no-deps symlink_data
[3.332s] running develop
[3.333s] /usr/lib/python3/dist-packages/setuptools/command/easy_install.py:158: EasyInstallDeprecationWarning: easy_install command is deprecated. Use build and pip and other standards-based tools.
[3.333s]   warnings.warn(
[3.908s] running egg_info
[3.908s] creating examples_rclpy_minimal_client.egg-info
[3.909s] writing examples_rclpy_minimal_client.egg-info/PKG-INFO
[3.909s] writing dependency_links to examples_rclpy_minimal_client.egg-info/dependency_links.txt
[3.910s] writing entry points to examples_rclpy_minimal_client.egg-info/entry_points.txt
[3.913s] writing requirements to examples_rclpy_minimal_client.egg-info/requires.txt
[3.913s] writing top-level names to examples_rclpy_minimal_client.egg-info/top_level.txt
[3.913s] writing manifest file 'examples_rclpy_minimal_client.egg-info/SOURCES.txt'
[3.916s] reading manifest file 'examples_rclpy_minimal_client.egg-info/SOURCES.txt'
[3.917s] writing manifest file 'examples_rclpy_minimal_client.egg-info/SOURCES.txt'
[3.923s] running build_ext
[3.923s] Creating /home/ningbo@netid.washington.edu/ros2_ws/install/examples_rclpy_minimal_client/lib/python3.10/site-packages/examples-rclpy-minimal-client.egg-link (link to .)
[3.923s] Installing client script to /home/ningbo@netid.washington.edu/ros2_ws/install/examples_rclpy_minimal_client/lib/examples_rclpy_minimal_client
[3.923s] Installing client_async script to /home/ningbo@netid.washington.edu/ros2_ws/install/examples_rclpy_minimal_client/lib/examples_rclpy_minimal_client
[3.924s] Installing client_async_callback script to /home/ningbo@netid.washington.edu/ros2_ws/install/examples_rclpy_minimal_client/lib/examples_rclpy_minimal_client
[3.924s] Installing client_async_member_function script to /home/ningbo@netid.washington.edu/ros2_ws/install/examples_rclpy_minimal_client/lib/examples_rclpy_minimal_client
[3.924s] 
[3.924s] Installed /home/ningbo@netid.washington.edu/ros2_ws/build/examples_rclpy_minimal_client
[3.925s] running symlink_data
[3.925s] creating /home/ningbo@netid.washington.edu/ros2_ws/install/examples_rclpy_minimal_client/share/ament_index
[3.925s] creating /home/ningbo@netid.washington.edu/ros2_ws/install/examples_rclpy_minimal_client/share/ament_index/resource_index
[3.925s] creating /home/ningbo@netid.washington.edu/ros2_ws/install/examples_rclpy_minimal_client/share/ament_index/resource_index/packages
[3.925s] symbolically linking /home/ningbo@netid.washington.edu/ros2_ws/build/examples_rclpy_minimal_client/resource/examples_rclpy_minimal_client -> /home/ningbo@netid.washington.edu/ros2_ws/install/examples_rclpy_minimal_client/share/ament_index/resource_index/packages
[3.926s] symbolically linking /home/ningbo@netid.washington.edu/ros2_ws/build/examples_rclpy_minimal_client/package.xml -> /home/ningbo@netid.washington.edu/ros2_ws/install/examples_rclpy_minimal_client/share/examples_rclpy_minimal_client
[3.999s] Invoked command in '/home/ningbo@netid.washington.edu/ros2_ws/build/examples_rclpy_minimal_client' returned '0': PYTHONPATH=/home/ningbo@netid.washington.edu/ros2_ws/build/examples_rclpy_minimal_client/prefix_override:/home/ningbo@netid.washington.edu/ros2_ws/install/examples_rclpy_minimal_client/lib/python3.10/site-packages:${PYTHONPATH} /usr/bin/python3 -W ignore:setup.py install is deprecated setup.py develop --editable --build-directory /home/ningbo@netid.washington.edu/ros2_ws/build/examples_rclpy_minimal_client/build --no-deps symlink_data
