[1.790s] Invoking command in '/home/ningbo@netid.washington.edu/ros2_ws/src/examples/rclpy/executors': PYTHONPATH=/home/ningbo@netid.washington.edu/ros2_ws/build/examples_rclpy_executors/prefix_override:/home/ningbo@netid.washington.edu/ros2_ws/install/examples_rclpy_executors/lib/python3.10/site-packages:${PYTHONPATH} /usr/bin/python3 -W ignore:setup.py install is deprecated setup.py egg_info --egg-base ../../../../build/examples_rclpy_executors build --build-base /home/ningbo@netid.washington.edu/ros2_ws/build/examples_rclpy_executors/build install --record /home/ningbo@netid.washington.edu/ros2_ws/build/examples_rclpy_executors/install.log --single-version-externally-managed install_data
[2.137s] running egg_info
[2.137s] writing ../../../../build/examples_rclpy_executors/examples_rclpy_executors.egg-info/PKG-INFO
[2.138s] writing dependency_links to ../../../../build/examples_rclpy_executors/examples_rclpy_executors.egg-info/dependency_links.txt
[2.138s] writing entry points to ../../../../build/examples_rclpy_executors/examples_rclpy_executors.egg-info/entry_points.txt
[2.138s] writing requirements to ../../../../build/examples_rclpy_executors/examples_rclpy_executors.egg-info/requires.txt
[2.138s] writing top-level names to ../../../../build/examples_rclpy_executors/examples_rclpy_executors.egg-info/top_level.txt
[2.141s] reading manifest file '../../../../build/examples_rclpy_executors/examples_rclpy_executors.egg-info/SOURCES.txt'
[2.142s] writing manifest file '../../../../build/examples_rclpy_executors/examples_rclpy_executors.egg-info/SOURCES.txt'
[2.142s] running build
[2.142s] running build_py
[2.144s] running install
[2.144s] running install_lib
[2.146s] running install_data
[2.146s] running install_egg_info
[2.149s] removing '/home/ningbo@netid.washington.edu/ros2_ws/install/examples_rclpy_executors/lib/python3.10/site-packages/examples_rclpy_executors-0.15.3-py3.10.egg-info' (and everything under it)
[2.149s] Copying ../../../../build/examples_rclpy_executors/examples_rclpy_executors.egg-info to /home/ningbo@netid.washington.edu/ros2_ws/install/examples_rclpy_executors/lib/python3.10/site-packages/examples_rclpy_executors-0.15.3-py3.10.egg-info
[2.150s] running install_scripts
[2.176s] Installing callback_group script to /home/ningbo@netid.washington.edu/ros2_ws/install/examples_rclpy_executors/lib/examples_rclpy_executors
[2.177s] Installing composed script to /home/ningbo@netid.washington.edu/ros2_ws/install/examples_rclpy_executors/lib/examples_rclpy_executors
[2.177s] Installing custom_callback_group script to /home/ningbo@netid.washington.edu/ros2_ws/install/examples_rclpy_executors/lib/examples_rclpy_executors
[2.177s] Installing custom_executor script to /home/ningbo@netid.washington.edu/ros2_ws/install/examples_rclpy_executors/lib/examples_rclpy_executors
[2.177s] Installing listener script to /home/ningbo@netid.washington.edu/ros2_ws/install/examples_rclpy_executors/lib/examples_rclpy_executors
[2.177s] Installing talker script to /home/ningbo@netid.washington.edu/ros2_ws/install/examples_rclpy_executors/lib/examples_rclpy_executors
[2.178s] writing list of installed files to '/home/ningbo@netid.washington.edu/ros2_ws/build/examples_rclpy_executors/install.log'
[2.923s] Invoked command in '/home/ningbo@netid.washington.edu/ros2_ws/src/examples/rclpy/executors' returned '0': PYTHONPATH=/home/ningbo@netid.washington.edu/ros2_ws/build/examples_rclpy_executors/prefix_override:/home/ningbo@netid.washington.edu/ros2_ws/install/examples_rclpy_executors/lib/python3.10/site-packages:${PYTHONPATH} /usr/bin/python3 -W ignore:setup.py install is deprecated setup.py egg_info --egg-base ../../../../build/examples_rclpy_executors build --build-base /home/ningbo@netid.washington.edu/ros2_ws/build/examples_rclpy_executors/build install --record /home/ningbo@netid.washington.edu/ros2_ws/build/examples_rclpy_executors/install.log --single-version-externally-managed install_data
