[2.014s] Invoking command in '/home/ningbo@netid.washington.edu/ros2_ws/src/examples/rclpy/services/minimal_client': PYTHONPATH=/home/ningbo@netid.washington.edu/ros2_ws/build/examples_rclpy_minimal_client/prefix_override:/home/ningbo@netid.washington.edu/ros2_ws/install/examples_rclpy_minimal_client/lib/python3.10/site-packages:${PYTHONPATH} /usr/bin/python3 -W ignore:setup.py install is deprecated setup.py egg_info --egg-base ../../../../../build/examples_rclpy_minimal_client build --build-base /home/ningbo@netid.washington.edu/ros2_ws/build/examples_rclpy_minimal_client/build install --record /home/ningbo@netid.washington.edu/ros2_ws/build/examples_rclpy_minimal_client/install.log --single-version-externally-managed install_data
[2.712s] running egg_info
[2.712s] writing ../../../../../build/examples_rclpy_minimal_client/examples_rclpy_minimal_client.egg-info/PKG-INFO
[2.713s] writing dependency_links to ../../../../../build/examples_rclpy_minimal_client/examples_rclpy_minimal_client.egg-info/dependency_links.txt
[2.716s] writing entry points to ../../../../../build/examples_rclpy_minimal_client/examples_rclpy_minimal_client.egg-info/entry_points.txt
[2.716s] writing requirements to ../../../../../build/examples_rclpy_minimal_client/examples_rclpy_minimal_client.egg-info/requires.txt
[2.716s] writing top-level names to ../../../../../build/examples_rclpy_minimal_client/examples_rclpy_minimal_client.egg-info/top_level.txt
[2.717s] reading manifest file '../../../../../build/examples_rclpy_minimal_client/examples_rclpy_minimal_client.egg-info/SOURCES.txt'
[2.721s] writing manifest file '../../../../../build/examples_rclpy_minimal_client/examples_rclpy_minimal_client.egg-info/SOURCES.txt'
[2.721s] running build
[2.721s] running build_py
[2.722s] running install
[2.723s] running install_lib
[2.727s] running install_data
[2.727s] running install_egg_info
[2.729s] removing '/home/ningbo@netid.washington.edu/ros2_ws/install/examples_rclpy_minimal_client/lib/python3.10/site-packages/examples_rclpy_minimal_client-0.15.3-py3.10.egg-info' (and everything under it)
[2.729s] Copying ../../../../../build/examples_rclpy_minimal_client/examples_rclpy_minimal_client.egg-info to /home/ningbo@netid.washington.edu/ros2_ws/install/examples_rclpy_minimal_client/lib/python3.10/site-packages/examples_rclpy_minimal_client-0.15.3-py3.10.egg-info
[2.734s] running install_scripts
[2.773s] Installing client script to /home/ningbo@netid.washington.edu/ros2_ws/install/examples_rclpy_minimal_client/lib/examples_rclpy_minimal_client
[2.774s] Installing client_async script to /home/ningbo@netid.washington.edu/ros2_ws/install/examples_rclpy_minimal_client/lib/examples_rclpy_minimal_client
[2.774s] Installing client_async_callback script to /home/ningbo@netid.washington.edu/ros2_ws/install/examples_rclpy_minimal_client/lib/examples_rclpy_minimal_client
[2.774s] Installing client_async_member_function script to /home/ningbo@netid.washington.edu/ros2_ws/install/examples_rclpy_minimal_client/lib/examples_rclpy_minimal_client
[2.775s] writing list of installed files to '/home/ningbo@netid.washington.edu/ros2_ws/build/examples_rclpy_minimal_client/install.log'
[2.823s] Invoked command in '/home/ningbo@netid.washington.edu/ros2_ws/src/examples/rclpy/services/minimal_client' returned '0': PYTHONPATH=/home/ningbo@netid.washington.edu/ros2_ws/build/examples_rclpy_minimal_client/prefix_override:/home/ningbo@netid.washington.edu/ros2_ws/install/examples_rclpy_minimal_client/lib/python3.10/site-packages:${PYTHONPATH} /usr/bin/python3 -W ignore:setup.py install is deprecated setup.py egg_info --egg-base ../../../../../build/examples_rclpy_minimal_client build --build-base /home/ningbo@netid.washington.edu/ros2_ws/build/examples_rclpy_minimal_client/build install --record /home/ningbo@netid.washington.edu/ros2_ws/build/examples_rclpy_minimal_client/install.log --single-version-externally-managed install_data
