[2.528s] Invoking command in '/home/ningbo@netid.washington.edu/ros2_ws/build/examples_rclpy_minimal_publisher': PYTHONPATH=/home/ningbo@netid.washington.edu/ros2_ws/build/examples_rclpy_minimal_publisher/prefix_override:/home/ningbo@netid.washington.edu/ros2_ws/install/examples_rclpy_minimal_publisher/lib/python3.10/site-packages:${PYTHONPATH} /usr/bin/python3 -W ignore:setup.py install is deprecated setup.py develop --editable --build-directory /home/ningbo@netid.washington.edu/ros2_ws/build/examples_rclpy_minimal_publisher/build --no-deps symlink_data
[3.981s] running develop
[3.981s] running egg_info
[3.982s] creating examples_rclpy_minimal_publisher.egg-info
[3.982s] writing examples_rclpy_minimal_publisher.egg-info/PKG-INFO
[3.982s] writing dependency_links to examples_rclpy_minimal_publisher.egg-info/dependency_links.txt
[3.982s] writing entry points to examples_rclpy_minimal_publisher.egg-info/entry_points.txt
[3.982s] writing requirements to examples_rclpy_minimal_publisher.egg-info/requires.txt
[3.982s] writing top-level names to examples_rclpy_minimal_publisher.egg-info/top_level.txt
[3.982s] writing manifest file 'examples_rclpy_minimal_publisher.egg-info/SOURCES.txt'
[3.983s] reading manifest file 'examples_rclpy_minimal_publisher.egg-info/SOURCES.txt'
[3.983s] writing manifest file 'examples_rclpy_minimal_publisher.egg-info/SOURCES.txt'
[3.983s] running build_ext
[3.983s] Creating /home/ningbo@netid.washington.edu/ros2_ws/install/examples_rclpy_minimal_publisher/lib/python3.10/site-packages/examples-rclpy-minimal-publisher.egg-link (link to .)
[3.983s] Installing publisher_local_function script to /home/ningbo@netid.washington.edu/ros2_ws/install/examples_rclpy_minimal_publisher/lib/examples_rclpy_minimal_publisher
[3.984s] Installing publisher_member_function script to /home/ningbo@netid.washington.edu/ros2_ws/install/examples_rclpy_minimal_publisher/lib/examples_rclpy_minimal_publisher
[3.984s] Installing publisher_old_school script to /home/ningbo@netid.washington.edu/ros2_ws/install/examples_rclpy_minimal_publisher/lib/examples_rclpy_minimal_publisher
[3.984s] 
[3.984s] Installed /home/ningbo@netid.washington.edu/ros2_ws/build/examples_rclpy_minimal_publisher
[3.984s] running symlink_data
[3.984s] creating /home/ningbo@netid.washington.edu/ros2_ws/install/examples_rclpy_minimal_publisher/share/ament_index
[3.985s] creating /home/ningbo@netid.washington.edu/ros2_ws/install/examples_rclpy_minimal_publisher/share/ament_index/resource_index
[3.986s] creating /home/ningbo@netid.washington.edu/ros2_ws/install/examples_rclpy_minimal_publisher/share/ament_index/resource_index/packages
[3.986s] symbolically linking /home/ningbo@netid.washington.edu/ros2_ws/build/examples_rclpy_minimal_publisher/resource/examples_rclpy_minimal_publisher -> /home/ningbo@netid.washington.edu/ros2_ws/install/examples_rclpy_minimal_publisher/share/ament_index/resource_index/packages
[3.986s] symbolically linking /home/ningbo@netid.washington.edu/ros2_ws/build/examples_rclpy_minimal_publisher/package.xml -> /home/ningbo@netid.washington.edu/ros2_ws/install/examples_rclpy_minimal_publisher/share/examples_rclpy_minimal_publisher
[3.988s] /usr/lib/python3/dist-packages/setuptools/command/easy_install.py:158: EasyInstallDeprecationWarning: easy_install command is deprecated. Use build and pip and other standards-based tools.
[3.988s]   warnings.warn(
[4.018s] Invoked command in '/home/ningbo@netid.washington.edu/ros2_ws/build/examples_rclpy_minimal_publisher' returned '0': PYTHONPATH=/home/ningbo@netid.washington.edu/ros2_ws/build/examples_rclpy_minimal_publisher/prefix_override:/home/ningbo@netid.washington.edu/ros2_ws/install/examples_rclpy_minimal_publisher/lib/python3.10/site-packages:${PYTHONPATH} /usr/bin/python3 -W ignore:setup.py install is deprecated setup.py develop --editable --build-directory /home/ningbo@netid.washington.edu/ros2_ws/build/examples_rclpy_minimal_publisher/build --no-deps symlink_data
