[1.306s] Invoking command in '/home/ningbo@netid.washington.edu/ros2_ws/src/examples/rclpy/guard_conditions': PYTHONPATH=/home/ningbo@netid.washington.edu/ros2_ws/build/examples_rclpy_guard_conditions/prefix_override:/home/ningbo@netid.washington.edu/ros2_ws/install/examples_rclpy_guard_conditions/lib/python3.10/site-packages:${PYTHONPATH} /usr/bin/python3 -W ignore:setup.py install is deprecated setup.py egg_info --egg-base ../../../../build/examples_rclpy_guard_conditions build --build-base /home/ningbo@netid.washington.edu/ros2_ws/build/examples_rclpy_guard_conditions/build install --record /home/ningbo@netid.washington.edu/ros2_ws/build/examples_rclpy_guard_conditions/install.log --single-version-externally-managed install_data
[1.700s] running egg_info
[1.702s] writing ../../../../build/examples_rclpy_guard_conditions/examples_rclpy_guard_conditions.egg-info/PKG-INFO
[1.702s] writing dependency_links to ../../../../build/examples_rclpy_guard_conditions/examples_rclpy_guard_conditions.egg-info/dependency_links.txt
[1.702s] writing entry points to ../../../../build/examples_rclpy_guard_conditions/examples_rclpy_guard_conditions.egg-info/entry_points.txt
[1.702s] writing requirements to ../../../../build/examples_rclpy_guard_conditions/examples_rclpy_guard_conditions.egg-info/requires.txt
[1.702s] writing top-level names to ../../../../build/examples_rclpy_guard_conditions/examples_rclpy_guard_conditions.egg-info/top_level.txt
[1.705s] reading manifest file '../../../../build/examples_rclpy_guard_conditions/examples_rclpy_guard_conditions.egg-info/SOURCES.txt'
[1.706s] writing manifest file '../../../../build/examples_rclpy_guard_conditions/examples_rclpy_guard_conditions.egg-info/SOURCES.txt'
[1.706s] running build
[1.707s] running build_py
[1.708s] running install
[1.708s] running install_lib
[1.710s] running install_data
[1.710s] running install_egg_info
[1.712s] removing '/home/ningbo@netid.washington.edu/ros2_ws/install/examples_rclpy_guard_conditions/lib/python3.10/site-packages/examples_rclpy_guard_conditions-0.15.3-py3.10.egg-info' (and everything under it)
[1.713s] Copying ../../../../build/examples_rclpy_guard_conditions/examples_rclpy_guard_conditions.egg-info to /home/ningbo@netid.washington.edu/ros2_ws/install/examples_rclpy_guard_conditions/lib/python3.10/site-packages/examples_rclpy_guard_conditions-0.15.3-py3.10.egg-info
[1.714s] running install_scripts
[1.740s] Installing trigger_guard_condition script to /home/ningbo@netid.washington.edu/ros2_ws/install/examples_rclpy_guard_conditions/lib/examples_rclpy_guard_conditions
[1.740s] writing list of installed files to '/home/ningbo@netid.washington.edu/ros2_ws/build/examples_rclpy_guard_conditions/install.log'
[2.173s] Invoked command in '/home/ningbo@netid.washington.edu/ros2_ws/src/examples/rclpy/guard_conditions' returned '0': PYTHONPATH=/home/ningbo@netid.washington.edu/ros2_ws/build/examples_rclpy_guard_conditions/prefix_override:/home/ningbo@netid.washington.edu/ros2_ws/install/examples_rclpy_guard_conditions/lib/python3.10/site-packages:${PYTHONPATH} /usr/bin/python3 -W ignore:setup.py install is deprecated setup.py egg_info --egg-base ../../../../build/examples_rclpy_guard_conditions build --build-base /home/ningbo@netid.washington.edu/ros2_ws/build/examples_rclpy_guard_conditions/build install --record /home/ningbo@netid.washington.edu/ros2_ws/build/examples_rclpy_guard_conditions/install.log --single-version-externally-managed install_data
