[1.897s] Invoking command in '/home/ningbo@netid.washington.edu/ros2_ws/build/examples_rclpy_minimal_action_server': PYTHONPATH=/home/ningbo@netid.washington.edu/ros2_ws/build/examples_rclpy_minimal_action_server/prefix_override:/home/ningbo@netid.washington.edu/ros2_ws/install/examples_rclpy_minimal_action_server/lib/python3.10/site-packages:${PYTHONPATH} /usr/bin/python3 -W ignore:setup.py install is deprecated setup.py develop --editable --build-directory /home/ningbo@netid.washington.edu/ros2_ws/build/examples_rclpy_minimal_action_server/build --no-deps symlink_data
[5.713s] /usr/lib/python3/dist-packages/setuptools/command/easy_install.py:158: EasyInstallDeprecationWarning: easy_install command is deprecated. Use build and pip and other standards-based tools.
[5.714s]   warnings.warn(
[5.714s] running develop
[5.714s] running egg_info
[5.715s] creating examples_rclpy_minimal_action_server.egg-info
[5.715s] writing examples_rclpy_minimal_action_server.egg-info/PKG-INFO
[5.715s] writing dependency_links to examples_rclpy_minimal_action_server.egg-info/dependency_links.txt
[5.715s] writing entry points to examples_rclpy_minimal_action_server.egg-info/entry_points.txt
[5.716s] writing requirements to examples_rclpy_minimal_action_server.egg-info/requires.txt
[5.716s] writing top-level names to examples_rclpy_minimal_action_server.egg-info/top_level.txt
[5.716s] writing manifest file 'examples_rclpy_minimal_action_server.egg-info/SOURCES.txt'
[5.717s] reading manifest file 'examples_rclpy_minimal_action_server.egg-info/SOURCES.txt'
[5.717s] writing manifest file 'examples_rclpy_minimal_action_server.egg-info/SOURCES.txt'
[5.717s] running build_ext
[5.717s] Creating /home/ningbo@netid.washington.edu/ros2_ws/install/examples_rclpy_minimal_action_server/lib/python3.10/site-packages/examples-rclpy-minimal-action-server.egg-link (link to .)
[5.718s] Installing server script to /home/ningbo@netid.washington.edu/ros2_ws/install/examples_rclpy_minimal_action_server/lib/examples_rclpy_minimal_action_server
[5.718s] Installing server_defer script to /home/ningbo@netid.washington.edu/ros2_ws/install/examples_rclpy_minimal_action_server/lib/examples_rclpy_minimal_action_server
[5.718s] Installing server_not_composable script to /home/ningbo@netid.washington.edu/ros2_ws/install/examples_rclpy_minimal_action_server/lib/examples_rclpy_minimal_action_server
[5.718s] Installing server_queue_goals script to /home/ningbo@netid.washington.edu/ros2_ws/install/examples_rclpy_minimal_action_server/lib/examples_rclpy_minimal_action_server
[5.718s] Installing server_single_goal script to /home/ningbo@netid.washington.edu/ros2_ws/install/examples_rclpy_minimal_action_server/lib/examples_rclpy_minimal_action_server
[5.719s] 
[5.719s] Installed /home/ningbo@netid.washington.edu/ros2_ws/build/examples_rclpy_minimal_action_server
[5.719s] running symlink_data
[5.719s] creating /home/ningbo@netid.washington.edu/ros2_ws/install/examples_rclpy_minimal_action_server/share/ament_index
[5.719s] creating /home/ningbo@netid.washington.edu/ros2_ws/install/examples_rclpy_minimal_action_server/share/ament_index/resource_index
[5.719s] creating /home/ningbo@netid.washington.edu/ros2_ws/install/examples_rclpy_minimal_action_server/share/ament_index/resource_index/packages
[5.720s] symbolically linking /home/ningbo@netid.washington.edu/ros2_ws/build/examples_rclpy_minimal_action_server/resource/examples_rclpy_minimal_action_server -> /home/ningbo@netid.washington.edu/ros2_ws/install/examples_rclpy_minimal_action_server/share/ament_index/resource_index/packages
[5.720s] symbolically linking /home/ningbo@netid.washington.edu/ros2_ws/build/examples_rclpy_minimal_action_server/package.xml -> /home/ningbo@netid.washington.edu/ros2_ws/install/examples_rclpy_minimal_action_server/share/examples_rclpy_minimal_action_server
[5.739s] Invoked command in '/home/ningbo@netid.washington.edu/ros2_ws/build/examples_rclpy_minimal_action_server' returned '0': PYTHONPATH=/home/ningbo@netid.washington.edu/ros2_ws/build/examples_rclpy_minimal_action_server/prefix_override:/home/ningbo@netid.washington.edu/ros2_ws/install/examples_rclpy_minimal_action_server/lib/python3.10/site-packages:${PYTHONPATH} /usr/bin/python3 -W ignore:setup.py install is deprecated setup.py develop --editable --build-directory /home/ningbo@netid.washington.edu/ros2_ws/build/examples_rclpy_minimal_action_server/build --no-deps symlink_data
