[0.031s] Invoking command in '/home/ningbo@netid.washington.edu/ros2_ws/build/examples_rclcpp_minimal_timer': CMAKE_PREFIX_PATH=/opt/ros/humble /usr/bin/cmake /home/ningbo@netid.washington.edu/ros2_ws/src/examples/rclcpp/timers/minimal_timer -DAMENT_CMAKE_SYMLINK_INSTALL=1 -DCMAKE_INSTALL_PREFIX=/home/ningbo@netid.washington.edu/ros2_ws/install/examples_rclcpp_minimal_timer
[0.653s] -- The C compiler identification is GNU 11.4.0
[0.658s] -- The CXX compiler identification is GNU 11.4.0
[0.659s] -- Detecting C compiler ABI info
[0.927s] -- Detecting C compiler ABI info - done
[0.985s] -- Check for working C compiler: /usr/bin/cc - skipped
[0.993s] -- Detecting C compile features
[0.993s] -- Detecting C compile features - done
[1.005s] -- Detecting CXX compiler ABI info
[1.381s] -- Detecting CXX compiler ABI info - done
[1.478s] -- Check for working CXX compiler: /usr/bin/c++ - skipped
[1.479s] -- Detecting CXX compile features
[1.479s] -- Detecting CXX compile features - done
[1.489s] -- Found ament_cmake: 1.3.9 (/opt/ros/humble/share/ament_cmake/cmake)
[2.015s] -- Found Python3: /usr/bin/python3 (found version "3.10.12") found components: Interpreter 
[2.225s] -- Override CMake install command with custom implementation using symlinks instead of copying resources
[2.375s] -- Found rclcpp: 16.0.9 (/opt/ros/humble/share/rclcpp/cmake)
[2.505s] -- Found rosidl_generator_c: 3.1.5 (/opt/ros/humble/share/rosidl_generator_c/cmake)
[2.521s] -- Found rosidl_adapter: 3.1.5 (/opt/ros/humble/share/rosidl_adapter/cmake)
[2.550s] -- Found rosidl_generator_cpp: 3.1.5 (/opt/ros/humble/share/rosidl_generator_cpp/cmake)
[2.596s] -- Using all available rosidl_typesupport_c: rosidl_typesupport_fastrtps_c;rosidl_typesupport_introspection_c
[2.670s] -- Using all available rosidl_typesupport_cpp: rosidl_typesupport_fastrtps_cpp;rosidl_typesupport_introspection_cpp
[2.962s] -- Found rmw_implementation_cmake: 6.1.2 (/opt/ros/humble/share/rmw_implementation_cmake/cmake)
[2.979s] -- Found rmw_fastrtps_cpp: 6.2.6 (/opt/ros/humble/share/rmw_fastrtps_cpp/cmake)
[3.326s] -- Found OpenSSL: /usr/lib/x86_64-linux-gnu/libcrypto.so (found version "3.0.2")  
[3.469s] -- Found FastRTPS: /opt/ros/humble/include  
[3.734s] -- Using RMW implementation 'rmw_fastrtps_cpp' as default
[3.778s] -- Looking for pthread.h
[4.035s] -- Looking for pthread.h - found
[4.036s] -- Performing Test CMAKE_HAVE_LIBC_PTHREAD
[4.308s] -- Performing Test CMAKE_HAVE_LIBC_PTHREAD - Success
[4.309s] -- Found Threads: TRUE  
[4.988s] -- Found ament_lint_auto: 0.12.11 (/opt/ros/humble/share/ament_lint_auto/cmake)
[5.312s] -- Added test 'copyright' to check source files copyright and LICENSE
[5.320s] -- Added test 'cppcheck' to perform static code analysis on C / C++ code
[5.326s] -- Configured cppcheck include dirs: 
[5.327s] -- Configured cppcheck exclude dirs and/or files: 
[5.327s] -- Added test 'cpplint' to check C / C++ code against the Google style
[5.327s] -- Configured cpplint exclude dirs and/or files: 
[5.328s] -- Added test 'lint_cmake' to check CMake code style
[5.330s] -- Added test 'uncrustify' to check C / C++ code style
[5.331s] -- Configured uncrustify additional arguments: 
[5.372s] -- Added test 'xmllint' to check XML markup files
[5.373s] -- Configuring done
[5.402s] -- Generating done
[5.410s] -- Build files have been written to: /home/ningbo@netid.washington.edu/ros2_ws/build/examples_rclcpp_minimal_timer
[5.460s] Invoked command in '/home/ningbo@netid.washington.edu/ros2_ws/build/examples_rclcpp_minimal_timer' returned '0': CMAKE_PREFIX_PATH=/opt/ros/humble /usr/bin/cmake /home/ningbo@netid.washington.edu/ros2_ws/src/examples/rclcpp/timers/minimal_timer -DAMENT_CMAKE_SYMLINK_INSTALL=1 -DCMAKE_INSTALL_PREFIX=/home/ningbo@netid.washington.edu/ros2_ws/install/examples_rclcpp_minimal_timer
[5.462s] Invoking command in '/home/ningbo@netid.washington.edu/ros2_ws/build/examples_rclcpp_minimal_timer': CMAKE_PREFIX_PATH=/opt/ros/humble /usr/bin/cmake --build /home/ningbo@netid.washington.edu/ros2_ws/build/examples_rclcpp_minimal_timer -- -j8 -l8
[6.682s] [ 25%] [32mBuilding CXX object CMakeFiles/timer_lambda.dir/lambda.cpp.o[0m
[15.508s] [ 50%] [32m[1mLinking CXX executable timer_lambda[0m
[15.760s] [ 50%] Built target timer_lambda
[15.801s] [ 75%] [32mBuilding CXX object CMakeFiles/timer_member_function.dir/member_function.cpp.o[0m
[22.264s] [100%] [32m[1mLinking CXX executable timer_member_function[0m
[22.543s] [100%] Built target timer_member_function
[22.567s] Invoked command in '/home/ningbo@netid.washington.edu/ros2_ws/build/examples_rclcpp_minimal_timer' returned '0': CMAKE_PREFIX_PATH=/opt/ros/humble /usr/bin/cmake --build /home/ningbo@netid.washington.edu/ros2_ws/build/examples_rclcpp_minimal_timer -- -j8 -l8
[22.631s] Invoking command in '/home/ningbo@netid.washington.edu/ros2_ws/build/examples_rclcpp_minimal_timer': CMAKE_PREFIX_PATH=/opt/ros/humble /usr/bin/cmake --install /home/ningbo@netid.washington.edu/ros2_ws/build/examples_rclcpp_minimal_timer
[23.546s] -- Install configuration: ""
[23.546s] -- Execute custom install script
[23.547s] -- Symlinking: /home/ningbo@netid.washington.edu/ros2_ws/install/examples_rclcpp_minimal_timer/lib/examples_rclcpp_minimal_timer/timer_lambda
[23.547s] -- Symlinking: /home/ningbo@netid.washington.edu/ros2_ws/install/examples_rclcpp_minimal_timer/lib/examples_rclcpp_minimal_timer/timer_member_function
[23.547s] -- Symlinking: /home/ningbo@netid.washington.edu/ros2_ws/install/examples_rclcpp_minimal_timer/share/ament_index/resource_index/package_run_dependencies/examples_rclcpp_minimal_timer
[23.547s] -- Symlinking: /home/ningbo@netid.washington.edu/ros2_ws/install/examples_rclcpp_minimal_timer/share/ament_index/resource_index/parent_prefix_path/examples_rclcpp_minimal_timer
[23.547s] -- Symlinking: /home/ningbo@netid.washington.edu/ros2_ws/install/examples_rclcpp_minimal_timer/share/examples_rclcpp_minimal_timer/environment/ament_prefix_path.sh
[23.548s] -- Symlinking: /home/ningbo@netid.washington.edu/ros2_ws/install/examples_rclcpp_minimal_timer/share/examples_rclcpp_minimal_timer/environment/ament_prefix_path.dsv
[23.548s] -- Symlinking: /home/ningbo@netid.washington.edu/ros2_ws/install/examples_rclcpp_minimal_timer/share/examples_rclcpp_minimal_timer/environment/path.sh
[23.548s] -- Symlinking: /home/ningbo@netid.washington.edu/ros2_ws/install/examples_rclcpp_minimal_timer/share/examples_rclcpp_minimal_timer/environment/path.dsv
[23.548s] -- Symlinking: /home/ningbo@netid.washington.edu/ros2_ws/install/examples_rclcpp_minimal_timer/share/examples_rclcpp_minimal_timer/local_setup.bash
[23.548s] -- Symlinking: /home/ningbo@netid.washington.edu/ros2_ws/install/examples_rclcpp_minimal_timer/share/examples_rclcpp_minimal_timer/local_setup.sh
[23.548s] -- Symlinking: /home/ningbo@netid.washington.edu/ros2_ws/install/examples_rclcpp_minimal_timer/share/examples_rclcpp_minimal_timer/local_setup.zsh
[23.549s] -- Symlinking: /home/ningbo@netid.washington.edu/ros2_ws/install/examples_rclcpp_minimal_timer/share/examples_rclcpp_minimal_timer/local_setup.dsv
[23.549s] -- Symlinking: /home/ningbo@netid.washington.edu/ros2_ws/install/examples_rclcpp_minimal_timer/share/examples_rclcpp_minimal_timer/package.dsv
[23.549s] -- Symlinking: /home/ningbo@netid.washington.edu/ros2_ws/install/examples_rclcpp_minimal_timer/share/ament_index/resource_index/packages/examples_rclcpp_minimal_timer
[23.549s] -- Symlinking: /home/ningbo@netid.washington.edu/ros2_ws/install/examples_rclcpp_minimal_timer/share/examples_rclcpp_minimal_timer/cmake/examples_rclcpp_minimal_timerConfig.cmake
[23.549s] -- Symlinking: /home/ningbo@netid.washington.edu/ros2_ws/install/examples_rclcpp_minimal_timer/share/examples_rclcpp_minimal_timer/cmake/examples_rclcpp_minimal_timerConfig-version.cmake
[23.550s] -- Symlinking: /home/ningbo@netid.washington.edu/ros2_ws/install/examples_rclcpp_minimal_timer/share/examples_rclcpp_minimal_timer/package.xml
[23.563s] Invoked command in '/home/ningbo@netid.washington.edu/ros2_ws/build/examples_rclcpp_minimal_timer' returned '0': CMAKE_PREFIX_PATH=/opt/ros/humble /usr/bin/cmake --install /home/ningbo@netid.washington.edu/ros2_ws/build/examples_rclcpp_minimal_timer
