[1.149s] Invoking command in '/home/ningbo@netid.washington.edu/ros2_ws/build/examples_rclpy_minimal_client': PYTHONPATH=/home/ningbo@netid.washington.edu/ros2_ws/build/examples_rclpy_minimal_client/prefix_override:/home/ningbo@netid.washington.edu/ros2_ws/install/examples_rclpy_minimal_client/lib/python3.10/site-packages:${PYTHONPATH} /usr/bin/python3 -W ignore:setup.py install is deprecated setup.py develop --uninstall --editable --build-directory /home/ningbo@netid.washington.edu/ros2_ws/build/examples_rclpy_minimal_client/build
[1.801s] running develop
[1.802s] /usr/lib/python3/dist-packages/setuptools/command/easy_install.py:158: EasyInstallDeprecationWarning: easy_install command is deprecated. Use build and pip and other standards-based tools.
[1.804s]   warnings.warn(
[2.084s] Removing /home/ningbo@netid.washington.edu/ros2_ws/install/examples_rclpy_minimal_client/lib/python3.10/site-packages/examples-rclpy-minimal-client.egg-link (link to .)
[2.749s] Invoked command in '/home/ningbo@netid.washington.edu/ros2_ws/build/examples_rclpy_minimal_client' returned '0': PYTHONPATH=/home/ningbo@netid.washington.edu/ros2_ws/build/examples_rclpy_minimal_client/prefix_override:/home/ningbo@netid.washington.edu/ros2_ws/install/examples_rclpy_minimal_client/lib/python3.10/site-packages:${PYTHONPATH} /usr/bin/python3 -W ignore:setup.py install is deprecated setup.py develop --uninstall --editable --build-directory /home/ningbo@netid.washington.edu/ros2_ws/build/examples_rclpy_minimal_client/build
[2.751s] Invoking command in '/home/ningbo@netid.washington.edu/ros2_ws/src/examples/rclpy/services/minimal_client': PYTHONPATH=/home/ningbo@netid.washington.edu/ros2_ws/build/examples_rclpy_minimal_client/prefix_override:/home/ningbo@netid.washington.edu/ros2_ws/install/examples_rclpy_minimal_client/lib/python3.10/site-packages:${PYTHONPATH} /usr/bin/python3 -W ignore:setup.py install is deprecated setup.py egg_info --egg-base ../../../../../build/examples_rclpy_minimal_client build --build-base /home/ningbo@netid.washington.edu/ros2_ws/build/examples_rclpy_minimal_client/build install --record /home/ningbo@netid.washington.edu/ros2_ws/build/examples_rclpy_minimal_client/install.log --single-version-externally-managed install_data --force
[3.409s] running egg_info
[3.409s] writing ../../../../../build/examples_rclpy_minimal_client/examples_rclpy_minimal_client.egg-info/PKG-INFO
[3.409s] writing dependency_links to ../../../../../build/examples_rclpy_minimal_client/examples_rclpy_minimal_client.egg-info/dependency_links.txt
[3.409s] writing entry points to ../../../../../build/examples_rclpy_minimal_client/examples_rclpy_minimal_client.egg-info/entry_points.txt
[3.409s] writing requirements to ../../../../../build/examples_rclpy_minimal_client/examples_rclpy_minimal_client.egg-info/requires.txt
[3.409s] writing top-level names to ../../../../../build/examples_rclpy_minimal_client/examples_rclpy_minimal_client.egg-info/top_level.txt
[3.410s] reading manifest file '../../../../../build/examples_rclpy_minimal_client/examples_rclpy_minimal_client.egg-info/SOURCES.txt'
[3.414s] writing manifest file '../../../../../build/examples_rclpy_minimal_client/examples_rclpy_minimal_client.egg-info/SOURCES.txt'
[3.414s] running build
[3.415s] running build_py
[3.415s] creating /home/ningbo@netid.washington.edu/ros2_ws/build/examples_rclpy_minimal_client/build
[3.415s] creating /home/ningbo@netid.washington.edu/ros2_ws/build/examples_rclpy_minimal_client/build/lib
[3.415s] creating /home/ningbo@netid.washington.edu/ros2_ws/build/examples_rclpy_minimal_client/build/lib/examples_rclpy_minimal_client
[3.416s] copying examples_rclpy_minimal_client/client_async_member_function.py -> /home/ningbo@netid.washington.edu/ros2_ws/build/examples_rclpy_minimal_client/build/lib/examples_rclpy_minimal_client
[3.416s] copying examples_rclpy_minimal_client/client.py -> /home/ningbo@netid.washington.edu/ros2_ws/build/examples_rclpy_minimal_client/build/lib/examples_rclpy_minimal_client
[3.416s] copying examples_rclpy_minimal_client/client_async_callback.py -> /home/ningbo@netid.washington.edu/ros2_ws/build/examples_rclpy_minimal_client/build/lib/examples_rclpy_minimal_client
[3.416s] copying examples_rclpy_minimal_client/__init__.py -> /home/ningbo@netid.washington.edu/ros2_ws/build/examples_rclpy_minimal_client/build/lib/examples_rclpy_minimal_client
[3.417s] copying examples_rclpy_minimal_client/client_async.py -> /home/ningbo@netid.washington.edu/ros2_ws/build/examples_rclpy_minimal_client/build/lib/examples_rclpy_minimal_client
[3.420s] running install
[3.421s] running install_lib
[3.421s] creating /home/ningbo@netid.washington.edu/ros2_ws/install/examples_rclpy_minimal_client/lib/python3.10/site-packages/examples_rclpy_minimal_client
[3.421s] copying /home/ningbo@netid.washington.edu/ros2_ws/build/examples_rclpy_minimal_client/build/lib/examples_rclpy_minimal_client/client_async_member_function.py -> /home/ningbo@netid.washington.edu/ros2_ws/install/examples_rclpy_minimal_client/lib/python3.10/site-packages/examples_rclpy_minimal_client
[3.421s] copying /home/ningbo@netid.washington.edu/ros2_ws/build/examples_rclpy_minimal_client/build/lib/examples_rclpy_minimal_client/client.py -> /home/ningbo@netid.washington.edu/ros2_ws/install/examples_rclpy_minimal_client/lib/python3.10/site-packages/examples_rclpy_minimal_client
[3.421s] copying /home/ningbo@netid.washington.edu/ros2_ws/build/examples_rclpy_minimal_client/build/lib/examples_rclpy_minimal_client/client_async_callback.py -> /home/ningbo@netid.washington.edu/ros2_ws/install/examples_rclpy_minimal_client/lib/python3.10/site-packages/examples_rclpy_minimal_client
[3.422s] copying /home/ningbo@netid.washington.edu/ros2_ws/build/examples_rclpy_minimal_client/build/lib/examples_rclpy_minimal_client/__init__.py -> /home/ningbo@netid.washington.edu/ros2_ws/install/examples_rclpy_minimal_client/lib/python3.10/site-packages/examples_rclpy_minimal_client
[3.422s] copying /home/ningbo@netid.washington.edu/ros2_ws/build/examples_rclpy_minimal_client/build/lib/examples_rclpy_minimal_client/client_async.py -> /home/ningbo@netid.washington.edu/ros2_ws/install/examples_rclpy_minimal_client/lib/python3.10/site-packages/examples_rclpy_minimal_client
[3.422s] byte-compiling /home/ningbo@netid.washington.edu/ros2_ws/install/examples_rclpy_minimal_client/lib/python3.10/site-packages/examples_rclpy_minimal_client/client_async_member_function.py to client_async_member_function.cpython-310.pyc
[3.423s] byte-compiling /home/ningbo@netid.washington.edu/ros2_ws/install/examples_rclpy_minimal_client/lib/python3.10/site-packages/examples_rclpy_minimal_client/client.py to client.cpython-310.pyc
[3.423s] byte-compiling /home/ningbo@netid.washington.edu/ros2_ws/install/examples_rclpy_minimal_client/lib/python3.10/site-packages/examples_rclpy_minimal_client/client_async_callback.py to client_async_callback.cpython-310.pyc
[3.424s] byte-compiling /home/ningbo@netid.washington.edu/ros2_ws/install/examples_rclpy_minimal_client/lib/python3.10/site-packages/examples_rclpy_minimal_client/__init__.py to __init__.cpython-310.pyc
[3.424s] byte-compiling /home/ningbo@netid.washington.edu/ros2_ws/install/examples_rclpy_minimal_client/lib/python3.10/site-packages/examples_rclpy_minimal_client/client_async.py to client_async.cpython-310.pyc
[3.429s] running install_data
[3.429s] copying resource/examples_rclpy_minimal_client -> /home/ningbo@netid.washington.edu/ros2_ws/install/examples_rclpy_minimal_client/share/ament_index/resource_index/packages
[3.429s] copying package.xml -> /home/ningbo@netid.washington.edu/ros2_ws/install/examples_rclpy_minimal_client/share/examples_rclpy_minimal_client
[3.429s] running install_egg_info
[3.431s] Copying ../../../../../build/examples_rclpy_minimal_client/examples_rclpy_minimal_client.egg-info to /home/ningbo@netid.washington.edu/ros2_ws/install/examples_rclpy_minimal_client/lib/python3.10/site-packages/examples_rclpy_minimal_client-0.15.3-py3.10.egg-info
[3.432s] running install_scripts
[3.480s] Installing client script to /home/ningbo@netid.washington.edu/ros2_ws/install/examples_rclpy_minimal_client/lib/examples_rclpy_minimal_client
[3.480s] Installing client_async script to /home/ningbo@netid.washington.edu/ros2_ws/install/examples_rclpy_minimal_client/lib/examples_rclpy_minimal_client
[3.480s] Installing client_async_callback script to /home/ningbo@netid.washington.edu/ros2_ws/install/examples_rclpy_minimal_client/lib/examples_rclpy_minimal_client
[3.480s] Installing client_async_member_function script to /home/ningbo@netid.washington.edu/ros2_ws/install/examples_rclpy_minimal_client/lib/examples_rclpy_minimal_client
[3.481s] writing list of installed files to '/home/ningbo@netid.washington.edu/ros2_ws/build/examples_rclpy_minimal_client/install.log'
[3.525s] Invoked command in '/home/ningbo@netid.washington.edu/ros2_ws/src/examples/rclpy/services/minimal_client' returned '0': PYTHONPATH=/home/ningbo@netid.washington.edu/ros2_ws/build/examples_rclpy_minimal_client/prefix_override:/home/ningbo@netid.washington.edu/ros2_ws/install/examples_rclpy_minimal_client/lib/python3.10/site-packages:${PYTHONPATH} /usr/bin/python3 -W ignore:setup.py install is deprecated setup.py egg_info --egg-base ../../../../../build/examples_rclpy_minimal_client build --build-base /home/ningbo@netid.washington.edu/ros2_ws/build/examples_rclpy_minimal_client/build install --record /home/ningbo@netid.washington.edu/ros2_ws/build/examples_rclpy_minimal_client/install.log --single-version-externally-managed install_data --force
