[0.551s] Invoking command in '/home/ningbo@netid.washington.edu/ros2_ws/src/py_srvcli': PYTHONPATH=/home/ningbo@netid.washington.edu/ros2_ws/build/py_srvcli/prefix_override:/home/ningbo@netid.washington.edu/ros2_ws/install/py_srvcli/lib/python3.10/site-packages:${PYTHONPATH} /usr/bin/python3 -W ignore:setup.py install is deprecated setup.py egg_info --egg-base ../../build/py_srvcli build --build-base /home/ningbo@netid.washington.edu/ros2_ws/build/py_srvcli/build install --record /home/ningbo@netid.washington.edu/ros2_ws/build/py_srvcli/install.log --single-version-externally-managed install_data
[0.764s] running egg_info
[0.765s] creating ../../build/py_srvcli/py_srvcli.egg-info
[0.765s] writing ../../build/py_srvcli/py_srvcli.egg-info/PKG-INFO
[0.765s] writing dependency_links to ../../build/py_srvcli/py_srvcli.egg-info/dependency_links.txt
[0.765s] writing entry points to ../../build/py_srvcli/py_srvcli.egg-info/entry_points.txt
[0.765s] writing requirements to ../../build/py_srvcli/py_srvcli.egg-info/requires.txt
[0.766s] writing top-level names to ../../build/py_srvcli/py_srvcli.egg-info/top_level.txt
[0.766s] writing manifest file '../../build/py_srvcli/py_srvcli.egg-info/SOURCES.txt'
[0.767s] reading manifest file '../../build/py_srvcli/py_srvcli.egg-info/SOURCES.txt'
[0.767s] adding license file 'LICENSE'
[0.768s] writing manifest file '../../build/py_srvcli/py_srvcli.egg-info/SOURCES.txt'
[0.768s] running build
[0.768s] running build_py
[0.768s] creating /home/ningbo@netid.washington.edu/ros2_ws/build/py_srvcli/build
[0.768s] creating /home/ningbo@netid.washington.edu/ros2_ws/build/py_srvcli/build/lib
[0.768s] creating /home/ningbo@netid.washington.edu/ros2_ws/build/py_srvcli/build/lib/py_srvcli
[0.768s] copying py_srvcli/service_member_function.py -> /home/ningbo@netid.washington.edu/ros2_ws/build/py_srvcli/build/lib/py_srvcli
[0.768s] copying py_srvcli/client_member_function.py -> /home/ningbo@netid.washington.edu/ros2_ws/build/py_srvcli/build/lib/py_srvcli
[0.768s] copying py_srvcli/__init__.py -> /home/ningbo@netid.washington.edu/ros2_ws/build/py_srvcli/build/lib/py_srvcli
[0.769s] running install
[0.769s] running install_lib
[0.770s] creating /home/ningbo@netid.washington.edu/ros2_ws/install/py_srvcli/lib/python3.10/site-packages/py_srvcli
[0.770s] copying /home/ningbo@netid.washington.edu/ros2_ws/build/py_srvcli/build/lib/py_srvcli/service_member_function.py -> /home/ningbo@netid.washington.edu/ros2_ws/install/py_srvcli/lib/python3.10/site-packages/py_srvcli
[0.770s] copying /home/ningbo@netid.washington.edu/ros2_ws/build/py_srvcli/build/lib/py_srvcli/client_member_function.py -> /home/ningbo@netid.washington.edu/ros2_ws/install/py_srvcli/lib/python3.10/site-packages/py_srvcli
[0.770s] copying /home/ningbo@netid.washington.edu/ros2_ws/build/py_srvcli/build/lib/py_srvcli/__init__.py -> /home/ningbo@netid.washington.edu/ros2_ws/install/py_srvcli/lib/python3.10/site-packages/py_srvcli
[0.770s] byte-compiling /home/ningbo@netid.washington.edu/ros2_ws/install/py_srvcli/lib/python3.10/site-packages/py_srvcli/service_member_function.py to service_member_function.cpython-310.pyc
[0.771s] byte-compiling /home/ningbo@netid.washington.edu/ros2_ws/install/py_srvcli/lib/python3.10/site-packages/py_srvcli/client_member_function.py to client_member_function.cpython-310.pyc
[0.771s] byte-compiling /home/ningbo@netid.washington.edu/ros2_ws/install/py_srvcli/lib/python3.10/site-packages/py_srvcli/__init__.py to __init__.cpython-310.pyc
[0.772s] running install_data
[0.772s] creating /home/ningbo@netid.washington.edu/ros2_ws/install/py_srvcli/share/ament_index
[0.772s] creating /home/ningbo@netid.washington.edu/ros2_ws/install/py_srvcli/share/ament_index/resource_index
[0.772s] creating /home/ningbo@netid.washington.edu/ros2_ws/install/py_srvcli/share/ament_index/resource_index/packages
[0.772s] copying resource/py_srvcli -> /home/ningbo@netid.washington.edu/ros2_ws/install/py_srvcli/share/ament_index/resource_index/packages
[0.772s] copying package.xml -> /home/ningbo@netid.washington.edu/ros2_ws/install/py_srvcli/share/py_srvcli
[0.772s] running install_egg_info
[0.773s] Copying ../../build/py_srvcli/py_srvcli.egg-info to /home/ningbo@netid.washington.edu/ros2_ws/install/py_srvcli/lib/python3.10/site-packages/py_srvcli-0.0.0-py3.10.egg-info
[0.774s] running install_scripts
[0.791s] Installing client script to /home/ningbo@netid.washington.edu/ros2_ws/install/py_srvcli/lib/py_srvcli
[0.791s] Installing service script to /home/ningbo@netid.washington.edu/ros2_ws/install/py_srvcli/lib/py_srvcli
[0.791s] writing list of installed files to '/home/ningbo@netid.washington.edu/ros2_ws/build/py_srvcli/install.log'
[0.810s] Invoked command in '/home/ningbo@netid.washington.edu/ros2_ws/src/py_srvcli' returned '0': PYTHONPATH=/home/ningbo@netid.washington.edu/ros2_ws/build/py_srvcli/prefix_override:/home/ningbo@netid.washington.edu/ros2_ws/install/py_srvcli/lib/python3.10/site-packages:${PYTHONPATH} /usr/bin/python3 -W ignore:setup.py install is deprecated setup.py egg_info --egg-base ../../build/py_srvcli build --build-base /home/ningbo@netid.washington.edu/ros2_ws/build/py_srvcli/build install --record /home/ningbo@netid.washington.edu/ros2_ws/build/py_srvcli/install.log --single-version-externally-managed install_data
