[0.045s] Invoking command in '/home/ningbo@netid.washington.edu/ros2_ws/build/examples_rclcpp_minimal_action_server': CMAKE_PREFIX_PATH=${CMAKE_PREFIX_PATH}:/home/ningbo@netid.washington.edu/ros2_ws/install/launch_testing_examples:/home/ningbo@netid.washington.edu/ros2_ws/install/examples_rclpy_pointcloud_publisher:/home/ningbo@netid.washington.edu/ros2_ws/install/examples_rclpy_minimal_subscriber:/home/ningbo@netid.washington.edu/ros2_ws/install/examples_rclpy_minimal_service:/home/ningbo@netid.washington.edu/ros2_ws/install/examples_rclpy_minimal_publisher:/home/ningbo@netid.washington.edu/ros2_ws/install/examples_rclpy_minimal_client:/home/ningbo@netid.washington.edu/ros2_ws/install/examples_rclpy_minimal_action_server:/home/ningbo@netid.washington.edu/ros2_ws/install/examples_rclpy_minimal_action_client:/home/ningbo@netid.washington.edu/ros2_ws/install/examples_rclpy_guard_conditions:/home/ningbo@netid.washington.edu/ros2_ws/install/examples_rclpy_executors:/opt/ros/humble /usr/bin/cmake /home/ningbo@netid.washington.edu/ros2_ws/src/examples/rclcpp/actions/minimal_action_server -DCMAKE_INSTALL_PREFIX=/home/ningbo@netid.washington.edu/ros2_ws/install/examples_rclcpp_minimal_action_server
[0.065s] -- Found ament_cmake: 1.3.9 (/opt/ros/humble/share/ament_cmake/cmake)
[0.363s] -- Override CMake install command with custom implementation using symlinks instead of copying resources
[0.377s] -- Found example_interfaces: 0.9.3 (/opt/ros/humble/share/example_interfaces/cmake)
[0.437s] -- Found rosidl_generator_c: 3.1.5 (/opt/ros/humble/share/rosidl_generator_c/cmake)
[0.445s] -- Found rosidl_adapter: 3.1.5 (/opt/ros/humble/share/rosidl_adapter/cmake)
[0.459s] -- Found rosidl_generator_cpp: 3.1.5 (/opt/ros/humble/share/rosidl_generator_cpp/cmake)
[0.488s] -- Using all available rosidl_typesupport_c: rosidl_typesupport_fastrtps_c;rosidl_typesupport_introspection_c
[0.527s] -- Using all available rosidl_typesupport_cpp: rosidl_typesupport_fastrtps_cpp;rosidl_typesupport_introspection_cpp
[0.909s] -- Found rclcpp: 16.0.9 (/opt/ros/humble/share/rclcpp/cmake)
[1.026s] -- Found rmw_implementation_cmake: 6.1.2 (/opt/ros/humble/share/rmw_implementation_cmake/cmake)
[1.030s] -- Found rmw_fastrtps_cpp: 6.2.6 (/opt/ros/humble/share/rmw_fastrtps_cpp/cmake)
[1.291s] -- Using RMW implementation 'rmw_fastrtps_cpp' as default
[1.688s] -- Found rclcpp_action: 16.0.9 (/opt/ros/humble/share/rclcpp_action/cmake)
[1.785s] -- Found ament_lint_auto: 0.12.11 (/opt/ros/humble/share/ament_lint_auto/cmake)
[1.992s] -- Added test 'copyright' to check source files copyright and LICENSE
[1.992s] -- Added test 'cppcheck' to perform static code analysis on C / C++ code
[1.994s] -- Configured cppcheck include dirs: 
[1.994s] -- Configured cppcheck exclude dirs and/or files: 
[1.994s] -- Added test 'cpplint' to check C / C++ code against the Google style
[1.995s] -- Configured cpplint exclude dirs and/or files: 
[1.995s] -- Added test 'lint_cmake' to check CMake code style
[1.997s] -- Added test 'uncrustify' to check C / C++ code style
[1.997s] -- Configured uncrustify additional arguments: 
[2.001s] -- Added test 'xmllint' to check XML markup files
[2.002s] -- Configuring done
[2.028s] -- Generating done
[2.034s] -- Build files have been written to: /home/ningbo@netid.washington.edu/ros2_ws/build/examples_rclcpp_minimal_action_server
[2.067s] Invoked command in '/home/ningbo@netid.washington.edu/ros2_ws/build/examples_rclcpp_minimal_action_server' returned '0': CMAKE_PREFIX_PATH=${CMAKE_PREFIX_PATH}:/home/ningbo@netid.washington.edu/ros2_ws/install/launch_testing_examples:/home/ningbo@netid.washington.edu/ros2_ws/install/examples_rclpy_pointcloud_publisher:/home/ningbo@netid.washington.edu/ros2_ws/install/examples_rclpy_minimal_subscriber:/home/ningbo@netid.washington.edu/ros2_ws/install/examples_rclpy_minimal_service:/home/ningbo@netid.washington.edu/ros2_ws/install/examples_rclpy_minimal_publisher:/home/ningbo@netid.washington.edu/ros2_ws/install/examples_rclpy_minimal_client:/home/ningbo@netid.washington.edu/ros2_ws/install/examples_rclpy_minimal_action_server:/home/ningbo@netid.washington.edu/ros2_ws/install/examples_rclpy_minimal_action_client:/home/ningbo@netid.washington.edu/ros2_ws/install/examples_rclpy_guard_conditions:/home/ningbo@netid.washington.edu/ros2_ws/install/examples_rclpy_executors:/opt/ros/humble /usr/bin/cmake /home/ningbo@netid.washington.edu/ros2_ws/src/examples/rclcpp/actions/minimal_action_server -DCMAKE_INSTALL_PREFIX=/home/ningbo@netid.washington.edu/ros2_ws/install/examples_rclcpp_minimal_action_server
[2.070s] Invoking command in '/home/ningbo@netid.washington.edu/ros2_ws/build/examples_rclcpp_minimal_action_server': CMAKE_PREFIX_PATH=${CMAKE_PREFIX_PATH}:/home/ningbo@netid.washington.edu/ros2_ws/install/launch_testing_examples:/home/ningbo@netid.washington.edu/ros2_ws/install/examples_rclpy_pointcloud_publisher:/home/ningbo@netid.washington.edu/ros2_ws/install/examples_rclpy_minimal_subscriber:/home/ningbo@netid.washington.edu/ros2_ws/install/examples_rclpy_minimal_service:/home/ningbo@netid.washington.edu/ros2_ws/install/examples_rclpy_minimal_publisher:/home/ningbo@netid.washington.edu/ros2_ws/install/examples_rclpy_minimal_client:/home/ningbo@netid.washington.edu/ros2_ws/install/examples_rclpy_minimal_action_server:/home/ningbo@netid.washington.edu/ros2_ws/install/examples_rclpy_minimal_action_client:/home/ningbo@netid.washington.edu/ros2_ws/install/examples_rclpy_guard_conditions:/home/ningbo@netid.washington.edu/ros2_ws/install/examples_rclpy_executors:/opt/ros/humble /usr/bin/cmake --build /home/ningbo@netid.washington.edu/ros2_ws/build/examples_rclcpp_minimal_action_server -- -j8 -l8
[2.150s] [35m[1mConsolidate compiler generated dependencies of target action_server_member_functions[0m
[2.151s] [35m[1mConsolidate compiler generated dependencies of target action_server_not_composable[0m
[2.186s] [ 50%] Built target action_server_member_functions
[2.192s] [100%] Built target action_server_not_composable
[2.217s] Invoked command in '/home/ningbo@netid.washington.edu/ros2_ws/build/examples_rclcpp_minimal_action_server' returned '0': CMAKE_PREFIX_PATH=${CMAKE_PREFIX_PATH}:/home/ningbo@netid.washington.edu/ros2_ws/install/launch_testing_examples:/home/ningbo@netid.washington.edu/ros2_ws/install/examples_rclpy_pointcloud_publisher:/home/ningbo@netid.washington.edu/ros2_ws/install/examples_rclpy_minimal_subscriber:/home/ningbo@netid.washington.edu/ros2_ws/install/examples_rclpy_minimal_service:/home/ningbo@netid.washington.edu/ros2_ws/install/examples_rclpy_minimal_publisher:/home/ningbo@netid.washington.edu/ros2_ws/install/examples_rclpy_minimal_client:/home/ningbo@netid.washington.edu/ros2_ws/install/examples_rclpy_minimal_action_server:/home/ningbo@netid.washington.edu/ros2_ws/install/examples_rclpy_minimal_action_client:/home/ningbo@netid.washington.edu/ros2_ws/install/examples_rclpy_guard_conditions:/home/ningbo@netid.washington.edu/ros2_ws/install/examples_rclpy_executors:/opt/ros/humble /usr/bin/cmake --build /home/ningbo@netid.washington.edu/ros2_ws/build/examples_rclcpp_minimal_action_server -- -j8 -l8
[2.295s] Invoking command in '/home/ningbo@netid.washington.edu/ros2_ws/build/examples_rclcpp_minimal_action_server': CMAKE_PREFIX_PATH=${CMAKE_PREFIX_PATH}:/home/ningbo@netid.washington.edu/ros2_ws/install/launch_testing_examples:/home/ningbo@netid.washington.edu/ros2_ws/install/examples_rclpy_pointcloud_publisher:/home/ningbo@netid.washington.edu/ros2_ws/install/examples_rclpy_minimal_subscriber:/home/ningbo@netid.washington.edu/ros2_ws/install/examples_rclpy_minimal_service:/home/ningbo@netid.washington.edu/ros2_ws/install/examples_rclpy_minimal_publisher:/home/ningbo@netid.washington.edu/ros2_ws/install/examples_rclpy_minimal_client:/home/ningbo@netid.washington.edu/ros2_ws/install/examples_rclpy_minimal_action_server:/home/ningbo@netid.washington.edu/ros2_ws/install/examples_rclpy_minimal_action_client:/home/ningbo@netid.washington.edu/ros2_ws/install/examples_rclpy_guard_conditions:/home/ningbo@netid.washington.edu/ros2_ws/install/examples_rclpy_executors:/opt/ros/humble /usr/bin/cmake --install /home/ningbo@netid.washington.edu/ros2_ws/build/examples_rclcpp_minimal_action_server
[2.307s] -- Install configuration: ""
[2.308s] -- Execute custom install script
[2.309s] -- Up-to-date symlink: /home/ningbo@netid.washington.edu/ros2_ws/install/examples_rclcpp_minimal_action_server/lib/examples_rclcpp_minimal_action_server/action_server_not_composable
[2.310s] -- Up-to-date symlink: /home/ningbo@netid.washington.edu/ros2_ws/install/examples_rclcpp_minimal_action_server/lib/examples_rclcpp_minimal_action_server/action_server_member_functions
[2.310s] -- Up-to-date symlink: /home/ningbo@netid.washington.edu/ros2_ws/install/examples_rclcpp_minimal_action_server/share/ament_index/resource_index/package_run_dependencies/examples_rclcpp_minimal_action_server
[2.310s] -- Up-to-date symlink: /home/ningbo@netid.washington.edu/ros2_ws/install/examples_rclcpp_minimal_action_server/share/ament_index/resource_index/parent_prefix_path/examples_rclcpp_minimal_action_server
[2.310s] -- Up-to-date symlink: /home/ningbo@netid.washington.edu/ros2_ws/install/examples_rclcpp_minimal_action_server/share/examples_rclcpp_minimal_action_server/environment/ament_prefix_path.sh
[2.311s] -- Up-to-date symlink: /home/ningbo@netid.washington.edu/ros2_ws/install/examples_rclcpp_minimal_action_server/share/examples_rclcpp_minimal_action_server/environment/ament_prefix_path.dsv
[2.311s] -- Up-to-date symlink: /home/ningbo@netid.washington.edu/ros2_ws/install/examples_rclcpp_minimal_action_server/share/examples_rclcpp_minimal_action_server/environment/path.sh
[2.312s] -- Up-to-date symlink: /home/ningbo@netid.washington.edu/ros2_ws/install/examples_rclcpp_minimal_action_server/share/examples_rclcpp_minimal_action_server/environment/path.dsv
[2.312s] -- Up-to-date symlink: /home/ningbo@netid.washington.edu/ros2_ws/install/examples_rclcpp_minimal_action_server/share/examples_rclcpp_minimal_action_server/local_setup.bash
[2.312s] -- Up-to-date symlink: /home/ningbo@netid.washington.edu/ros2_ws/install/examples_rclcpp_minimal_action_server/share/examples_rclcpp_minimal_action_server/local_setup.sh
[2.312s] -- Up-to-date symlink: /home/ningbo@netid.washington.edu/ros2_ws/install/examples_rclcpp_minimal_action_server/share/examples_rclcpp_minimal_action_server/local_setup.zsh
[2.313s] -- Up-to-date symlink: /home/ningbo@netid.washington.edu/ros2_ws/install/examples_rclcpp_minimal_action_server/share/examples_rclcpp_minimal_action_server/local_setup.dsv
[2.313s] -- Symlinking: /home/ningbo@netid.washington.edu/ros2_ws/install/examples_rclcpp_minimal_action_server/share/examples_rclcpp_minimal_action_server/package.dsv
[2.327s] -- Up-to-date symlink: /home/ningbo@netid.washington.edu/ros2_ws/install/examples_rclcpp_minimal_action_server/share/ament_index/resource_index/packages/examples_rclcpp_minimal_action_server
[2.328s] -- Up-to-date symlink: /home/ningbo@netid.washington.edu/ros2_ws/install/examples_rclcpp_minimal_action_server/share/examples_rclcpp_minimal_action_server/cmake/examples_rclcpp_minimal_action_serverConfig.cmake
[2.328s] -- Up-to-date symlink: /home/ningbo@netid.washington.edu/ros2_ws/install/examples_rclcpp_minimal_action_server/share/examples_rclcpp_minimal_action_server/cmake/examples_rclcpp_minimal_action_serverConfig-version.cmake
[2.328s] -- Up-to-date symlink: /home/ningbo@netid.washington.edu/ros2_ws/install/examples_rclcpp_minimal_action_server/share/examples_rclcpp_minimal_action_server/package.xml
[2.371s] Invoked command in '/home/ningbo@netid.washington.edu/ros2_ws/build/examples_rclcpp_minimal_action_server' returned '0': CMAKE_PREFIX_PATH=${CMAKE_PREFIX_PATH}:/home/ningbo@netid.washington.edu/ros2_ws/install/launch_testing_examples:/home/ningbo@netid.washington.edu/ros2_ws/install/examples_rclpy_pointcloud_publisher:/home/ningbo@netid.washington.edu/ros2_ws/install/examples_rclpy_minimal_subscriber:/home/ningbo@netid.washington.edu/ros2_ws/install/examples_rclpy_minimal_service:/home/ningbo@netid.washington.edu/ros2_ws/install/examples_rclpy_minimal_publisher:/home/ningbo@netid.washington.edu/ros2_ws/install/examples_rclpy_minimal_client:/home/ningbo@netid.washington.edu/ros2_ws/install/examples_rclpy_minimal_action_server:/home/ningbo@netid.washington.edu/ros2_ws/install/examples_rclpy_minimal_action_client:/home/ningbo@netid.washington.edu/ros2_ws/install/examples_rclpy_guard_conditions:/home/ningbo@netid.washington.edu/ros2_ws/install/examples_rclpy_executors:/opt/ros/humble /usr/bin/cmake --install /home/ningbo@netid.washington.edu/ros2_ws/build/examples_rclcpp_minimal_action_server
