[2.840s] Invoking command in '/home/ningbo@netid.washington.edu/ros2_ws/build/examples_rclpy_minimal_action_client': PYTHONPATH=/home/ningbo@netid.washington.edu/ros2_ws/build/examples_rclpy_minimal_action_client/prefix_override:/home/ningbo@netid.washington.edu/ros2_ws/install/examples_rclpy_minimal_action_client/lib/python3.10/site-packages:${PYTHONPATH} /usr/bin/python3 -W ignore:setup.py install is deprecated setup.py develop --editable --build-directory /home/ningbo@netid.washington.edu/ros2_ws/build/examples_rclpy_minimal_action_client/build --no-deps symlink_data
[8.576s] running develop
[8.576s] running egg_info
[8.576s] creating examples_rclpy_minimal_action_client.egg-info
[8.576s] writing examples_rclpy_minimal_action_client.egg-info/PKG-INFO
[8.576s] writing dependency_links to examples_rclpy_minimal_action_client.egg-info/dependency_links.txt
[8.577s] writing entry points to examples_rclpy_minimal_action_client.egg-info/entry_points.txt
[8.577s] writing requirements to examples_rclpy_minimal_action_client.egg-info/requires.txt
[8.577s] writing top-level names to examples_rclpy_minimal_action_client.egg-info/top_level.txt
[8.577s] writing manifest file 'examples_rclpy_minimal_action_client.egg-info/SOURCES.txt'
[8.578s] reading manifest file 'examples_rclpy_minimal_action_client.egg-info/SOURCES.txt'
[8.578s] writing manifest file 'examples_rclpy_minimal_action_client.egg-info/SOURCES.txt'
[8.578s] running build_ext
[8.578s] Creating /home/ningbo@netid.washington.edu/ros2_ws/install/examples_rclpy_minimal_action_client/lib/python3.10/site-packages/examples-rclpy-minimal-action-client.egg-link (link to .)
[8.579s] Installing client script to /home/ningbo@netid.washington.edu/ros2_ws/install/examples_rclpy_minimal_action_client/lib/examples_rclpy_minimal_action_client
[8.579s] Installing client_asyncio script to /home/ningbo@netid.washington.edu/ros2_ws/install/examples_rclpy_minimal_action_client/lib/examples_rclpy_minimal_action_client
[8.579s] Installing client_cancel script to /home/ningbo@netid.washington.edu/ros2_ws/install/examples_rclpy_minimal_action_client/lib/examples_rclpy_minimal_action_client
[8.579s] Installing client_not_composable script to /home/ningbo@netid.washington.edu/ros2_ws/install/examples_rclpy_minimal_action_client/lib/examples_rclpy_minimal_action_client
[8.579s] 
[8.580s] Installed /home/ningbo@netid.washington.edu/ros2_ws/build/examples_rclpy_minimal_action_client
[8.580s] running symlink_data
[8.580s] creating /home/ningbo@netid.washington.edu/ros2_ws/install/examples_rclpy_minimal_action_client/share/ament_index
[8.581s] creating /home/ningbo@netid.washington.edu/ros2_ws/install/examples_rclpy_minimal_action_client/share/ament_index/resource_index
[8.583s] creating /home/ningbo@netid.washington.edu/ros2_ws/install/examples_rclpy_minimal_action_client/share/ament_index/resource_index/packages
[8.584s] symbolically linking /home/ningbo@netid.washington.edu/ros2_ws/build/examples_rclpy_minimal_action_client/resource/examples_rclpy_minimal_action_client -> /home/ningbo@netid.washington.edu/ros2_ws/install/examples_rclpy_minimal_action_client/share/ament_index/resource_index/packages
[8.584s] symbolically linking /home/ningbo@netid.washington.edu/ros2_ws/build/examples_rclpy_minimal_action_client/package.xml -> /home/ningbo@netid.washington.edu/ros2_ws/install/examples_rclpy_minimal_action_client/share/examples_rclpy_minimal_action_client
[8.584s] /usr/lib/python3/dist-packages/setuptools/command/easy_install.py:158: EasyInstallDeprecationWarning: easy_install command is deprecated. Use build and pip and other standards-based tools.
[8.584s]   warnings.warn(
[8.592s] Invoked command in '/home/ningbo@netid.washington.edu/ros2_ws/build/examples_rclpy_minimal_action_client' returned '0': PYTHONPATH=/home/ningbo@netid.washington.edu/ros2_ws/build/examples_rclpy_minimal_action_client/prefix_override:/home/ningbo@netid.washington.edu/ros2_ws/install/examples_rclpy_minimal_action_client/lib/python3.10/site-packages:${PYTHONPATH} /usr/bin/python3 -W ignore:setup.py install is deprecated setup.py develop --editable --build-directory /home/ningbo@netid.washington.edu/ros2_ws/build/examples_rclpy_minimal_action_client/build --no-deps symlink_data
