[0.040s] Invoking command in '/home/ningbo@netid.washington.edu/ros2_ws/build/examples_rclcpp_cbg_executor': CMAKE_PREFIX_PATH=${CMAKE_PREFIX_PATH}:/home/ningbo@netid.washington.edu/ros2_ws/install/launch_testing_examples:/home/ningbo@netid.washington.edu/ros2_ws/install/examples_rclpy_pointcloud_publisher:/home/ningbo@netid.washington.edu/ros2_ws/install/examples_rclpy_minimal_subscriber:/home/ningbo@netid.washington.edu/ros2_ws/install/examples_rclpy_minimal_service:/home/ningbo@netid.washington.edu/ros2_ws/install/examples_rclpy_minimal_publisher:/home/ningbo@netid.washington.edu/ros2_ws/install/examples_rclpy_minimal_client:/home/ningbo@netid.washington.edu/ros2_ws/install/examples_rclpy_minimal_action_server:/home/ningbo@netid.washington.edu/ros2_ws/install/examples_rclpy_minimal_action_client:/home/ningbo@netid.washington.edu/ros2_ws/install/examples_rclpy_guard_conditions:/home/ningbo@netid.washington.edu/ros2_ws/install/examples_rclpy_executors:/opt/ros/humble /usr/bin/cmake --build /home/ningbo@netid.washington.edu/ros2_ws/build/examples_rclcpp_cbg_executor -- -j8 -l8
[0.148s] [ 30%] Built target pong
[0.166s] [ 60%] Built target ping
[0.186s] [100%] Built target ping_pong
[0.224s] Invoked command in '/home/ningbo@netid.washington.edu/ros2_ws/build/examples_rclcpp_cbg_executor' returned '0': CMAKE_PREFIX_PATH=${CMAKE_PREFIX_PATH}:/home/ningbo@netid.washington.edu/ros2_ws/install/launch_testing_examples:/home/ningbo@netid.washington.edu/ros2_ws/install/examples_rclpy_pointcloud_publisher:/home/ningbo@netid.washington.edu/ros2_ws/install/examples_rclpy_minimal_subscriber:/home/ningbo@netid.washington.edu/ros2_ws/install/examples_rclpy_minimal_service:/home/ningbo@netid.washington.edu/ros2_ws/install/examples_rclpy_minimal_publisher:/home/ningbo@netid.washington.edu/ros2_ws/install/examples_rclpy_minimal_client:/home/ningbo@netid.washington.edu/ros2_ws/install/examples_rclpy_minimal_action_server:/home/ningbo@netid.washington.edu/ros2_ws/install/examples_rclpy_minimal_action_client:/home/ningbo@netid.washington.edu/ros2_ws/install/examples_rclpy_guard_conditions:/home/ningbo@netid.washington.edu/ros2_ws/install/examples_rclpy_executors:/opt/ros/humble /usr/bin/cmake --build /home/ningbo@netid.washington.edu/ros2_ws/build/examples_rclcpp_cbg_executor -- -j8 -l8
[0.322s] Invoking command in '/home/ningbo@netid.washington.edu/ros2_ws/build/examples_rclcpp_cbg_executor': CMAKE_PREFIX_PATH=${CMAKE_PREFIX_PATH}:/home/ningbo@netid.washington.edu/ros2_ws/install/launch_testing_examples:/home/ningbo@netid.washington.edu/ros2_ws/install/examples_rclpy_pointcloud_publisher:/home/ningbo@netid.washington.edu/ros2_ws/install/examples_rclpy_minimal_subscriber:/home/ningbo@netid.washington.edu/ros2_ws/install/examples_rclpy_minimal_service:/home/ningbo@netid.washington.edu/ros2_ws/install/examples_rclpy_minimal_publisher:/home/ningbo@netid.washington.edu/ros2_ws/install/examples_rclpy_minimal_client:/home/ningbo@netid.washington.edu/ros2_ws/install/examples_rclpy_minimal_action_server:/home/ningbo@netid.washington.edu/ros2_ws/install/examples_rclpy_minimal_action_client:/home/ningbo@netid.washington.edu/ros2_ws/install/examples_rclpy_guard_conditions:/home/ningbo@netid.washington.edu/ros2_ws/install/examples_rclpy_executors:/opt/ros/humble /usr/bin/cmake --install /home/ningbo@netid.washington.edu/ros2_ws/build/examples_rclcpp_cbg_executor
[0.340s] -- Install configuration: ""
[0.340s] -- Execute custom install script
[0.345s] -- Up-to-date symlink: /home/ningbo@netid.washington.edu/ros2_ws/install/examples_rclcpp_cbg_executor/lib/examples_rclcpp_cbg_executor/ping
[0.345s] -- Up-to-date symlink: /home/ningbo@netid.washington.edu/ros2_ws/install/examples_rclcpp_cbg_executor/lib/examples_rclcpp_cbg_executor/pong
[0.345s] -- Up-to-date symlink: /home/ningbo@netid.washington.edu/ros2_ws/install/examples_rclcpp_cbg_executor/lib/examples_rclcpp_cbg_executor/ping_pong
[0.345s] -- Up-to-date symlink: /home/ningbo@netid.washington.edu/ros2_ws/install/examples_rclcpp_cbg_executor/include/examples_rclcpp_cbg_executor/ping_node.hpp
[0.345s] -- Up-to-date symlink: /home/ningbo@netid.washington.edu/ros2_ws/install/examples_rclcpp_cbg_executor/include/examples_rclcpp_cbg_executor/pong_node.hpp
[0.346s] -- Up-to-date symlink: /home/ningbo@netid.washington.edu/ros2_ws/install/examples_rclcpp_cbg_executor/share/ament_index/resource_index/package_run_dependencies/examples_rclcpp_cbg_executor
[0.346s] -- Up-to-date symlink: /home/ningbo@netid.washington.edu/ros2_ws/install/examples_rclcpp_cbg_executor/share/ament_index/resource_index/parent_prefix_path/examples_rclcpp_cbg_executor
[0.346s] -- Up-to-date symlink: /home/ningbo@netid.washington.edu/ros2_ws/install/examples_rclcpp_cbg_executor/share/examples_rclcpp_cbg_executor/environment/ament_prefix_path.sh
[0.347s] -- Up-to-date symlink: /home/ningbo@netid.washington.edu/ros2_ws/install/examples_rclcpp_cbg_executor/share/examples_rclcpp_cbg_executor/environment/ament_prefix_path.dsv
[0.347s] -- Up-to-date symlink: /home/ningbo@netid.washington.edu/ros2_ws/install/examples_rclcpp_cbg_executor/share/examples_rclcpp_cbg_executor/environment/path.sh
[0.348s] -- Up-to-date symlink: /home/ningbo@netid.washington.edu/ros2_ws/install/examples_rclcpp_cbg_executor/share/examples_rclcpp_cbg_executor/environment/path.dsv
[0.348s] -- Up-to-date symlink: /home/ningbo@netid.washington.edu/ros2_ws/install/examples_rclcpp_cbg_executor/share/examples_rclcpp_cbg_executor/local_setup.bash
[0.348s] -- Up-to-date symlink: /home/ningbo@netid.washington.edu/ros2_ws/install/examples_rclcpp_cbg_executor/share/examples_rclcpp_cbg_executor/local_setup.sh
[0.348s] -- Up-to-date symlink: /home/ningbo@netid.washington.edu/ros2_ws/install/examples_rclcpp_cbg_executor/share/examples_rclcpp_cbg_executor/local_setup.zsh
[0.350s] -- Up-to-date symlink: /home/ningbo@netid.washington.edu/ros2_ws/install/examples_rclcpp_cbg_executor/share/examples_rclcpp_cbg_executor/local_setup.dsv
[0.350s] -- Symlinking: /home/ningbo@netid.washington.edu/ros2_ws/install/examples_rclcpp_cbg_executor/share/examples_rclcpp_cbg_executor/package.dsv
[0.357s] -- Up-to-date symlink: /home/ningbo@netid.washington.edu/ros2_ws/install/examples_rclcpp_cbg_executor/share/ament_index/resource_index/packages/examples_rclcpp_cbg_executor
[0.358s] -- Up-to-date symlink: /home/ningbo@netid.washington.edu/ros2_ws/install/examples_rclcpp_cbg_executor/share/examples_rclcpp_cbg_executor/cmake/ament_cmake_export_dependencies-extras.cmake
[0.358s] -- Up-to-date symlink: /home/ningbo@netid.washington.edu/ros2_ws/install/examples_rclcpp_cbg_executor/share/examples_rclcpp_cbg_executor/cmake/examples_rclcpp_cbg_executorConfig.cmake
[0.358s] -- Up-to-date symlink: /home/ningbo@netid.washington.edu/ros2_ws/install/examples_rclcpp_cbg_executor/share/examples_rclcpp_cbg_executor/cmake/examples_rclcpp_cbg_executorConfig-version.cmake
[0.358s] -- Up-to-date symlink: /home/ningbo@netid.washington.edu/ros2_ws/install/examples_rclcpp_cbg_executor/share/examples_rclcpp_cbg_executor/package.xml
[0.391s] Invoked command in '/home/ningbo@netid.washington.edu/ros2_ws/build/examples_rclcpp_cbg_executor' returned '0': CMAKE_PREFIX_PATH=${CMAKE_PREFIX_PATH}:/home/ningbo@netid.washington.edu/ros2_ws/install/launch_testing_examples:/home/ningbo@netid.washington.edu/ros2_ws/install/examples_rclpy_pointcloud_publisher:/home/ningbo@netid.washington.edu/ros2_ws/install/examples_rclpy_minimal_subscriber:/home/ningbo@netid.washington.edu/ros2_ws/install/examples_rclpy_minimal_service:/home/ningbo@netid.washington.edu/ros2_ws/install/examples_rclpy_minimal_publisher:/home/ningbo@netid.washington.edu/ros2_ws/install/examples_rclpy_minimal_client:/home/ningbo@netid.washington.edu/ros2_ws/install/examples_rclpy_minimal_action_server:/home/ningbo@netid.washington.edu/ros2_ws/install/examples_rclpy_minimal_action_client:/home/ningbo@netid.washington.edu/ros2_ws/install/examples_rclpy_guard_conditions:/home/ningbo@netid.washington.edu/ros2_ws/install/examples_rclpy_executors:/opt/ros/humble /usr/bin/cmake --install /home/ningbo@netid.washington.edu/ros2_ws/build/examples_rclcpp_cbg_executor
